<?xml version="1.0" encoding="UTF-8" standalone="yes"?><!DOCTYPE report PUBLIC "-//JACOCO//DTD Report 1.0//EN" "report.dtd"><report name="JaCoCoverage analysis (powered by JaCoCo from EclEmma)"><sessioninfo id="caprica-f2178f97" start="1535871537229" dump="1535871539365"/><sessioninfo id="caprica-9d7d81b0" start="1535871539750" dump="1535871540936"/><sessioninfo id="caprica-3bfa4dae" start="1535871541310" dump="1535871543061"/><sessioninfo id="caprica-ccb106de" start="1535871543494" dump="1535871544393"/><sessioninfo id="caprica-1b7c8a2a" start="1535871544797" dump="1535871546118"/><package name="com/mackenziehigh/sexpr/util"><class name="com/mackenziehigh/sexpr/util/StringPrinter"><method name="&lt;init&gt;" desc="(II)V" line="32"><counter type="INSTRUCTION" missed="29" covered="0"/><counter type="BRANCH" missed="4" covered="0"/><counter type="LINE" missed="9" covered="0"/><counter type="COMPLEXITY" missed="3" covered="0"/><counter type="METHOD" missed="1" covered="0"/></method><method name="increment" desc="()Lcom/mackenziehigh/sexpr/util/StringPrinter;" line="64"><counter type="INSTRUCTION" missed="8" covered="0"/><counter type="LINE" missed="2" covered="0"/><counter type="COMPLEXITY" missed="1" covered="0"/><counter type="METHOD" missed="1" covered="0"/></method><method name="decrement" desc="()Lcom/mackenziehigh/sexpr/util/StringPrinter;" line="75"><counter type="INSTRUCTION" missed="8" covered="0"/><counter type="LINE" missed="2" covered="0"/><counter type="COMPLEXITY" missed="1" covered="0"/><counter type="METHOD" missed="1" covered="0"/></method><method name="setIndent" desc="(I)Lcom/mackenziehigh/sexpr/util/StringPrinter;" line="87"><counter type="INSTRUCTION" missed="12" covered="0"/><counter type="BRANCH" missed="2" covered="0"/><counter type="LINE" missed="4" covered="0"/><counter type="COMPLEXITY" missed="2" covered="0"/><counter type="METHOD" missed="1" covered="0"/></method><method name="getIndent" desc="()I" line="103"><counter type="INSTRUCTION" missed="3" covered="0"/><counter type="LINE" missed="1" covered="0"/><counter type="COMPLEXITY" missed="1" covered="0"/><counter type="METHOD" missed="1" covered="0"/></method><method name="print" desc="(Ljava/lang/Object;)Lcom/mackenziehigh/sexpr/util/StringPrinter;" line="114"><counter type="INSTRUCTION" missed="16" covered="0"/><counter type="LINE" missed="2" covered="0"/><counter type="COMPLEXITY" missed="1" covered="0"/><counter type="METHOD" missed="1" covered="0"/></method><method name="println" desc="()Lcom/mackenziehigh/sexpr/util/StringPrinter;" line="125"><counter type="INSTRUCTION" missed="7" covered="0"/><counter type="LINE" missed="2" covered="0"/><counter type="COMPLEXITY" missed="1" covered="0"/><counter type="METHOD" missed="1" covered="0"/></method><method name="println" desc="(Ljava/lang/Object;)Lcom/mackenziehigh/sexpr/util/StringPrinter;" line="137"><counter type="INSTRUCTION" missed="18" covered="0"/><counter type="LINE" missed="2" covered="0"/><counter type="COMPLEXITY" missed="1" covered="0"/><counter type="METHOD" missed="1" covered="0"/></method><method name="printf" desc="(Ljava/lang/String;[Ljava/lang/Object;)Lcom/mackenziehigh/sexpr/util/StringPrinter;" line="151"><counter type="INSTRUCTION" missed="18" covered="0"/><counter type="LINE" missed="2" covered="0"/><counter type="COMPLEXITY" missed="1" covered="0"/><counter type="METHOD" missed="1" covered="0"/></method><method name="printlns" desc="(Ljava/lang/Iterable;)Lcom/mackenziehigh/sexpr/util/StringPrinter;" line="163"><counter type="INSTRUCTION" missed="16" covered="0"/><counter type="BRANCH" missed="2" covered="0"/><counter type="LINE" missed="4" covered="0"/><counter type="COMPLEXITY" missed="2" covered="0"/><counter type="METHOD" missed="1" covered="0"/></method><method name="printList" desc="(Ljava/lang/Iterable;Ljava/lang/String;Ljava/lang/String;Ljava/lang/String;)Lcom/mackenziehigh/sexpr/util/StringPrinter;" line="184"><counter type="INSTRUCTION" missed="68" covered="0"/><counter type="BRANCH" missed="4" covered="0"/><counter type="LINE" missed="18" covered="0"/><counter type="COMPLEXITY" missed="3" covered="0"/><counter type="METHOD" missed="1" covered="0"/></method><method name="output" desc="()Ljava/lang/String;" line="224"><counter type="INSTRUCTION" missed="4" covered="0"/><counter type="LINE" missed="1" covered="0"/><counter type="COMPLEXITY" missed="1" covered="0"/><counter type="METHOD" missed="1" covered="0"/></method><method name="toString" desc="()Ljava/lang/String;" line="233"><counter type="INSTRUCTION" missed="3" covered="0"/><counter type="LINE" missed="1" covered="0"/><counter type="COMPLEXITY" missed="1" covered="0"/><counter type="METHOD" missed="1" covered="0"/></method><method name="repeat" desc="(Ljava/lang/String;I)Ljava/lang/String;" line="239"><counter type="INSTRUCTION" missed="14" covered="0"/><counter type="LINE" missed="3" covered="0"/><counter type="COMPLEXITY" missed="1" covered="0"/><counter type="METHOD" missed="1" covered="0"/></method><method name="lambda$repeat$1" desc="(Ljava/lang/StringBuilder;Ljava/lang/String;I)V" line="240"><counter type="INSTRUCTION" missed="5" covered="0"/><counter type="LINE" missed="1" covered="0"/><counter type="COMPLEXITY" missed="1" covered="0"/><counter type="METHOD" missed="1" covered="0"/></method><method name="lambda$printList$0" desc="(Ljava/util/List;Ljava/lang/Object;)V" line="190"><counter type="INSTRUCTION" missed="5" covered="0"/><counter type="LINE" missed="1" covered="0"/><counter type="COMPLEXITY" missed="1" covered="0"/><counter type="METHOD" missed="1" covered="0"/></method><counter type="INSTRUCTION" missed="234" covered="0"/><counter type="BRANCH" missed="12" covered="0"/><counter type="LINE" missed="53" covered="0"/><counter type="COMPLEXITY" missed="22" covered="0"/><counter type="METHOD" missed="16" covered="0"/><counter type="CLASS" missed="1" covered="0"/></class><class name="com/mackenziehigh/sexpr/util/OutputFile"><method name="&lt;init&gt;" desc="(Ljava/io/File;II)V" line="45"><counter type="INSTRUCTION" missed="17" covered="0"/><counter type="LINE" missed="5" covered="0"/><counter type="COMPLEXITY" missed="1" covered="0"/><counter type="METHOD" missed="1" covered="0"/></method><method name="file" desc="()Ljava/io/File;" line="58"><counter type="INSTRUCTION" missed="3" covered="0"/><counter type="LINE" missed="1" covered="0"/><counter type="COMPLEXITY" missed="1" covered="0"/><counter type="METHOD" missed="1" covered="0"/></method><method name="content" desc="()Lcom/mackenziehigh/sexpr/util/StringPrinter;" line="68"><counter type="INSTRUCTION" missed="3" covered="0"/><counter type="LINE" missed="1" covered="0"/><counter type="COMPLEXITY" missed="1" covered="0"/><counter type="METHOD" missed="1" covered="0"/></method><method name="write" desc="()V" line="79"><counter type="INSTRUCTION" missed="16" covered="0"/><counter type="LINE" missed="3" covered="0"/><counter type="COMPLEXITY" missed="1" covered="0"/><counter type="METHOD" missed="1" covered="0"/></method><method name="toString" desc="()Ljava/lang/String;" line="89"><counter type="INSTRUCTION" missed="4" covered="0"/><counter type="LINE" missed="1" covered="0"/><counter type="COMPLEXITY" missed="1" covered="0"/><counter type="METHOD" missed="1" covered="0"/></method><counter type="INSTRUCTION" missed="43" covered="0"/><counter type="LINE" missed="11" covered="0"/><counter type="COMPLEXITY" missed="5" covered="0"/><counter type="METHOD" missed="5" covered="0"/><counter type="CLASS" missed="1" covered="0"/></class><class name="com/mackenziehigh/sexpr/util/BuilderStack"><method name="&lt;init&gt;" desc="()V" line="28"><counter type="INSTRUCTION" missed="0" covered="9"/><counter type="LINE" missed="0" covered="2"/><counter type="COMPLEXITY" missed="0" covered="1"/><counter type="METHOD" missed="0" covered="1"/></method><method name="begin" desc="()V" line="44"><counter type="INSTRUCTION" missed="0" covered="5"/><counter type="LINE" missed="0" covered="2"/><counter type="COMPLEXITY" missed="0" covered="1"/><counter type="METHOD" missed="0" covered="1"/></method><method name="end" desc="()V" line="58"><counter type="INSTRUCTION" missed="5" covered="30"/><counter type="BRANCH" missed="2" covered="4"/><counter type="LINE" missed="1" covered="8"/><counter type="COMPLEXITY" missed="2" covered="2"/><counter type="METHOD" missed="0" covered="1"/></method><counter type="INSTRUCTION" missed="5" covered="44"/><counter type="BRANCH" missed="2" covered="4"/><counter type="LINE" missed="1" covered="12"/><counter type="COMPLEXITY" missed="2" covered="4"/><counter type="METHOD" missed="0" covered="3"/><counter type="CLASS" missed="0" covered="1"/></class><sourcefile name="BuilderStack.java"><line nr="28" mi="0" ci="2" mb="0" cb="0"/><line nr="31" mi="0" ci="7" mb="0" cb="0"/><line nr="44" mi="0" ci="4" mb="0" cb="0"/><line nr="45" mi="0" ci="1" mb="0" cb="0"/><line nr="58" mi="0" ci="4" mb="0" cb="0"/><line nr="60" mi="0" ci="8" mb="1" cb="3"/><line nr="62" mi="0" ci="5" mb="0" cb="0"/><line nr="65" mi="0" ci="3" mb="1" cb="1"/><line nr="67" mi="5" ci="0" mb="0" cb="0"/><line nr="71" mi="0" ci="3" mb="0" cb="0"/><line nr="73" mi="0" ci="3" mb="0" cb="0"/><line nr="74" mi="0" ci="3" mb="0" cb="0"/><line nr="75" mi="0" ci="1" mb="0" cb="0"/><counter type="INSTRUCTION" missed="5" covered="44"/><counter type="BRANCH" missed="2" covered="4"/><counter type="LINE" missed="1" covered="12"/><counter type="COMPLEXITY" missed="2" covered="4"/><counter type="METHOD" missed="0" covered="3"/><counter type="CLASS" missed="0" covered="1"/></sourcefile><sourcefile name="OutputFile.java"><line nr="45" mi="2" ci="0" mb="0" cb="0"/><line nr="46" mi="4" ci="0" mb="0" cb="0"/><line nr="47" mi="3" ci="0" mb="0" cb="0"/><line nr="48" mi="7" ci="0" mb="0" cb="0"/><line nr="49" mi="1" ci="0" mb="0" cb="0"/><line nr="58" mi="3" ci="0" mb="0" cb="0"/><line nr="68" mi="3" ci="0" mb="0" cb="0"/><line nr="79" mi="7" ci="0" mb="0" cb="0"/><line nr="80" mi="8" ci="0" mb="0" cb="0"/><line nr="81" mi="1" ci="0" mb="0" cb="0"/><line nr="89" mi="4" ci="0" mb="0" cb="0"/><counter type="INSTRUCTION" missed="43" covered="0"/><counter type="LINE" missed="11" covered="0"/><counter type="COMPLEXITY" missed="5" covered="0"/><counter type="METHOD" missed="5" covered="0"/><counter type="CLASS" missed="1" covered="0"/></sourcefile><sourcefile name="StringPrinter.java"><line nr="32" mi="3" ci="0" mb="0" cb="0"/><line nr="42" mi="2" ci="0" mb="0" cb="0"/><line nr="43" mi="2" ci="0" mb="2" cb="0"/><line nr="45" mi="5" ci="0" mb="0" cb="0"/><line nr="48" mi="2" ci="0" mb="2" cb="0"/><line nr="50" mi="5" ci="0" mb="0" cb="0"/><line nr="53" mi="6" ci="0" mb="0" cb="0"/><line nr="54" mi="3" ci="0" mb="0" cb="0"/><line nr="55" mi="1" ci="0" mb="0" cb="0"/><line nr="64" mi="6" ci="0" mb="0" cb="0"/><line nr="65" mi="2" ci="0" mb="0" cb="0"/><line nr="75" mi="6" ci="0" mb="0" cb="0"/><line nr="76" mi="2" ci="0" mb="0" cb="0"/><line nr="87" mi="2" ci="0" mb="2" cb="0"/><line nr="89" mi="5" ci="0" mb="0" cb="0"/><line nr="92" mi="3" ci="0" mb="0" cb="0"/><line nr="93" mi="2" ci="0" mb="0" cb="0"/><line nr="103" mi="3" ci="0" mb="0" cb="0"/><line nr="114" mi="14" ci="0" mb="0" cb="0"/><line nr="115" mi="2" ci="0" mb="0" cb="0"/><line nr="125" mi="5" ci="0" mb="0" cb="0"/><line nr="126" mi="2" ci="0" mb="0" cb="0"/><line nr="137" mi="16" ci="0" mb="0" cb="0"/><line nr="138" mi="2" ci="0" mb="0" cb="0"/><line nr="151" mi="16" ci="0" mb="0" cb="0"/><line nr="152" mi="2" ci="0" mb="0" cb="0"/><line nr="163" mi="9" ci="0" mb="2" cb="0"/><line nr="165" mi="4" ci="0" mb="0" cb="0"/><line nr="166" mi="1" ci="0" mb="0" cb="0"/><line nr="167" mi="2" ci="0" mb="0" cb="0"/><line nr="184" mi="4" ci="0" mb="0" cb="0"/><line nr="185" mi="4" ci="0" mb="0" cb="0"/><line nr="186" mi="4" ci="0" mb="0" cb="0"/><line nr="187" mi="4" ci="0" mb="0" cb="0"/><line nr="189" mi="4" ci="0" mb="0" cb="0"/><line nr="190" mi="9" ci="0" mb="0" cb="0"/><line nr="192" mi="4" ci="0" mb="0" cb="0"/><line nr="194" mi="4" ci="0" mb="0" cb="0"/><line nr="196" mi="2" ci="0" mb="0" cb="0"/><line nr="198" mi="9" ci="0" mb="2" cb="0"/><line nr="200" mi="1" ci="0" mb="0" cb="0"/><line nr="202" mi="4" ci="0" mb="0" cb="0"/><line nr="204" mi="4" ci="0" mb="2" cb="0"/><line nr="206" mi="4" ci="0" mb="0" cb="0"/><line nr="208" mi="1" ci="0" mb="0" cb="0"/><line nr="210" mi="4" ci="0" mb="0" cb="0"/><line nr="212" mi="5" ci="0" mb="0" cb="0"/><line nr="214" mi="2" ci="0" mb="0" cb="0"/><line nr="224" mi="4" ci="0" mb="0" cb="0"/><line nr="233" mi="3" ci="0" mb="0" cb="0"/><line nr="239" mi="4" ci="0" mb="0" cb="0"/><line nr="240" mi="12" ci="0" mb="0" cb="0"/><line nr="241" mi="3" ci="0" mb="0" cb="0"/><counter type="INSTRUCTION" missed="234" covered="0"/><counter type="BRANCH" missed="12" covered="0"/><counter type="LINE" missed="53" covered="0"/><counter type="COMPLEXITY" missed="22" covered="0"/><counter type="METHOD" missed="16" covered="0"/><counter type="CLASS" missed="1" covered="0"/></sourcefile><counter type="INSTRUCTION" missed="282" covered="44"/><counter type="BRANCH" missed="14" covered="4"/><counter type="LINE" missed="65" covered="12"/><counter type="COMPLEXITY" missed="29" covered="4"/><counter type="METHOD" missed="21" covered="3"/><counter type="CLASS" missed="2" covered="1"/></package><package name="com/mackenziehigh/sexpr/internal/schema"><class name="com/mackenziehigh/sexpr/internal/schema/Schema"><method name="&lt;init&gt;" desc="()V" line="245"><counter type="INSTRUCTION" missed="0" covered="135"/><counter type="LINE" missed="0" covered="22"/><counter type="COMPLEXITY" missed="0" covered="1"/><counter type="METHOD" missed="0" covered="1"/></method><method name="setFailureHandler" desc="(Ljava/util/function/Consumer;)V" line="321"><counter type="INSTRUCTION" missed="0" covered="8"/><counter type="LINE" missed="0" covered="3"/><counter type="COMPLEXITY" missed="0" covered="1"/><counter type="METHOD" missed="0" covered="1"/></method><method name="define" desc="(Lcom/mackenziehigh/sexpr/internal/schema/Schema$Rule;)Lcom/mackenziehigh/sexpr/internal/schema/Schema$Rule;" line="333"><counter type="INSTRUCTION" missed="0" covered="13"/><counter type="LINE" missed="0" covered="3"/><counter type="COMPLEXITY" missed="0" covered="1"/><counter type="METHOD" missed="0" covered="1"/></method><method name="defineRoot" desc="(Ljava/lang/String;)V" line="345"><counter type="INSTRUCTION" missed="0" covered="13"/><counter type="LINE" missed="0" covered="4"/><counter type="COMPLEXITY" missed="0" covered="1"/><counter type="METHOD" missed="0" covered="1"/></method><method name="defineCondition" desc="(Ljava/lang/String;Ljava/util/function/Predicate;)V" line="359"><counter type="INSTRUCTION" missed="0" covered="15"/><counter type="LINE" missed="0" covered="4"/><counter type="COMPLEXITY" missed="0" covered="1"/><counter type="METHOD" missed="0" covered="1"/></method><method name="defineNamedRule" desc="(Ljava/lang/String;Ljava/lang/String;)Lcom/mackenziehigh/sexpr/internal/schema/Schema$Rule;" line="374"><counter type="INSTRUCTION" missed="0" covered="46"/><counter type="BRANCH" missed="0" covered="2"/><counter type="LINE" missed="0" covered="8"/><counter type="COMPLEXITY" missed="0" covered="2"/><counter type="METHOD" missed="0" covered="1"/></method><method name="defineReference" desc="(Ljava/lang/String;)Lcom/mackenziehigh/sexpr/internal/schema/Schema$Rule;" line="420"><counter type="INSTRUCTION" missed="0" covered="19"/><counter type="LINE" missed="0" covered="4"/><counter type="COMPLEXITY" missed="0" covered="1"/><counter type="METHOD" missed="0" covered="1"/></method><method name="defineAndRule" desc="(Ljava/util/List;)Lcom/mackenziehigh/sexpr/internal/schema/Schema$Rule;" line="451"><counter type="INSTRUCTION" missed="0" covered="22"/><counter type="LINE" missed="0" covered="5"/><counter type="COMPLEXITY" missed="0" covered="1"/><counter type="METHOD" missed="0" covered="1"/></method><method name="defineOrRule" desc="(Ljava/util/List;)Lcom/mackenziehigh/sexpr/internal/schema/Schema$Rule;" line="480"><counter type="INSTRUCTION" missed="0" covered="22"/><counter type="LINE" missed="0" covered="5"/><counter type="COMPLEXITY" missed="0" covered="1"/><counter type="METHOD" missed="0" covered="1"/></method><method name="defineNotRule" desc="(Ljava/lang/String;)Lcom/mackenziehigh/sexpr/internal/schema/Schema$Rule;" line="509"><counter type="INSTRUCTION" missed="0" covered="19"/><counter type="LINE" missed="0" covered="4"/><counter type="COMPLEXITY" missed="0" covered="1"/><counter type="METHOD" missed="0" covered="1"/></method><method name="defineSequenceRule" desc="(Ljava/util/List;)Lcom/mackenziehigh/sexpr/internal/schema/Schema$Rule;" line="537"><counter type="INSTRUCTION" missed="0" covered="59"/><counter type="BRANCH" missed="0" covered="4"/><counter type="LINE" missed="0" covered="12"/><counter type="COMPLEXITY" missed="0" covered="3"/><counter type="METHOD" missed="0" covered="1"/></method><method name="sequenceMatch" desc="(Lcom/mackenziehigh/sexpr/internal/schema/Schema$Rule;Ljava/util/List;Lcom/mackenziehigh/sexpr/internal/schema/Schema$MatchState;Lcom/mackenziehigh/sexpr/Sexpr;)Lcom/mackenziehigh/sexpr/internal/schema/MatchNode;" line="571"><counter type="INSTRUCTION" missed="8" covered="122"/><counter type="BRANCH" missed="2" covered="16"/><counter type="LINE" missed="2" covered="28"/><counter type="COMPLEXITY" missed="2" covered="8"/><counter type="METHOD" missed="0" covered="1"/></method><method name="defineRegexRule" desc="(Ljava/lang/String;)Lcom/mackenziehigh/sexpr/internal/schema/Schema$Rule;" line="669"><counter type="INSTRUCTION" missed="0" covered="9"/><counter type="LINE" missed="0" covered="2"/><counter type="COMPLEXITY" missed="0" covered="1"/><counter type="METHOD" missed="0" covered="1"/></method><method name="defineConstantRule" desc="(Ljava/lang/String;)Lcom/mackenziehigh/sexpr/internal/schema/Schema$Rule;" line="683"><counter type="INSTRUCTION" missed="0" covered="9"/><counter type="LINE" missed="0" covered="2"/><counter type="COMPLEXITY" missed="0" covered="1"/><counter type="METHOD" missed="0" covered="1"/></method><method name="definePredicateRule" desc="(Ljava/lang/String;)Lcom/mackenziehigh/sexpr/internal/schema/Schema$Rule;" line="697"><counter type="INSTRUCTION" missed="0" covered="10"/><counter type="LINE" missed="0" covered="2"/><counter type="COMPLEXITY" missed="0" covered="1"/><counter type="METHOD" missed="0" covered="1"/></method><method name="defineRuleByPredicate" desc="(Ljava/util/function/Predicate;)Lcom/mackenziehigh/sexpr/internal/schema/Schema$Rule;" line="711"><counter type="INSTRUCTION" missed="0" covered="14"/><counter type="LINE" missed="0" covered="3"/><counter type="COMPLEXITY" missed="0" covered="1"/><counter type="METHOD" missed="0" covered="1"/></method><method name="definePass" desc="(Ljava/lang/String;)V" line="741"><counter type="INSTRUCTION" missed="0" covered="10"/><counter type="LINE" missed="0" covered="3"/><counter type="COMPLEXITY" missed="0" covered="1"/><counter type="METHOD" missed="0" covered="1"/></method><method name="defineBeforeAction" desc="(Ljava/lang/String;Ljava/lang/String;Ljava/util/function/Consumer;)V" line="749"><counter type="INSTRUCTION" missed="0" covered="56"/><counter type="BRANCH" missed="1" covered="3"/><counter type="LINE" missed="0" covered="9"/><counter type="COMPLEXITY" missed="1" covered="2"/><counter type="METHOD" missed="0" covered="1"/></method><method name="defineAfterAction" desc="(Ljava/lang/String;Ljava/lang/String;Ljava/util/function/Consumer;)V" line="770"><counter type="INSTRUCTION" missed="0" covered="56"/><counter type="BRANCH" missed="1" covered="3"/><counter type="LINE" missed="0" covered="9"/><counter type="COMPLEXITY" missed="1" covered="2"/><counter type="METHOD" missed="0" covered="1"/></method><method name="defineViaReflection" desc="(Ljava/lang/Object;)V" line="795"><counter type="INSTRUCTION" missed="0" covered="49"/><counter type="BRANCH" missed="0" covered="8"/><counter type="LINE" missed="0" covered="9"/><counter type="COMPLEXITY" missed="0" covered="5"/><counter type="METHOD" missed="0" covered="1"/></method><method name="getDefaultPass" desc="(Ljava/lang/Object;)Ljava/util/Optional;" line="818"><counter type="INSTRUCTION" missed="0" covered="17"/><counter type="BRANCH" missed="0" covered="2"/><counter type="LINE" missed="0" covered="4"/><counter type="COMPLEXITY" missed="0" covered="2"/><counter type="METHOD" missed="0" covered="1"/></method><method name="getPass" desc="(Ljava/util/Optional;Ljava/lang/reflect/Method;)Ljava/lang/String;" line="832"><counter type="INSTRUCTION" missed="5" covered="19"/><counter type="BRANCH" missed="1" covered="3"/><counter type="LINE" missed="1" covered="5"/><counter type="COMPLEXITY" missed="1" covered="2"/><counter type="METHOD" missed="0" covered="1"/></method><method name="defineConditionViaReflection" desc="(Ljava/lang/Object;Ljava/lang/reflect/Method;)V" line="853"><counter type="INSTRUCTION" missed="0" covered="161"/><counter type="BRANCH" missed="0" covered="12"/><counter type="LINE" missed="0" covered="34"/><counter type="COMPLEXITY" missed="0" covered="7"/><counter type="METHOD" missed="0" covered="1"/></method><method name="defineBeforeActionByReflection" desc="(Ljava/util/Optional;Ljava/lang/Object;Ljava/lang/reflect/Method;)V" line="920"><counter type="INSTRUCTION" missed="0" covered="169"/><counter type="BRANCH" missed="0" covered="12"/><counter type="LINE" missed="0" covered="35"/><counter type="COMPLEXITY" missed="0" covered="7"/><counter type="METHOD" missed="0" covered="1"/></method><method name="defineAfterActionByReflection" desc="(Ljava/util/Optional;Ljava/lang/Object;Ljava/lang/reflect/Method;)V" line="992"><counter type="INSTRUCTION" missed="0" covered="169"/><counter type="BRANCH" missed="0" covered="12"/><counter type="LINE" missed="0" covered="35"/><counter type="COMPLEXITY" missed="0" covered="7"/><counter type="METHOD" missed="0" covered="1"/></method><method name="createInvocation" desc="(Ljava/lang/Object;Ljava/lang/reflect/Method;)Ljava/util/function/Function;" line="1060"><counter type="INSTRUCTION" missed="0" covered="6"/><counter type="LINE" missed="0" covered="2"/><counter type="COMPLEXITY" missed="0" covered="1"/><counter type="METHOD" missed="0" covered="1"/></method><method name="match" desc="(Lcom/mackenziehigh/sexpr/Sexpr;)Z" line="1084"><counter type="INSTRUCTION" missed="0" covered="38"/><counter type="BRANCH" missed="0" covered="2"/><counter type="LINE" missed="0" covered="10"/><counter type="COMPLEXITY" missed="0" covered="2"/><counter type="METHOD" missed="0" covered="1"/></method><method name="validate" desc="()V" line="1116"><counter type="INSTRUCTION" missed="0" covered="7"/><counter type="LINE" missed="0" covered="4"/><counter type="COMPLEXITY" missed="0" covered="1"/><counter type="METHOD" missed="0" covered="1"/></method><method name="requireRoot" desc="()V" line="1123"><counter type="INSTRUCTION" missed="5" covered="7"/><counter type="BRANCH" missed="1" covered="1"/><counter type="LINE" missed="1" covered="2"/><counter type="COMPLEXITY" missed="1" covered="1"/><counter type="METHOD" missed="0" covered="1"/></method><method name="checkForUndefinedRules" desc="()V" line="1134"><counter type="INSTRUCTION" missed="21" covered="23"/><counter type="BRANCH" missed="1" covered="1"/><counter type="LINE" missed="3" covered="6"/><counter type="COMPLEXITY" missed="1" covered="1"/><counter type="METHOD" missed="0" covered="1"/></method><method name="checkForUndeclaredPasses" desc="()V" line="1152"><counter type="INSTRUCTION" missed="0" covered="61"/><counter type="BRANCH" missed="0" covered="8"/><counter type="LINE" missed="0" covered="9"/><counter type="COMPLEXITY" missed="0" covered="5"/><counter type="METHOD" missed="0" covered="1"/></method><method name="executeActions" desc="(Lcom/mackenziehigh/sexpr/internal/schema/MatchNode;)V" line="1180"><counter type="INSTRUCTION" missed="0" covered="7"/><counter type="LINE" missed="0" covered="2"/><counter type="COMPLEXITY" missed="0" covered="1"/><counter type="METHOD" missed="0" covered="1"/></method><method name="executeActions" desc="(Ljava/lang/String;Lcom/mackenziehigh/sexpr/internal/schema/MatchNode;)V" line="1186"><counter type="INSTRUCTION" missed="0" covered="67"/><counter type="BRANCH" missed="0" covered="8"/><counter type="LINE" missed="0" covered="8"/><counter type="COMPLEXITY" missed="0" covered="5"/><counter type="METHOD" missed="0" covered="1"/></method><method name="lambda$executeActions$35" desc="(Lcom/mackenziehigh/sexpr/internal/schema/MatchNode;Ljava/util/function/Consumer;)V" line="1197"><counter type="INSTRUCTION" missed="0" covered="5"/><counter type="LINE" missed="0" covered="1"/><counter type="COMPLEXITY" missed="0" covered="1"/><counter type="METHOD" missed="0" covered="1"/></method><method name="lambda$executeActions$34" desc="(Ljava/lang/String;Lcom/mackenziehigh/sexpr/internal/schema/MatchNode;)V" line="1192"><counter type="INSTRUCTION" missed="0" covered="5"/><counter type="LINE" missed="0" covered="1"/><counter type="COMPLEXITY" missed="0" covered="1"/><counter type="METHOD" missed="0" covered="1"/></method><method name="lambda$executeActions$33" desc="(Lcom/mackenziehigh/sexpr/internal/schema/MatchNode;Ljava/util/function/Consumer;)V" line="1189"><counter type="INSTRUCTION" missed="0" covered="5"/><counter type="LINE" missed="0" covered="1"/><counter type="COMPLEXITY" missed="0" covered="1"/><counter type="METHOD" missed="0" covered="1"/></method><method name="lambda$executeActions$32" desc="(Lcom/mackenziehigh/sexpr/internal/schema/MatchNode;Ljava/lang/String;)V" line="1180"><counter type="INSTRUCTION" missed="0" covered="5"/><counter type="LINE" missed="0" covered="1"/><counter type="COMPLEXITY" missed="0" covered="1"/><counter type="METHOD" missed="0" covered="1"/></method><method name="lambda$checkForUndefinedRules$31" desc="(Ljava/lang/String;)Lcom/mackenziehigh/sexpr/SAtom;" line="1141"><counter type="INSTRUCTION" missed="5" covered="0"/><counter type="LINE" missed="1" covered="0"/><counter type="COMPLEXITY" missed="1" covered="0"/><counter type="METHOD" missed="1" covered="0"/></method><method name="lambda$createInvocation$30" desc="(Ljava/lang/reflect/Method;Ljava/lang/Object;Ljava/lang/Object;)Ljava/lang/Object;" line="1064"><counter type="INSTRUCTION" missed="8" covered="13"/><counter type="LINE" missed="2" covered="2"/><counter type="COMPLEXITY" missed="0" covered="1"/><counter type="METHOD" missed="0" covered="1"/></method><method name="lambda$defineAfterActionByReflection$29" desc="(Ljava/util/function/Function;Lcom/mackenziehigh/sexpr/Sexpr;)V" line="1043"><counter type="INSTRUCTION" missed="0" covered="6"/><counter type="LINE" missed="0" covered="1"/><counter type="COMPLEXITY" missed="0" covered="1"/><counter type="METHOD" missed="0" covered="1"/></method><method name="lambda$defineAfterActionByReflection$28" desc="(Ljava/util/function/Function;Lcom/mackenziehigh/sexpr/Sexpr;)V" line="1037"><counter type="INSTRUCTION" missed="0" covered="6"/><counter type="LINE" missed="0" covered="1"/><counter type="COMPLEXITY" missed="0" covered="1"/><counter type="METHOD" missed="0" covered="1"/></method><method name="lambda$defineAfterActionByReflection$27" desc="(Ljava/util/function/Function;Lcom/mackenziehigh/sexpr/Sexpr;)V" line="1031"><counter type="INSTRUCTION" missed="0" covered="5"/><counter type="LINE" missed="0" covered="1"/><counter type="COMPLEXITY" missed="0" covered="1"/><counter type="METHOD" missed="0" covered="1"/></method><method name="lambda$defineBeforeActionByReflection$26" desc="(Ljava/util/function/Function;Lcom/mackenziehigh/sexpr/Sexpr;)V" line="971"><counter type="INSTRUCTION" missed="0" covered="6"/><counter type="LINE" missed="0" covered="1"/><counter type="COMPLEXITY" missed="0" covered="1"/><counter type="METHOD" missed="0" covered="1"/></method><method name="lambda$defineBeforeActionByReflection$25" desc="(Ljava/util/function/Function;Lcom/mackenziehigh/sexpr/Sexpr;)V" line="965"><counter type="INSTRUCTION" missed="0" covered="6"/><counter type="LINE" missed="0" covered="1"/><counter type="COMPLEXITY" missed="0" covered="1"/><counter type="METHOD" missed="0" covered="1"/></method><method name="lambda$defineBeforeActionByReflection$24" desc="(Ljava/util/function/Function;Lcom/mackenziehigh/sexpr/Sexpr;)V" line="959"><counter type="INSTRUCTION" missed="0" covered="5"/><counter type="LINE" missed="0" covered="1"/><counter type="COMPLEXITY" missed="0" covered="1"/><counter type="METHOD" missed="0" covered="1"/></method><method name="lambda$defineConditionViaReflection$23" desc="(Ljava/util/function/Function;Lcom/mackenziehigh/sexpr/Sexpr;)Z" line="899"><counter type="INSTRUCTION" missed="0" covered="12"/><counter type="BRANCH" missed="0" covered="2"/><counter type="LINE" missed="0" covered="1"/><counter type="COMPLEXITY" missed="0" covered="2"/><counter type="METHOD" missed="0" covered="1"/></method><method name="lambda$defineConditionViaReflection$22" desc="(Ljava/util/function/Function;Lcom/mackenziehigh/sexpr/Sexpr;)Z" line="893"><counter type="INSTRUCTION" missed="0" covered="12"/><counter type="BRANCH" missed="0" covered="2"/><counter type="LINE" missed="0" covered="1"/><counter type="COMPLEXITY" missed="0" covered="2"/><counter type="METHOD" missed="0" covered="1"/></method><method name="lambda$defineConditionViaReflection$21" desc="(Ljava/util/function/Function;Lcom/mackenziehigh/sexpr/Sexpr;)Z" line="887"><counter type="INSTRUCTION" missed="0" covered="6"/><counter type="LINE" missed="0" covered="1"/><counter type="COMPLEXITY" missed="0" covered="1"/><counter type="METHOD" missed="0" covered="1"/></method><method name="lambda$definePredicateRule$20" desc="(Ljava/lang/String;Lcom/mackenziehigh/sexpr/Sexpr;)Z" line="699"><counter type="INSTRUCTION" missed="0" covered="10"/><counter type="LINE" missed="0" covered="1"/><counter type="COMPLEXITY" missed="0" covered="1"/><counter type="METHOD" missed="0" covered="1"/></method><method name="lambda$defineConstantRule$19" desc="(Ljava/lang/String;Lcom/mackenziehigh/sexpr/Sexpr;)Z" line="685"><counter type="INSTRUCTION" missed="1" covered="12"/><counter type="BRANCH" missed="2" covered="2"/><counter type="LINE" missed="0" covered="1"/><counter type="COMPLEXITY" missed="2" covered="1"/><counter type="METHOD" missed="0" covered="1"/></method><method name="lambda$defineRegexRule$18" desc="(Ljava/lang/String;Lcom/mackenziehigh/sexpr/Sexpr;)Z" line="671"><counter type="INSTRUCTION" missed="0" covered="13"/><counter type="BRANCH" missed="1" covered="3"/><counter type="LINE" missed="0" covered="1"/><counter type="COMPLEXITY" missed="1" covered="2"/><counter type="METHOD" missed="0" covered="1"/></method><method name="lambda$sequenceMatch$17" desc="(Lcom/mackenziehigh/sexpr/internal/schema/Schema$SequenceElement;)V" line="573"><counter type="INSTRUCTION" missed="0" covered="6"/><counter type="LINE" missed="0" covered="1"/><counter type="COMPLEXITY" missed="0" covered="1"/><counter type="METHOD" missed="0" covered="1"/></method><method name="lambda$defineSequenceRule$16" desc="(Lcom/mackenziehigh/sexpr/internal/schema/Schema$SequenceElement;)V" line="551"><counter type="INSTRUCTION" missed="0" covered="7"/><counter type="LINE" missed="0" covered="1"/><counter type="COMPLEXITY" missed="0" covered="1"/><counter type="METHOD" missed="0" covered="1"/></method><method name="lambda$defineSequenceRule$15" desc="(Lcom/mackenziehigh/sexpr/internal/schema/Schema$SequenceElement;)V" line="538"><counter type="INSTRUCTION" missed="0" covered="6"/><counter type="LINE" missed="0" covered="1"/><counter type="COMPLEXITY" missed="0" covered="1"/><counter type="METHOD" missed="0" covered="1"/></method><method name="lambda$defineOrRule$14" desc="(Ljava/lang/String;)V" line="481"><counter type="INSTRUCTION" missed="0" covered="6"/><counter type="LINE" missed="0" covered="1"/><counter type="COMPLEXITY" missed="0" covered="1"/><counter type="METHOD" missed="0" covered="1"/></method><method name="lambda$defineAndRule$13" desc="(Ljava/lang/String;)V" line="452"><counter type="INSTRUCTION" missed="0" covered="6"/><counter type="LINE" missed="0" covered="1"/><counter type="COMPLEXITY" missed="0" covered="1"/><counter type="METHOD" missed="0" covered="1"/></method><method name="lambda$new$12" desc="(Lcom/mackenziehigh/sexpr/Sexpr;)Z" line="311"><counter type="INSTRUCTION" missed="3" covered="0"/><counter type="LINE" missed="1" covered="0"/><counter type="COMPLEXITY" missed="1" covered="0"/><counter type="METHOD" missed="1" covered="0"/></method><method name="lambda$new$11" desc="(Lcom/mackenziehigh/sexpr/Sexpr;)Z" line="310"><counter type="INSTRUCTION" missed="3" covered="0"/><counter type="LINE" missed="1" covered="0"/><counter type="COMPLEXITY" missed="1" covered="0"/><counter type="METHOD" missed="1" covered="0"/></method><method name="lambda$new$10" desc="(Lcom/mackenziehigh/sexpr/Sexpr;)Z" line="309"><counter type="INSTRUCTION" missed="12" covered="0"/><counter type="BRANCH" missed="4" covered="0"/><counter type="LINE" missed="1" covered="0"/><counter type="COMPLEXITY" missed="3" covered="0"/><counter type="METHOD" missed="1" covered="0"/></method><method name="lambda$new$9" desc="(Lcom/mackenziehigh/sexpr/Sexpr;)Z" line="308"><counter type="INSTRUCTION" missed="12" covered="0"/><counter type="BRANCH" missed="4" covered="0"/><counter type="LINE" missed="1" covered="0"/><counter type="COMPLEXITY" missed="3" covered="0"/><counter type="METHOD" missed="1" covered="0"/></method><method name="lambda$new$8" desc="(Lcom/mackenziehigh/sexpr/Sexpr;)Z" line="307"><counter type="INSTRUCTION" missed="12" covered="0"/><counter type="BRANCH" missed="4" covered="0"/><counter type="LINE" missed="1" covered="0"/><counter type="COMPLEXITY" missed="3" covered="0"/><counter type="METHOD" missed="1" covered="0"/></method><method name="lambda$new$7" desc="(Lcom/mackenziehigh/sexpr/Sexpr;)Z" line="306"><counter type="INSTRUCTION" missed="0" covered="12"/><counter type="BRANCH" missed="1" covered="3"/><counter type="LINE" missed="0" covered="1"/><counter type="COMPLEXITY" missed="1" covered="2"/><counter type="METHOD" missed="0" covered="1"/></method><method name="lambda$new$6" desc="(Lcom/mackenziehigh/sexpr/Sexpr;)Z" line="305"><counter type="INSTRUCTION" missed="0" covered="12"/><counter type="BRANCH" missed="1" covered="3"/><counter type="LINE" missed="0" covered="1"/><counter type="COMPLEXITY" missed="1" covered="2"/><counter type="METHOD" missed="0" covered="1"/></method><method name="lambda$new$5" desc="(Lcom/mackenziehigh/sexpr/Sexpr;)Z" line="304"><counter type="INSTRUCTION" missed="0" covered="12"/><counter type="BRANCH" missed="1" covered="3"/><counter type="LINE" missed="0" covered="1"/><counter type="COMPLEXITY" missed="1" covered="2"/><counter type="METHOD" missed="0" covered="1"/></method><method name="lambda$new$4" desc="(Lcom/mackenziehigh/sexpr/Sexpr;)Z" line="303"><counter type="INSTRUCTION" missed="0" covered="12"/><counter type="BRANCH" missed="1" covered="3"/><counter type="LINE" missed="0" covered="1"/><counter type="COMPLEXITY" missed="1" covered="2"/><counter type="METHOD" missed="0" covered="1"/></method><method name="lambda$new$3" desc="(Lcom/mackenziehigh/sexpr/Sexpr;)Z" line="302"><counter type="INSTRUCTION" missed="12" covered="0"/><counter type="BRANCH" missed="4" covered="0"/><counter type="LINE" missed="1" covered="0"/><counter type="COMPLEXITY" missed="3" covered="0"/><counter type="METHOD" missed="1" covered="0"/></method><method name="lambda$new$2" desc="(Lcom/mackenziehigh/sexpr/Sexpr;)Z" line="301"><counter type="INSTRUCTION" missed="0" covered="12"/><counter type="BRANCH" missed="1" covered="3"/><counter type="LINE" missed="0" covered="1"/><counter type="COMPLEXITY" missed="1" covered="2"/><counter type="METHOD" missed="0" covered="1"/></method><method name="lambda$new$1" desc="(Lcom/mackenziehigh/sexpr/Sexpr;)Z" line="300"><counter type="INSTRUCTION" missed="2" covered="0"/><counter type="LINE" missed="1" covered="0"/><counter type="COMPLEXITY" missed="1" covered="0"/><counter type="METHOD" missed="1" covered="0"/></method><method name="lambda$new$0" desc="(Ljava/util/Optional;)V" line="248"><counter type="INSTRUCTION" missed="0" covered="1"/><counter type="LINE" missed="0" covered="1"/><counter type="COMPLEXITY" missed="0" covered="1"/><counter type="METHOD" missed="0" covered="1"/></method><method name="&lt;clinit&gt;" desc="()V" line="53"><counter type="INSTRUCTION" missed="0" covered="3"/><counter type="LINE" missed="0" covered="1"/><counter type="COMPLEXITY" missed="0" covered="1"/><counter type="METHOD" missed="0" covered="1"/></method><counter type="INSTRUCTION" missed="109" covered="1684"/><counter type="BRANCH" missed="31" covered="121"/><counter type="LINE" missed="9" covered="301"/><counter type="COMPLEXITY" missed="31" covered="115"/><counter type="METHOD" missed="8" covered="62"/><counter type="CLASS" missed="0" covered="1"/></class><class name="com/mackenziehigh/sexpr/internal/schema/Schema$6"><method name="&lt;init&gt;" desc="(Lcom/mackenziehigh/sexpr/internal/schema/Schema;Ljava/util/List;)V" line="554"><counter type="INSTRUCTION" missed="0" covered="10"/><counter type="LINE" missed="0" covered="1"/><counter type="COMPLEXITY" missed="0" covered="1"/><counter type="METHOD" missed="0" covered="1"/></method><method name="match" desc="(Lcom/mackenziehigh/sexpr/internal/schema/Schema$MatchState;Lcom/mackenziehigh/sexpr/Sexpr;)Lcom/mackenziehigh/sexpr/internal/schema/MatchNode;" line="559"><counter type="INSTRUCTION" missed="0" covered="9"/><counter type="LINE" missed="0" covered="1"/><counter type="COMPLEXITY" missed="0" covered="1"/><counter type="METHOD" missed="0" covered="1"/></method><counter type="INSTRUCTION" missed="0" covered="19"/><counter type="LINE" missed="0" covered="2"/><counter type="COMPLEXITY" missed="0" covered="2"/><counter type="METHOD" missed="0" covered="2"/><counter type="CLASS" missed="0" covered="1"/></class><class name="com/mackenziehigh/sexpr/internal/schema/Schema$7"><method name="&lt;init&gt;" desc="(Lcom/mackenziehigh/sexpr/internal/schema/Schema;Ljava/util/function/Predicate;)V" line="714"><counter type="INSTRUCTION" missed="0" covered="10"/><counter type="LINE" missed="0" covered="1"/><counter type="COMPLEXITY" missed="0" covered="1"/><counter type="METHOD" missed="0" covered="1"/></method><method name="match" desc="(Lcom/mackenziehigh/sexpr/internal/schema/Schema$MatchState;Lcom/mackenziehigh/sexpr/Sexpr;)Lcom/mackenziehigh/sexpr/internal/schema/MatchNode;" line="719"><counter type="INSTRUCTION" missed="0" covered="19"/><counter type="BRANCH" missed="0" covered="2"/><counter type="LINE" missed="0" covered="3"/><counter type="COMPLEXITY" missed="0" covered="2"/><counter type="METHOD" missed="0" covered="1"/></method><counter type="INSTRUCTION" missed="0" covered="29"/><counter type="BRANCH" missed="0" covered="2"/><counter type="LINE" missed="0" covered="4"/><counter type="COMPLEXITY" missed="0" covered="3"/><counter type="METHOD" missed="0" covered="2"/><counter type="CLASS" missed="0" covered="1"/></class><class name="com/mackenziehigh/sexpr/internal/schema/SchemaParser$3"><method name="&lt;init&gt;" desc="(Lcom/mackenziehigh/sexpr/internal/schema/SchemaParser;Lcom/mackenziehigh/sexpr/internal/schema/Schema$Rule;II)V" line="309"><counter type="INSTRUCTION" missed="0" covered="15"/><counter type="LINE" missed="0" covered="1"/><counter type="COMPLEXITY" missed="0" covered="1"/><counter type="METHOD" missed="0" covered="1"/></method><method name="element" desc="()Ljava/lang/String;" line="313"><counter type="INSTRUCTION" missed="0" covered="4"/><counter type="LINE" missed="0" covered="1"/><counter type="COMPLEXITY" missed="0" covered="1"/><counter type="METHOD" missed="0" covered="1"/></method><method name="minimum" desc="()I" line="319"><counter type="INSTRUCTION" missed="0" covered="3"/><counter type="LINE" missed="0" covered="1"/><counter type="COMPLEXITY" missed="0" covered="1"/><counter type="METHOD" missed="0" covered="1"/></method><method name="maximum" desc="()I" line="325"><counter type="INSTRUCTION" missed="0" covered="3"/><counter type="LINE" missed="0" covered="1"/><counter type="COMPLEXITY" missed="0" covered="1"/><counter type="METHOD" missed="0" covered="1"/></method><counter type="INSTRUCTION" missed="0" covered="25"/><counter type="LINE" missed="0" covered="4"/><counter type="COMPLEXITY" missed="0" covered="4"/><counter type="METHOD" missed="0" covered="4"/><counter type="CLASS" missed="0" covered="1"/></class><class name="com/mackenziehigh/sexpr/internal/schema/SchemaParser$2"><method name="&lt;init&gt;" desc="(Lcom/mackenziehigh/sexpr/internal/schema/SchemaParser;Lcom/mackenziehigh/sexpr/internal/schema/Schema$Rule;)V" line="257"><counter type="INSTRUCTION" missed="0" covered="9"/><counter type="LINE" missed="0" covered="1"/><counter type="COMPLEXITY" missed="0" covered="1"/><counter type="METHOD" missed="0" covered="1"/></method><method name="element" desc="()Ljava/lang/String;" line="261"><counter type="INSTRUCTION" missed="0" covered="4"/><counter type="LINE" missed="0" covered="1"/><counter type="COMPLEXITY" missed="0" covered="1"/><counter type="METHOD" missed="0" covered="1"/></method><method name="minimum" desc="()I" line="267"><counter type="INSTRUCTION" missed="0" covered="2"/><counter type="LINE" missed="0" covered="1"/><counter type="COMPLEXITY" missed="0" covered="1"/><counter type="METHOD" missed="0" covered="1"/></method><method name="maximum" desc="()I" line="273"><counter type="INSTRUCTION" missed="0" covered="2"/><counter type="LINE" missed="0" covered="1"/><counter type="COMPLEXITY" missed="0" covered="1"/><counter type="METHOD" missed="0" covered="1"/></method><counter type="INSTRUCTION" missed="0" covered="17"/><counter type="LINE" missed="0" covered="4"/><counter type="COMPLEXITY" missed="0" covered="4"/><counter type="METHOD" missed="0" covered="4"/><counter type="CLASS" missed="0" covered="1"/></class><class name="com/mackenziehigh/sexpr/internal/schema/SchemaParser$1"><method name="&lt;init&gt;" desc="(Lcom/mackenziehigh/sexpr/internal/schema/SchemaParser;Ljava/lang/String;II)V" line="170"><counter type="INSTRUCTION" missed="0" covered="15"/><counter type="LINE" missed="0" covered="1"/><counter type="COMPLEXITY" missed="0" covered="1"/><counter type="METHOD" missed="0" covered="1"/></method><method name="element" desc="()Ljava/lang/String;" line="174"><counter type="INSTRUCTION" missed="0" covered="3"/><counter type="LINE" missed="0" covered="1"/><counter type="COMPLEXITY" missed="0" covered="1"/><counter type="METHOD" missed="0" covered="1"/></method><method name="minimum" desc="()I" line="180"><counter type="INSTRUCTION" missed="0" covered="3"/><counter type="LINE" missed="0" covered="1"/><counter type="COMPLEXITY" missed="0" covered="1"/><counter type="METHOD" missed="0" covered="1"/></method><method name="maximum" desc="()I" line="186"><counter type="INSTRUCTION" missed="0" covered="3"/><counter type="LINE" missed="0" covered="1"/><counter type="COMPLEXITY" missed="0" covered="1"/><counter type="METHOD" missed="0" covered="1"/></method><counter type="INSTRUCTION" missed="0" covered="24"/><counter type="LINE" missed="0" covered="4"/><counter type="COMPLEXITY" missed="0" covered="4"/><counter type="METHOD" missed="0" covered="4"/><counter type="CLASS" missed="0" covered="1"/></class><class name="com/mackenziehigh/sexpr/internal/schema/Schema$Rule"><method name="&lt;init&gt;" desc="(Lcom/mackenziehigh/sexpr/internal/schema/Schema;)V" line="167"><counter type="INSTRUCTION" missed="0" covered="16"/><counter type="LINE" missed="0" covered="2"/><counter type="COMPLEXITY" missed="0" covered="1"/><counter type="METHOD" missed="0" covered="1"/></method><method name="name" desc="()Ljava/lang/String;" line="201"><counter type="INSTRUCTION" missed="0" covered="3"/><counter type="LINE" missed="0" covered="1"/><counter type="COMPLEXITY" missed="0" covered="1"/><counter type="METHOD" missed="0" covered="1"/></method><method name="isAnonymous" desc="()Z" line="211"><counter type="INSTRUCTION" missed="2" covered="0"/><counter type="LINE" missed="1" covered="0"/><counter type="COMPLEXITY" missed="1" covered="0"/><counter type="METHOD" missed="1" covered="0"/></method><counter type="INSTRUCTION" missed="2" covered="19"/><counter type="LINE" missed="1" covered="3"/><counter type="COMPLEXITY" missed="1" covered="2"/><counter type="METHOD" missed="1" covered="2"/><counter type="CLASS" missed="0" covered="1"/></class><class name="com/mackenziehigh/sexpr/internal/schema/Schema$MatchState"><method name="&lt;init&gt;" desc="(Lcom/mackenziehigh/sexpr/internal/schema/Schema;)V" line="58"><counter type="INSTRUCTION" missed="0" covered="14"/><counter type="LINE" missed="0" covered="3"/><counter type="COMPLEXITY" missed="0" covered="1"/><counter type="METHOD" missed="0" covered="1"/></method><method name="lastSuccess" desc="()Ljava/util/Optional;" line="86"><counter type="INSTRUCTION" missed="0" covered="4"/><counter type="LINE" missed="0" covered="1"/><counter type="COMPLEXITY" missed="0" covered="1"/><counter type="METHOD" missed="0" covered="1"/></method><method name="enter" desc="(Lcom/mackenziehigh/sexpr/Sexpr;)V" line="96"><counter type="INSTRUCTION" missed="0" covered="10"/><counter type="LINE" missed="0" covered="3"/><counter type="COMPLEXITY" missed="0" covered="1"/><counter type="METHOD" missed="0" covered="1"/></method><method name="exitOnSuccess" desc="(Lcom/mackenziehigh/sexpr/internal/schema/Schema$Rule;Lcom/mackenziehigh/sexpr/Sexpr;)Lcom/mackenziehigh/sexpr/internal/schema/MatchNode;" line="111"><counter type="INSTRUCTION" missed="0" covered="37"/><counter type="BRANCH" missed="0" covered="2"/><counter type="LINE" missed="0" covered="8"/><counter type="COMPLEXITY" missed="0" covered="2"/><counter type="METHOD" missed="0" covered="1"/></method><method name="exitOnFailure" desc="(Lcom/mackenziehigh/sexpr/Sexpr;)Lcom/mackenziehigh/sexpr/internal/schema/MatchNode;" line="150"><counter type="INSTRUCTION" missed="0" covered="16"/><counter type="BRANCH" missed="0" covered="2"/><counter type="LINE" missed="0" covered="4"/><counter type="COMPLEXITY" missed="0" covered="2"/><counter type="METHOD" missed="0" covered="1"/></method><counter type="INSTRUCTION" missed="0" covered="81"/><counter type="BRANCH" missed="0" covered="4"/><counter type="LINE" missed="0" covered="19"/><counter type="COMPLEXITY" missed="0" covered="7"/><counter type="METHOD" missed="0" covered="5"/><counter type="CLASS" missed="0" covered="1"/></class><class name="com/mackenziehigh/sexpr/internal/schema/Schema$1"><method name="&lt;init&gt;" desc="(Lcom/mackenziehigh/sexpr/internal/schema/Schema;Ljava/lang/String;Ljava/lang/String;)V" line="386"><counter type="INSTRUCTION" missed="0" covered="13"/><counter type="LINE" missed="0" covered="1"/><counter type="COMPLEXITY" missed="0" covered="1"/><counter type="METHOD" missed="0" covered="1"/></method><method name="name" desc="()Ljava/lang/String;" line="390"><counter type="INSTRUCTION" missed="0" covered="3"/><counter type="LINE" missed="0" covered="1"/><counter type="COMPLEXITY" missed="0" covered="1"/><counter type="METHOD" missed="0" covered="1"/></method><method name="isAnonymous" desc="()Z" line="396"><counter type="INSTRUCTION" missed="2" covered="0"/><counter type="LINE" missed="1" covered="0"/><counter type="COMPLEXITY" missed="1" covered="0"/><counter type="METHOD" missed="1" covered="0"/></method><method name="match" desc="(Lcom/mackenziehigh/sexpr/internal/schema/Schema$MatchState;Lcom/mackenziehigh/sexpr/Sexpr;)Lcom/mackenziehigh/sexpr/internal/schema/MatchNode;" line="403"><counter type="INSTRUCTION" missed="0" covered="29"/><counter type="BRANCH" missed="0" covered="4"/><counter type="LINE" missed="0" covered="3"/><counter type="COMPLEXITY" missed="0" covered="3"/><counter type="METHOD" missed="0" covered="1"/></method><counter type="INSTRUCTION" missed="2" covered="45"/><counter type="BRANCH" missed="0" covered="4"/><counter type="LINE" missed="1" covered="5"/><counter type="COMPLEXITY" missed="1" covered="5"/><counter type="METHOD" missed="1" covered="3"/><counter type="CLASS" missed="0" covered="1"/></class><class name="com/mackenziehigh/sexpr/internal/schema/MatchNode"><method name="&lt;init&gt;" desc="(Lcom/mackenziehigh/sexpr/internal/schema/Schema$Rule;Lcom/mackenziehigh/sexpr/Sexpr;Ljava/util/List;)V" line="49"><counter type="INSTRUCTION" missed="0" covered="34"/><counter type="LINE" missed="0" covered="6"/><counter type="COMPLEXITY" missed="0" covered="1"/><counter type="METHOD" missed="0" covered="1"/></method><method name="rule" desc="()Lcom/mackenziehigh/sexpr/internal/schema/Schema$Rule;" line="63"><counter type="INSTRUCTION" missed="0" covered="3"/><counter type="LINE" missed="0" covered="1"/><counter type="COMPLEXITY" missed="0" covered="1"/><counter type="METHOD" missed="0" covered="1"/></method><method name="node" desc="()Lcom/mackenziehigh/sexpr/Sexpr;" line="78"><counter type="INSTRUCTION" missed="0" covered="3"/><counter type="LINE" missed="0" covered="1"/><counter type="COMPLEXITY" missed="0" covered="1"/><counter type="METHOD" missed="0" covered="1"/></method><method name="children" desc="()Ljava/util/List;" line="89"><counter type="INSTRUCTION" missed="0" covered="3"/><counter type="LINE" missed="0" covered="1"/><counter type="COMPLEXITY" missed="0" covered="1"/><counter type="METHOD" missed="0" covered="1"/></method><method name="treeSize" desc="()I" line="100"><counter type="INSTRUCTION" missed="0" covered="3"/><counter type="LINE" missed="0" covered="1"/><counter type="COMPLEXITY" missed="0" covered="1"/><counter type="METHOD" missed="0" covered="1"/></method><method name="lambda$new$0" desc="(Lcom/mackenziehigh/sexpr/internal/schema/MatchNode;)I" line="53"><counter type="INSTRUCTION" missed="0" covered="3"/><counter type="LINE" missed="0" covered="1"/><counter type="COMPLEXITY" missed="0" covered="1"/><counter type="METHOD" missed="0" covered="1"/></method><counter type="INSTRUCTION" missed="0" covered="49"/><counter type="LINE" missed="0" covered="10"/><counter type="COMPLEXITY" missed="0" covered="6"/><counter type="METHOD" missed="0" covered="6"/><counter type="CLASS" missed="0" covered="1"/></class><class name="com/mackenziehigh/sexpr/internal/schema/SchemaParser"><method name="&lt;init&gt;" desc="()V" line="17"><counter type="INSTRUCTION" missed="0" covered="615"/><counter type="LINE" missed="0" covered="59"/><counter type="COMPLEXITY" missed="0" covered="1"/><counter type="METHOD" missed="0" covered="1"/></method><method name="seq" desc="(Ljava/lang/String;[Lcom/mackenziehigh/sexpr/internal/schema/Schema$SequenceElement;)Lcom/mackenziehigh/sexpr/internal/schema/Schema$Rule;" line="139"><counter type="INSTRUCTION" missed="0" covered="15"/><counter type="LINE" missed="0" covered="3"/><counter type="COMPLEXITY" missed="0" covered="1"/><counter type="METHOD" missed="0" covered="1"/></method><method name="seq" desc="([Lcom/mackenziehigh/sexpr/internal/schema/Schema$SequenceElement;)Lcom/mackenziehigh/sexpr/internal/schema/Schema$Rule;" line="146"><counter type="INSTRUCTION" missed="0" covered="6"/><counter type="LINE" missed="0" covered="1"/><counter type="COMPLEXITY" missed="0" covered="1"/><counter type="METHOD" missed="0" covered="1"/></method><method name="assign" desc="(Ljava/lang/String;Lcom/mackenziehigh/sexpr/internal/schema/Schema$Rule;)Lcom/mackenziehigh/sexpr/internal/schema/Schema$Rule;" line="152"><counter type="INSTRUCTION" missed="0" covered="10"/><counter type="LINE" missed="0" covered="1"/><counter type="COMPLEXITY" missed="0" covered="1"/><counter type="METHOD" missed="0" covered="1"/></method><method name="either" desc="(Ljava/lang/String;[Lcom/mackenziehigh/sexpr/internal/schema/Schema$Rule;)Lcom/mackenziehigh/sexpr/internal/schema/Schema$Rule;" line="158"><counter type="INSTRUCTION" missed="0" covered="21"/><counter type="LINE" missed="0" covered="3"/><counter type="COMPLEXITY" missed="0" covered="1"/><counter type="METHOD" missed="0" covered="1"/></method><method name="repeat" desc="(Lcom/mackenziehigh/sexpr/internal/schema/Schema$Rule;II)Lcom/mackenziehigh/sexpr/internal/schema/Schema$SequenceElement;" line="167"><counter type="INSTRUCTION" missed="0" covered="11"/><counter type="LINE" missed="0" covered="2"/><counter type="COMPLEXITY" missed="0" covered="1"/><counter type="METHOD" missed="0" covered="1"/></method><method name="once" desc="(Lcom/mackenziehigh/sexpr/internal/schema/Schema$Rule;)Lcom/mackenziehigh/sexpr/internal/schema/Schema$SequenceElement;" line="193"><counter type="INSTRUCTION" missed="0" covered="6"/><counter type="LINE" missed="0" covered="1"/><counter type="COMPLEXITY" missed="0" covered="1"/><counter type="METHOD" missed="0" covered="1"/></method><method name="option" desc="(Lcom/mackenziehigh/sexpr/internal/schema/Schema$Rule;)Lcom/mackenziehigh/sexpr/internal/schema/Schema$SequenceElement;" line="198"><counter type="INSTRUCTION" missed="0" covered="6"/><counter type="LINE" missed="0" covered="1"/><counter type="COMPLEXITY" missed="0" covered="1"/><counter type="METHOD" missed="0" covered="1"/></method><method name="star" desc="(Lcom/mackenziehigh/sexpr/internal/schema/Schema$Rule;)Lcom/mackenziehigh/sexpr/internal/schema/Schema$SequenceElement;" line="203"><counter type="INSTRUCTION" missed="0" covered="6"/><counter type="LINE" missed="0" covered="1"/><counter type="COMPLEXITY" missed="0" covered="1"/><counter type="METHOD" missed="0" covered="1"/></method><method name="atom" desc="(Ljava/lang/String;)Lcom/mackenziehigh/sexpr/internal/schema/Schema$Rule;" line="208"><counter type="INSTRUCTION" missed="0" covered="5"/><counter type="LINE" missed="0" covered="1"/><counter type="COMPLEXITY" missed="0" covered="1"/><counter type="METHOD" missed="0" covered="1"/></method><method name="ref" desc="(Ljava/lang/String;)Lcom/mackenziehigh/sexpr/internal/schema/Schema$Rule;" line="213"><counter type="INSTRUCTION" missed="0" covered="24"/><counter type="LINE" missed="0" covered="3"/><counter type="COMPLEXITY" missed="0" covered="1"/><counter type="METHOD" missed="0" covered="1"/></method><method name="translateRoot" desc="(Lcom/mackenziehigh/sexpr/Sexpr;)V" line="220"><counter type="INSTRUCTION" missed="0" covered="11"/><counter type="LINE" missed="0" covered="3"/><counter type="COMPLEXITY" missed="0" covered="1"/><counter type="METHOD" missed="0" covered="1"/></method><method name="translateAssign" desc="(Lcom/mackenziehigh/sexpr/Sexpr;)V" line="226"><counter type="INSTRUCTION" missed="0" covered="19"/><counter type="LINE" missed="0" covered="4"/><counter type="COMPLEXITY" missed="0" covered="1"/><counter type="METHOD" missed="0" covered="1"/></method><method name="translateSeq" desc="(Lcom/mackenziehigh/sexpr/Sexpr;)V" line="233"><counter type="INSTRUCTION" missed="0" covered="37"/><counter type="BRANCH" missed="0" covered="2"/><counter type="LINE" missed="0" covered="8"/><counter type="COMPLEXITY" missed="0" covered="2"/><counter type="METHOD" missed="0" covered="1"/></method><method name="convertToSequenceElement" desc="(Ljava/lang/Object;)Lcom/mackenziehigh/sexpr/internal/schema/Schema$SequenceElement;" line="249"><counter type="INSTRUCTION" missed="0" covered="15"/><counter type="BRANCH" missed="0" covered="2"/><counter type="LINE" missed="0" covered="4"/><counter type="COMPLEXITY" missed="0" covered="2"/><counter type="METHOD" missed="0" covered="1"/></method><method name="translateOption" desc="(Lcom/mackenziehigh/sexpr/Sexpr;)V" line="280"><counter type="INSTRUCTION" missed="0" covered="11"/><counter type="LINE" missed="0" covered="3"/><counter type="COMPLEXITY" missed="0" covered="1"/><counter type="METHOD" missed="0" covered="1"/></method><method name="translateStar" desc="(Lcom/mackenziehigh/sexpr/Sexpr;)V" line="286"><counter type="INSTRUCTION" missed="0" covered="11"/><counter type="LINE" missed="0" covered="3"/><counter type="COMPLEXITY" missed="0" covered="1"/><counter type="METHOD" missed="0" covered="1"/></method><method name="translatePlus" desc="(Lcom/mackenziehigh/sexpr/Sexpr;)V" line="292"><counter type="INSTRUCTION" missed="0" covered="11"/><counter type="LINE" missed="0" covered="3"/><counter type="COMPLEXITY" missed="0" covered="1"/><counter type="METHOD" missed="0" covered="1"/></method><method name="translateRepeat" desc="(Lcom/mackenziehigh/sexpr/Sexpr;)V" line="298"><counter type="INSTRUCTION" missed="0" covered="25"/><counter type="LINE" missed="0" covered="5"/><counter type="COMPLEXITY" missed="0" covered="1"/><counter type="METHOD" missed="0" covered="1"/></method><method name="translateRepeat" desc="(Lcom/mackenziehigh/sexpr/internal/schema/Schema$Rule;II)V" line="308"><counter type="INSTRUCTION" missed="0" covered="14"/><counter type="LINE" missed="0" covered="3"/><counter type="COMPLEXITY" missed="0" covered="1"/><counter type="METHOD" missed="0" covered="1"/></method><method name="translateEither" desc="(Lcom/mackenziehigh/sexpr/Sexpr;)V" line="334"><counter type="INSTRUCTION" missed="0" covered="37"/><counter type="BRANCH" missed="0" covered="2"/><counter type="LINE" missed="0" covered="8"/><counter type="COMPLEXITY" missed="0" covered="2"/><counter type="METHOD" missed="0" covered="1"/></method><method name="translateAnd" desc="(Lcom/mackenziehigh/sexpr/Sexpr;)V" line="350"><counter type="INSTRUCTION" missed="0" covered="37"/><counter type="BRANCH" missed="0" covered="2"/><counter type="LINE" missed="0" covered="8"/><counter type="COMPLEXITY" missed="0" covered="2"/><counter type="METHOD" missed="0" covered="1"/></method><method name="translateNot" desc="(Lcom/mackenziehigh/sexpr/Sexpr;)V" line="366"><counter type="INSTRUCTION" missed="0" covered="17"/><counter type="LINE" missed="0" covered="4"/><counter type="COMPLEXITY" missed="0" covered="1"/><counter type="METHOD" missed="0" covered="1"/></method><method name="translateAtom" desc="(Lcom/mackenziehigh/sexpr/Sexpr;)V" line="373"><counter type="INSTRUCTION" missed="2" covered="22"/><counter type="BRANCH" missed="1" covered="1"/><counter type="LINE" missed="0" covered="4"/><counter type="COMPLEXITY" missed="1" covered="1"/><counter type="METHOD" missed="0" covered="1"/></method><method name="translateKeyword" desc="(Lcom/mackenziehigh/sexpr/Sexpr;)V" line="380"><counter type="INSTRUCTION" missed="0" covered="17"/><counter type="LINE" missed="0" covered="4"/><counter type="COMPLEXITY" missed="0" covered="1"/><counter type="METHOD" missed="0" covered="1"/></method><method name="translatePredicate" desc="(Lcom/mackenziehigh/sexpr/Sexpr;)V" line="387"><counter type="INSTRUCTION" missed="0" covered="17"/><counter type="LINE" missed="0" covered="4"/><counter type="COMPLEXITY" missed="0" covered="1"/><counter type="METHOD" missed="0" covered="1"/></method><method name="translateRef" desc="(Lcom/mackenziehigh/sexpr/Sexpr;)V" line="394"><counter type="INSTRUCTION" missed="0" covered="17"/><counter type="LINE" missed="0" covered="4"/><counter type="COMPLEXITY" missed="0" covered="1"/><counter type="METHOD" missed="0" covered="1"/></method><method name="parse" desc="(Ljava/lang/String;Ljava/lang/String;)Lcom/mackenziehigh/sexpr/internal/schema/Schema;" line="402"><counter type="INSTRUCTION" missed="0" covered="24"/><counter type="LINE" missed="0" covered="7"/><counter type="COMPLEXITY" missed="0" covered="1"/><counter type="METHOD" missed="0" covered="1"/></method><method name="lambda$parse$1" desc="(Ljava/util/Optional;)V" line="404"><counter type="INSTRUCTION" missed="14" covered="0"/><counter type="LINE" missed="2" covered="0"/><counter type="COMPLEXITY" missed="1" covered="0"/><counter type="METHOD" missed="1" covered="0"/></method><method name="lambda$either$0" desc="(Lcom/mackenziehigh/sexpr/internal/schema/Schema$Rule;)Ljava/lang/String;" line="158"><counter type="INSTRUCTION" missed="0" covered="3"/><counter type="LINE" missed="0" covered="1"/><counter type="COMPLEXITY" missed="0" covered="1"/><counter type="METHOD" missed="0" covered="1"/></method><counter type="INSTRUCTION" missed="16" covered="1070"/><counter type="BRANCH" missed="1" covered="9"/><counter type="LINE" missed="2" covered="155"/><counter type="COMPLEXITY" missed="2" covered="33"/><counter type="METHOD" missed="1" covered="29"/><counter type="CLASS" missed="0" covered="1"/></class><class name="com/mackenziehigh/sexpr/internal/schema/Schema$4"><method name="&lt;init&gt;" desc="(Lcom/mackenziehigh/sexpr/internal/schema/Schema;Ljava/util/List;)V" line="486"><counter type="INSTRUCTION" missed="0" covered="10"/><counter type="LINE" missed="0" covered="1"/><counter type="COMPLEXITY" missed="0" covered="1"/><counter type="METHOD" missed="0" covered="1"/></method><method name="match" desc="(Lcom/mackenziehigh/sexpr/internal/schema/Schema$MatchState;Lcom/mackenziehigh/sexpr/Sexpr;)Lcom/mackenziehigh/sexpr/internal/schema/MatchNode;" line="491"><counter type="INSTRUCTION" missed="0" covered="25"/><counter type="BRANCH" missed="0" covered="2"/><counter type="LINE" missed="0" covered="3"/><counter type="COMPLEXITY" missed="0" covered="2"/><counter type="METHOD" missed="0" covered="1"/></method><method name="lambda$match$1" desc="(Lcom/mackenziehigh/sexpr/internal/schema/Schema$MatchState;Lcom/mackenziehigh/sexpr/Sexpr;Lcom/mackenziehigh/sexpr/internal/schema/Schema$Rule;)Z" line="492"><counter type="INSTRUCTION" missed="0" covered="9"/><counter type="BRANCH" missed="0" covered="2"/><counter type="LINE" missed="0" covered="1"/><counter type="COMPLEXITY" missed="0" covered="2"/><counter type="METHOD" missed="0" covered="1"/></method><method name="lambda$match$0" desc="(Ljava/lang/String;)Lcom/mackenziehigh/sexpr/internal/schema/Schema$Rule;" line="492"><counter type="INSTRUCTION" missed="0" covered="7"/><counter type="LINE" missed="0" covered="1"/><counter type="COMPLEXITY" missed="0" covered="1"/><counter type="METHOD" missed="0" covered="1"/></method><counter type="INSTRUCTION" missed="0" covered="51"/><counter type="BRANCH" missed="0" covered="4"/><counter type="LINE" missed="0" covered="4"/><counter type="COMPLEXITY" missed="0" covered="6"/><counter type="METHOD" missed="0" covered="4"/><counter type="CLASS" missed="0" covered="1"/></class><class name="com/mackenziehigh/sexpr/internal/schema/Schema$5"><method name="&lt;init&gt;" desc="(Lcom/mackenziehigh/sexpr/internal/schema/Schema;Ljava/lang/String;)V" line="514"><counter type="INSTRUCTION" missed="0" covered="10"/><counter type="LINE" missed="0" covered="1"/><counter type="COMPLEXITY" missed="0" covered="1"/><counter type="METHOD" missed="0" covered="1"/></method><method name="match" desc="(Lcom/mackenziehigh/sexpr/internal/schema/Schema$MatchState;Lcom/mackenziehigh/sexpr/Sexpr;)Lcom/mackenziehigh/sexpr/internal/schema/MatchNode;" line="519"><counter type="INSTRUCTION" missed="0" covered="29"/><counter type="BRANCH" missed="0" covered="4"/><counter type="LINE" missed="0" covered="3"/><counter type="COMPLEXITY" missed="0" covered="3"/><counter type="METHOD" missed="0" covered="1"/></method><counter type="INSTRUCTION" missed="0" covered="39"/><counter type="BRANCH" missed="0" covered="4"/><counter type="LINE" missed="0" covered="4"/><counter type="COMPLEXITY" missed="0" covered="4"/><counter type="METHOD" missed="0" covered="2"/><counter type="CLASS" missed="0" covered="1"/></class><class name="com/mackenziehigh/sexpr/internal/schema/Schema$2"><method name="&lt;init&gt;" desc="(Lcom/mackenziehigh/sexpr/internal/schema/Schema;Ljava/lang/String;)V" line="430"><counter type="INSTRUCTION" missed="0" covered="10"/><counter type="LINE" missed="0" covered="1"/><counter type="COMPLEXITY" missed="0" covered="1"/><counter type="METHOD" missed="0" covered="1"/></method><method name="match" desc="(Lcom/mackenziehigh/sexpr/internal/schema/Schema$MatchState;Lcom/mackenziehigh/sexpr/Sexpr;)Lcom/mackenziehigh/sexpr/internal/schema/MatchNode;" line="435"><counter type="INSTRUCTION" missed="0" covered="11"/><counter type="LINE" missed="0" covered="1"/><counter type="COMPLEXITY" missed="0" covered="1"/><counter type="METHOD" missed="0" covered="1"/></method><counter type="INSTRUCTION" missed="0" covered="21"/><counter type="LINE" missed="0" covered="2"/><counter type="COMPLEXITY" missed="0" covered="2"/><counter type="METHOD" missed="0" covered="2"/><counter type="CLASS" missed="0" covered="1"/></class><class name="com/mackenziehigh/sexpr/internal/schema/Schema$3"><method name="&lt;init&gt;" desc="(Lcom/mackenziehigh/sexpr/internal/schema/Schema;Ljava/util/List;)V" line="457"><counter type="INSTRUCTION" missed="0" covered="10"/><counter type="LINE" missed="0" covered="1"/><counter type="COMPLEXITY" missed="0" covered="1"/><counter type="METHOD" missed="0" covered="1"/></method><method name="match" desc="(Lcom/mackenziehigh/sexpr/internal/schema/Schema$MatchState;Lcom/mackenziehigh/sexpr/Sexpr;)Lcom/mackenziehigh/sexpr/internal/schema/MatchNode;" line="462"><counter type="INSTRUCTION" missed="0" covered="25"/><counter type="BRANCH" missed="0" covered="2"/><counter type="LINE" missed="0" covered="3"/><counter type="COMPLEXITY" missed="0" covered="2"/><counter type="METHOD" missed="0" covered="1"/></method><method name="lambda$match$1" desc="(Lcom/mackenziehigh/sexpr/internal/schema/Schema$MatchState;Lcom/mackenziehigh/sexpr/Sexpr;Lcom/mackenziehigh/sexpr/internal/schema/Schema$Rule;)Z" line="463"><counter type="INSTRUCTION" missed="0" covered="9"/><counter type="BRANCH" missed="0" covered="2"/><counter type="LINE" missed="0" covered="1"/><counter type="COMPLEXITY" missed="0" covered="2"/><counter type="METHOD" missed="0" covered="1"/></method><method name="lambda$match$0" desc="(Ljava/lang/String;)Lcom/mackenziehigh/sexpr/internal/schema/Schema$Rule;" line="463"><counter type="INSTRUCTION" missed="0" covered="7"/><counter type="LINE" missed="0" covered="1"/><counter type="COMPLEXITY" missed="0" covered="1"/><counter type="METHOD" missed="0" covered="1"/></method><counter type="INSTRUCTION" missed="0" covered="51"/><counter type="BRANCH" missed="0" covered="4"/><counter type="LINE" missed="0" covered="4"/><counter type="COMPLEXITY" missed="0" covered="6"/><counter type="METHOD" missed="0" covered="4"/><counter type="CLASS" missed="0" covered="1"/></class><sourcefile name="Schema.java"><line nr="53" mi="0" ci="3" mb="0" cb="0"/><line nr="58" mi="0" ci="5" mb="0" cb="0"/><line nr="65" mi="0" ci="5" mb="0" cb="0"/><line nr="71" mi="0" ci="4" mb="0" cb="0"/><line nr="86" mi="0" ci="4" mb="0" cb="0"/><line nr="96" mi="0" ci="4" mb="0" cb="0"/><line nr="97" mi="0" ci="5" mb="0" cb="0"/><line nr="98" mi="0" ci="1" mb="0" cb="0"/><line nr="111" mi="0" ci="3" mb="0" cb="0"/><line nr="116" mi="0" ci="4" mb="0" cb="0"/><line nr="118" mi="0" ci="5" mb="0" cb="2"/><line nr="120" mi="0" ci="7" mb="0" cb="0"/><line nr="126" mi="0" ci="4" mb="0" cb="0"/><line nr="131" mi="0" ci="7" mb="0" cb="0"/><line nr="132" mi="0" ci="5" mb="0" cb="0"/><line nr="134" mi="0" ci="2" mb="0" cb="0"/><line nr="150" mi="0" ci="5" mb="0" cb="2"/><line nr="152" mi="0" ci="5" mb="0" cb="0"/><line nr="158" mi="0" ci="4" mb="0" cb="0"/><line nr="160" mi="0" ci="2" mb="0" cb="0"/><line nr="167" mi="0" ci="5" mb="0" cb="0"/><line nr="175" mi="0" ci="11" mb="0" cb="0"/><line nr="201" mi="0" ci="3" mb="0" cb="0"/><line nr="211" mi="2" ci="0" mb="0" cb="0"/><line nr="245" mi="0" ci="3" mb="0" cb="0"/><line nr="248" mi="0" ci="1" mb="0" cb="0"/><line nr="253" mi="0" ci="5" mb="0" cb="0"/><line nr="258" mi="0" ci="3" mb="0" cb="0"/><line nr="264" mi="0" ci="5" mb="0" cb="0"/><line nr="269" mi="0" ci="5" mb="0" cb="0"/><line nr="276" mi="0" ci="5" mb="0" cb="0"/><line nr="283" mi="0" ci="5" mb="0" cb="0"/><line nr="290" mi="0" ci="5" mb="0" cb="0"/><line nr="296" mi="0" ci="2" mb="0" cb="0"/><line nr="300" mi="2" ci="8" mb="0" cb="0"/><line nr="301" mi="0" ci="20" mb="1" cb="3"/><line nr="302" mi="12" ci="8" mb="4" cb="0"/><line nr="303" mi="0" ci="20" mb="1" cb="3"/><line nr="304" mi="0" ci="20" mb="1" cb="3"/><line nr="305" mi="0" ci="20" mb="1" cb="3"/><line nr="306" mi="0" ci="20" mb="1" cb="3"/><line nr="307" mi="12" ci="8" mb="4" cb="0"/><line nr="308" mi="12" ci="8" mb="4" cb="0"/><line nr="309" mi="12" ci="8" mb="4" cb="0"/><line nr="310" mi="3" ci="8" mb="0" cb="0"/><line nr="311" mi="3" ci="8" mb="0" cb="0"/><line nr="312" mi="0" ci="1" mb="0" cb="0"/><line nr="321" mi="0" ci="4" mb="0" cb="0"/><line nr="322" mi="0" ci="3" mb="0" cb="0"/><line nr="323" mi="0" ci="1" mb="0" cb="0"/><line nr="333" mi="0" ci="4" mb="0" cb="0"/><line nr="334" mi="0" ci="7" mb="0" cb="0"/><line nr="335" mi="0" ci="2" mb="0" cb="0"/><line nr="345" mi="0" ci="4" mb="0" cb="0"/><line nr="346" mi="0" ci="5" mb="0" cb="0"/><line nr="347" mi="0" ci="3" mb="0" cb="0"/><line nr="348" mi="0" ci="1" mb="0" cb="0"/><line nr="359" mi="0" ci="4" mb="0" cb="0"/><line nr="360" mi="0" ci="4" mb="0" cb="0"/><line nr="361" mi="0" ci="6" mb="0" cb="0"/><line nr="362" mi="0" ci="1" mb="0" cb="0"/><line nr="374" mi="0" ci="4" mb="0" cb="0"/><line nr="375" mi="0" ci="4" mb="0" cb="0"/><line nr="377" mi="0" ci="5" mb="0" cb="2"/><line nr="379" mi="0" ci="12" mb="0" cb="0"/><line nr="382" mi="0" ci="5" mb="0" cb="0"/><line nr="383" mi="0" ci="5" mb="0" cb="0"/><line nr="385" mi="0" ci="7" mb="0" cb="0"/><line nr="386" mi="0" ci="13" mb="0" cb="0"/><line nr="390" mi="0" ci="3" mb="0" cb="0"/><line nr="396" mi="2" ci="0" mb="0" cb="0"/><line nr="403" mi="0" ci="3" mb="0" cb="0"/><line nr="404" mi="0" ci="15" mb="0" cb="2"/><line nr="405" mi="0" ci="11" mb="0" cb="2"/><line nr="409" mi="0" ci="4" mb="0" cb="0"/><line nr="420" mi="0" ci="4" mb="0" cb="0"/><line nr="422" mi="0" ci="5" mb="0" cb="0"/><line nr="429" mi="0" ci="6" mb="0" cb="0"/><line nr="430" mi="0" ci="10" mb="0" cb="0"/><line nr="435" mi="0" ci="11" mb="0" cb="0"/><line nr="439" mi="0" ci="4" mb="0" cb="0"/><line nr="451" mi="0" ci="4" mb="0" cb="0"/><line nr="452" mi="0" ci="9" mb="0" cb="0"/><line nr="454" mi="0" ci="5" mb="0" cb="0"/><line nr="456" mi="0" ci="6" mb="0" cb="0"/><line nr="457" mi="0" ci="10" mb="0" cb="0"/><line nr="462" mi="0" ci="3" mb="0" cb="0"/><line nr="463" mi="0" ci="27" mb="0" cb="2"/><line nr="464" mi="0" ci="11" mb="0" cb="2"/><line nr="468" mi="0" ci="4" mb="0" cb="0"/><line nr="480" mi="0" ci="4" mb="0" cb="0"/><line nr="481" mi="0" ci="9" mb="0" cb="0"/><line nr="483" mi="0" ci="5" mb="0" cb="0"/><line nr="485" mi="0" ci="6" mb="0" cb="0"/><line nr="486" mi="0" ci="10" mb="0" cb="0"/><line nr="491" mi="0" ci="3" mb="0" cb="0"/><line nr="492" mi="0" ci="27" mb="0" cb="2"/><line nr="493" mi="0" ci="11" mb="0" cb="2"/><line nr="497" mi="0" ci="4" mb="0" cb="0"/><line nr="509" mi="0" ci="4" mb="0" cb="0"/><line nr="511" mi="0" ci="5" mb="0" cb="0"/><line nr="513" mi="0" ci="6" mb="0" cb="0"/><line nr="514" mi="0" ci="10" mb="0" cb="0"/><line nr="519" mi="0" ci="3" mb="0" cb="0"/><line nr="520" mi="0" ci="15" mb="0" cb="2"/><line nr="521" mi="0" ci="11" mb="0" cb="2"/><line nr="525" mi="0" ci="4" mb="0" cb="0"/><line nr="537" mi="0" ci="4" mb="0" cb="0"/><line nr="538" mi="0" ci="9" mb="0" cb="0"/><line nr="540" mi="0" ci="10" mb="0" cb="2"/><line nr="542" mi="0" ci="5" mb="0" cb="2"/><line nr="544" mi="0" ci="8" mb="0" cb="0"/><line nr="545" mi="0" ci="6" mb="0" cb="0"/><line nr="546" mi="0" ci="3" mb="0" cb="0"/><line nr="547" mi="0" ci="5" mb="0" cb="0"/><line nr="549" mi="0" ci="1" mb="0" cb="0"/><line nr="551" mi="0" ci="11" mb="0" cb="0"/><line nr="553" mi="0" ci="6" mb="0" cb="0"/><line nr="554" mi="0" ci="10" mb="0" cb="0"/><line nr="559" mi="0" ci="9" mb="0" cb="0"/><line nr="563" mi="0" ci="4" mb="0" cb="0"/><line nr="571" mi="0" ci="4" mb="0" cb="0"/><line nr="572" mi="0" ci="4" mb="0" cb="0"/><line nr="573" mi="0" ci="9" mb="0" cb="0"/><line nr="574" mi="0" ci="4" mb="0" cb="0"/><line nr="575" mi="0" ci="4" mb="0" cb="0"/><line nr="577" mi="0" ci="3" mb="0" cb="0"/><line nr="579" mi="0" ci="3" mb="1" cb="1"/><line nr="581" mi="4" ci="0" mb="0" cb="0"/><line nr="584" mi="0" ci="6" mb="0" cb="0"/><line nr="586" mi="0" ci="10" mb="0" cb="2"/><line nr="593" mi="0" ci="8" mb="0" cb="2"/><line nr="599" mi="0" ci="3" mb="1" cb="1"/><line nr="601" mi="4" ci="0" mb="0" cb="0"/><line nr="604" mi="0" ci="4" mb="0" cb="0"/><line nr="605" mi="0" ci="10" mb="0" cb="0"/><line nr="607" mi="0" ci="2" mb="0" cb="2"/><line nr="609" mi="0" ci="4" mb="0" cb="0"/><line nr="613" mi="0" ci="3" mb="0" cb="0"/><line nr="620" mi="0" ci="10" mb="0" cb="2"/><line nr="628" mi="0" ci="3" mb="0" cb="2"/><line nr="630" mi="0" ci="1" mb="0" cb="0"/><line nr="633" mi="0" ci="4" mb="0" cb="0"/><line nr="634" mi="0" ci="10" mb="0" cb="0"/><line nr="636" mi="0" ci="2" mb="0" cb="2"/><line nr="638" mi="0" ci="1" mb="0" cb="0"/><line nr="642" mi="0" ci="3" mb="0" cb="0"/><line nr="645" mi="0" ci="1" mb="0" cb="0"/><line nr="652" mi="0" ci="3" mb="0" cb="2"/><line nr="654" mi="0" ci="4" mb="0" cb="0"/><line nr="657" mi="0" ci="5" mb="0" cb="0"/><line nr="669" mi="0" ci="4" mb="0" cb="0"/><line nr="671" mi="0" ci="18" mb="1" cb="3"/><line nr="683" mi="0" ci="4" mb="0" cb="0"/><line nr="685" mi="1" ci="17" mb="2" cb="2"/><line nr="697" mi="0" ci="4" mb="0" cb="0"/><line nr="699" mi="0" ci="16" mb="0" cb="0"/><line nr="711" mi="0" ci="4" mb="0" cb="0"/><line nr="713" mi="0" ci="6" mb="0" cb="0"/><line nr="714" mi="0" ci="10" mb="0" cb="0"/><line nr="719" mi="0" ci="3" mb="0" cb="0"/><line nr="720" mi="0" ci="5" mb="0" cb="0"/><line nr="721" mi="0" ci="11" mb="0" cb="2"/><line nr="725" mi="0" ci="4" mb="0" cb="0"/><line nr="741" mi="0" ci="4" mb="0" cb="0"/><line nr="742" mi="0" ci="5" mb="0" cb="0"/><line nr="743" mi="0" ci="1" mb="0" cb="0"/><line nr="749" mi="0" ci="4" mb="0" cb="0"/><line nr="750" mi="0" ci="4" mb="0" cb="0"/><line nr="751" mi="0" ci="4" mb="0" cb="0"/><line nr="753" mi="0" ci="5" mb="0" cb="2"/><line nr="755" mi="0" ci="8" mb="0" cb="0"/><line nr="758" mi="0" ci="8" mb="1" cb="1"/><line nr="760" mi="0" ci="11" mb="0" cb="0"/><line nr="763" mi="0" ci="11" mb="0" cb="0"/><line nr="764" mi="0" ci="1" mb="0" cb="0"/><line nr="770" mi="0" ci="4" mb="0" cb="0"/><line nr="771" mi="0" ci="4" mb="0" cb="0"/><line nr="772" mi="0" ci="4" mb="0" cb="0"/><line nr="774" mi="0" ci="5" mb="0" cb="2"/><line nr="776" mi="0" ci="8" mb="0" cb="0"/><line nr="779" mi="0" ci="8" mb="1" cb="1"/><line nr="781" mi="0" ci="11" mb="0" cb="0"/><line nr="784" mi="0" ci="11" mb="0" cb="0"/><line nr="785" mi="0" ci="1" mb="0" cb="0"/><line nr="795" mi="0" ci="4" mb="0" cb="0"/><line nr="797" mi="0" ci="18" mb="0" cb="2"/><line nr="799" mi="0" ci="4" mb="0" cb="2"/><line nr="801" mi="0" ci="4" mb="0" cb="0"/><line nr="804" mi="0" ci="4" mb="0" cb="2"/><line nr="806" mi="0" ci="5" mb="0" cb="0"/><line nr="809" mi="0" ci="4" mb="0" cb="2"/><line nr="811" mi="0" ci="5" mb="0" cb="0"/><line nr="814" mi="0" ci="1" mb="0" cb="0"/><line nr="818" mi="0" ci="5" mb="0" cb="2"/><line nr="820" mi="0" ci="7" mb="0" cb="0"/><line nr="821" mi="0" ci="3" mb="0" cb="0"/><line nr="825" mi="0" ci="2" mb="0" cb="0"/><line nr="832" mi="0" ci="4" mb="0" cb="2"/><line nr="834" mi="0" ci="6" mb="0" cb="0"/><line nr="835" mi="0" ci="2" mb="0" cb="0"/><line nr="837" mi="0" ci="3" mb="1" cb="1"/><line nr="839" mi="0" ci="4" mb="0" cb="0"/><line nr="843" mi="5" ci="0" mb="0" cb="0"/><line nr="853" mi="0" ci="6" mb="0" cb="0"/><line nr="858" mi="0" ci="4" mb="0" cb="2"/><line nr="860" mi="0" ci="10" mb="0" cb="0"/><line nr="861" mi="0" ci="5" mb="0" cb="0"/><line nr="867" mi="0" ci="5" mb="0" cb="2"/><line nr="869" mi="0" ci="8" mb="0" cb="0"/><line nr="870" mi="0" ci="5" mb="0" cb="0"/><line nr="871" mi="0" ci="3" mb="0" cb="0"/><line nr="872" mi="0" ci="5" mb="0" cb="0"/><line nr="879" mi="0" ci="4" mb="0" cb="2"/><line nr="881" mi="0" ci="10" mb="0" cb="0"/><line nr="882" mi="0" ci="5" mb="0" cb="0"/><line nr="884" mi="0" ci="7" mb="0" cb="2"/><line nr="886" mi="0" ci="5" mb="0" cb="0"/><line nr="887" mi="0" ci="9" mb="0" cb="0"/><line nr="888" mi="0" ci="4" mb="0" cb="0"/><line nr="889" mi="0" ci="1" mb="0" cb="0"/><line nr="890" mi="0" ci="7" mb="0" cb="2"/><line nr="892" mi="0" ci="5" mb="0" cb="0"/><line nr="893" mi="0" ci="15" mb="0" cb="2"/><line nr="894" mi="0" ci="4" mb="0" cb="0"/><line nr="895" mi="0" ci="1" mb="0" cb="0"/><line nr="896" mi="0" ci="7" mb="0" cb="2"/><line nr="898" mi="0" ci="5" mb="0" cb="0"/><line nr="899" mi="0" ci="15" mb="0" cb="2"/><line nr="900" mi="0" ci="4" mb="0" cb="0"/><line nr="901" mi="0" ci="1" mb="0" cb="0"/><line nr="904" mi="0" ci="8" mb="0" cb="0"/><line nr="905" mi="0" ci="5" mb="0" cb="0"/><line nr="906" mi="0" ci="5" mb="0" cb="0"/><line nr="907" mi="0" ci="5" mb="0" cb="0"/><line nr="908" mi="0" ci="2" mb="0" cb="0"/><line nr="909" mi="0" ci="5" mb="0" cb="0"/><line nr="911" mi="0" ci="1" mb="0" cb="0"/><line nr="920" mi="0" ci="5" mb="0" cb="0"/><line nr="925" mi="0" ci="6" mb="0" cb="0"/><line nr="930" mi="0" ci="4" mb="0" cb="2"/><line nr="932" mi="0" ci="10" mb="0" cb="0"/><line nr="933" mi="0" ci="5" mb="0" cb="0"/><line nr="939" mi="0" ci="5" mb="0" cb="2"/><line nr="941" mi="0" ci="8" mb="0" cb="0"/><line nr="942" mi="0" ci="5" mb="0" cb="0"/><line nr="943" mi="0" ci="3" mb="0" cb="0"/><line nr="944" mi="0" ci="5" mb="0" cb="0"/><line nr="951" mi="0" ci="4" mb="0" cb="2"/><line nr="953" mi="0" ci="10" mb="0" cb="0"/><line nr="954" mi="0" ci="5" mb="0" cb="0"/><line nr="956" mi="0" ci="7" mb="0" cb="2"/><line nr="958" mi="0" ci="5" mb="0" cb="0"/><line nr="959" mi="0" ci="8" mb="0" cb="0"/><line nr="960" mi="0" ci="5" mb="0" cb="0"/><line nr="961" mi="0" ci="1" mb="0" cb="0"/><line nr="962" mi="0" ci="7" mb="0" cb="2"/><line nr="964" mi="0" ci="5" mb="0" cb="0"/><line nr="965" mi="0" ci="9" mb="0" cb="0"/><line nr="966" mi="0" ci="5" mb="0" cb="0"/><line nr="967" mi="0" ci="1" mb="0" cb="0"/><line nr="968" mi="0" ci="7" mb="0" cb="2"/><line nr="970" mi="0" ci="5" mb="0" cb="0"/><line nr="971" mi="0" ci="9" mb="0" cb="0"/><line nr="972" mi="0" ci="5" mb="0" cb="0"/><line nr="973" mi="0" ci="1" mb="0" cb="0"/><line nr="976" mi="0" ci="8" mb="0" cb="0"/><line nr="977" mi="0" ci="5" mb="0" cb="0"/><line nr="978" mi="0" ci="5" mb="0" cb="0"/><line nr="979" mi="0" ci="5" mb="0" cb="0"/><line nr="980" mi="0" ci="2" mb="0" cb="0"/><line nr="981" mi="0" ci="5" mb="0" cb="0"/><line nr="983" mi="0" ci="1" mb="0" cb="0"/><line nr="992" mi="0" ci="5" mb="0" cb="0"/><line nr="997" mi="0" ci="6" mb="0" cb="0"/><line nr="1002" mi="0" ci="4" mb="0" cb="2"/><line nr="1004" mi="0" ci="10" mb="0" cb="0"/><line nr="1005" mi="0" ci="5" mb="0" cb="0"/><line nr="1011" mi="0" ci="5" mb="0" cb="2"/><line nr="1013" mi="0" ci="8" mb="0" cb="0"/><line nr="1014" mi="0" ci="5" mb="0" cb="0"/><line nr="1015" mi="0" ci="3" mb="0" cb="0"/><line nr="1016" mi="0" ci="5" mb="0" cb="0"/><line nr="1023" mi="0" ci="4" mb="0" cb="2"/><line nr="1025" mi="0" ci="10" mb="0" cb="0"/><line nr="1026" mi="0" ci="5" mb="0" cb="0"/><line nr="1028" mi="0" ci="7" mb="0" cb="2"/><line nr="1030" mi="0" ci="5" mb="0" cb="0"/><line nr="1031" mi="0" ci="8" mb="0" cb="0"/><line nr="1032" mi="0" ci="5" mb="0" cb="0"/><line nr="1033" mi="0" ci="1" mb="0" cb="0"/><line nr="1034" mi="0" ci="7" mb="0" cb="2"/><line nr="1036" mi="0" ci="5" mb="0" cb="0"/><line nr="1037" mi="0" ci="9" mb="0" cb="0"/><line nr="1038" mi="0" ci="5" mb="0" cb="0"/><line nr="1039" mi="0" ci="1" mb="0" cb="0"/><line nr="1040" mi="0" ci="7" mb="0" cb="2"/><line nr="1042" mi="0" ci="5" mb="0" cb="0"/><line nr="1043" mi="0" ci="9" mb="0" cb="0"/><line nr="1044" mi="0" ci="5" mb="0" cb="0"/><line nr="1045" mi="0" ci="1" mb="0" cb="0"/><line nr="1048" mi="0" ci="8" mb="0" cb="0"/><line nr="1049" mi="0" ci="5" mb="0" cb="0"/><line nr="1050" mi="0" ci="5" mb="0" cb="0"/><line nr="1051" mi="0" ci="5" mb="0" cb="0"/><line nr="1052" mi="0" ci="2" mb="0" cb="0"/><line nr="1053" mi="0" ci="5" mb="0" cb="0"/><line nr="1055" mi="0" ci
[...]
="0" ci="5" mb="0" cb="0"/><line nr="257" mi="0" ci="1" mb="0" cb="0"/><line nr="268" mi="0" ci="5" mb="0" cb="0"/><line nr="269" mi="0" ci="1" mb="0" cb="0"/><line nr="280" mi="0" ci="5" mb="0" cb="0"/><line nr="281" mi="0" ci="1" mb="0" cb="0"/><line nr="292" mi="0" ci="5" mb="0" cb="0"/><line nr="293" mi="0" ci="1" mb="0" cb="0"/><line nr="304" mi="0" ci="5" mb="0" cb="0"/><line nr="305" mi="0" ci="1" mb="0" cb="0"/><line nr="316" mi="0" ci="5" mb="0" cb="0"/><line nr="317" mi="0" ci="1" mb="0" cb="0"/><line nr="328" mi="0" ci="5" mb="0" cb="0"/><line nr="329" mi="0" ci="1" mb="0" cb="0"/><line nr="339" mi="0" ci="2" mb="0" cb="0"/><line nr="340" mi="0" ci="5" mb="0" cb="0"/><line nr="341" mi="0" ci="5" mb="0" cb="0"/><line nr="342" mi="0" ci="8" mb="0" cb="0"/><line nr="343" mi="0" ci="4" mb="0" cb="0"/><line nr="344" mi="0" ci="1" mb="0" cb="0"/><line nr="348" mi="0" ci="8" mb="0" cb="0"/><line nr="350" mi="0" ci="2" mb="0" cb="0"/><line nr="352" mi="0" ci="8" mb="0" cb="2"/><line nr="354" mi="0" ci="9" mb="0" cb="0"/><line nr="355" mi="0" ci="9" mb="0" cb="0"/><line nr="356" mi="0" ci="6" mb="0" cb="0"/><line nr="359" mi="0" ci="3" mb="0" cb="0"/><line nr="370" mi="0" ci="5" mb="0" cb="2"/><line nr="372" mi="0" ci="3" mb="0" cb="0"/><line nr="376" mi="0" ci="12" mb="0" cb="0"/><line nr="388" mi="0" ci="3" mb="0" cb="0"/><line nr="399" mi="0" ci="6" mb="0" cb="0"/><line nr="408" mi="0" ci="2" mb="0" cb="0"/><line nr="417" mi="0" ci="2" mb="0" cb="0"/><line nr="426" mi="0" ci="4" mb="0" cb="0"/><line nr="435" mi="0" ci="4" mb="0" cb="0"/><line nr="444" mi="0" ci="4" mb="0" cb="0"/><line nr="453" mi="0" ci="4" mb="0" cb="0"/><line nr="463" mi="0" ci="3" mb="0" cb="0"/><line nr="464" mi="0" ci="3" mb="0" cb="0"/><line nr="465" mi="0" ci="1" mb="0" cb="0"/><line nr="479" mi="0" ci="5" mb="0" cb="0"/><line nr="490" mi="0" ci="4" mb="0" cb="2"/><line nr="492" mi="0" ci="3" mb="0" cb="0"/><line nr="497" mi="0" ci="8" mb="0" cb="0"/><line nr="498" mi="0" ci="3" mb="0" cb="0"/><line nr="500" mi="0" ci="1" mb="0" cb="0"/><line nr="502" mi="0" ci="2" mb="0" cb="0"/><line nr="520" mi="0" ci="6" mb="0" cb="2"/><line nr="522" mi="0" ci="2" mb="0" cb="0"/><line nr="524" mi="0" ci="5" mb="0" cb="2"/><line nr="526" mi="0" ci="2" mb="0" cb="0"/><line nr="529" mi="0" ci="7" mb="0" cb="0"/><line nr="531" mi="0" ci="12" mb="0" cb="2"/><line nr="533" mi="0" ci="8" mb="0" cb="0"/><line nr="534" mi="0" ci="12" mb="1" cb="3"/><line nr="535" mi="0" ci="12" mb="1" cb="3"/><line nr="537" mi="0" ci="8" mb="0" cb="0"/><line nr="538" mi="0" ci="12" mb="1" cb="3"/><line nr="539" mi="0" ci="12" mb="1" cb="3"/><line nr="541" mi="0" ci="11" mb="0" cb="0"/><line nr="544" mi="0" ci="3" mb="0" cb="0"/><line nr="564" mi="0" ci="4" mb="0" cb="2"/><line nr="566" mi="0" ci="3" mb="0" cb="0"/><line nr="569" mi="0" ci="80" mb="10" cb="24"/><line nr="576" mi="0" ci="6" mb="0" cb="0"/><line nr="582" mi="0" ci="6" mb="0" cb="0"/><line nr="584" mi="0" ci="2" mb="0" cb="0"/><line nr="595" mi="0" ci="4" mb="0" cb="2"/><line nr="597" mi="0" ci="3" mb="0" cb="0"/><line nr="599" mi="0" ci="5" mb="0" cb="2"/><line nr="601" mi="0" ci="4" mb="0" cb="0"/><line nr="603" mi="0" ci="5" mb="0" cb="2"/><line nr="605" mi="0" ci="4" mb="0" cb="0"/><line nr="607" mi="0" ci="5" mb="0" cb="2"/><line nr="609" mi="0" ci="4" mb="0" cb="0"/><line nr="611" mi="0" ci="5" mb="0" cb="2"/><line nr="613" mi="0" ci="4" mb="0" cb="0"/><line nr="615" mi="0" ci="17" mb="2" cb="4"/><line nr="617" mi="0" ci="10" mb="0" cb="0"/><line nr="618" mi="0" ci="3" mb="0" cb="0"/><line nr="622" mi="0" ci="2" mb="0" cb="0"/><line nr="633" mi="0" ci="4" mb="0" cb="2"/><line nr="635" mi="0" ci="3" mb="0" cb="0"/><line nr="637" mi="0" ci="5" mb="0" cb="2"/><line nr="639" mi="0" ci="4" mb="0" cb="0"/><line nr="641" mi="0" ci="5" mb="0" cb="2"/><line nr="643" mi="0" ci="4" mb="0" cb="0"/><line nr="645" mi="0" ci="5" mb="0" cb="2"/><line nr="647" mi="0" ci="4" mb="0" cb="0"/><line nr="649" mi="0" ci="5" mb="0" cb="2"/><line nr="651" mi="0" ci="4" mb="0" cb="0"/><line nr="657" mi="0" ci="7" mb="0" cb="0"/><line nr="658" mi="0" ci="3" mb="0" cb="0"/><line nr="660" mi="0" ci="1" mb="0" cb="0"/><line nr="662" mi="0" ci="2" mb="0" cb="0"/><line nr="674" mi="0" ci="4" mb="0" cb="2"/><line nr="676" mi="0" ci="3" mb="0" cb="0"/><line nr="678" mi="0" ci="5" mb="0" cb="2"/><line nr="680" mi="0" ci="4" mb="0" cb="0"/><line nr="682" mi="0" ci="5" mb="0" cb="2"/><line nr="684" mi="0" ci="4" mb="0" cb="0"/><line nr="686" mi="0" ci="5" mb="0" cb="2"/><line nr="688" mi="0" ci="4" mb="0" cb="0"/><line nr="690" mi="0" ci="5" mb="0" cb="2"/><line nr="692" mi="0" ci="4" mb="0" cb="0"/><line nr="698" mi="0" ci="7" mb="0" cb="0"/><line nr="699" mi="0" ci="3" mb="0" cb="0"/><line nr="701" mi="0" ci="1" mb="0" cb="0"/><line nr="703" mi="0" ci="2" mb="0" cb="0"/><line nr="715" mi="0" ci="4" mb="0" cb="2"/><line nr="717" mi="0" ci="3" mb="0" cb="0"/><line nr="719" mi="0" ci="5" mb="0" cb="2"/><line nr="721" mi="0" ci="4" mb="0" cb="0"/><line nr="723" mi="0" ci="5" mb="0" cb="2"/><line nr="725" mi="0" ci="4" mb="0" cb="0"/><line nr="727" mi="0" ci="5" mb="0" cb="2"/><line nr="729" mi="0" ci="4" mb="0" cb="0"/><line nr="731" mi="0" ci="5" mb="0" cb="2"/><line nr="733" mi="0" ci="4" mb="0" cb="0"/><line nr="739" mi="0" ci="7" mb="0" cb="0"/><line nr="740" mi="0" ci="3" mb="0" cb="0"/><line nr="742" mi="0" ci="1" mb="0" cb="0"/><line nr="744" mi="0" ci="2" mb="0" cb="0"/><line nr="757" mi="0" ci="4" mb="0" cb="2"/><line nr="759" mi="0" ci="3" mb="0" cb="0"/><line nr="761" mi="0" ci="5" mb="0" cb="2"/><line nr="763" mi="0" ci="4" mb="0" cb="0"/><line nr="765" mi="0" ci="5" mb="0" cb="2"/><line nr="767" mi="0" ci="4" mb="0" cb="0"/><line nr="769" mi="0" ci="5" mb="0" cb="2"/><line nr="771" mi="0" ci="4" mb="0" cb="0"/><line nr="773" mi="0" ci="5" mb="0" cb="2"/><line nr="775" mi="0" ci="4" mb="0" cb="0"/><line nr="781" mi="0" ci="7" mb="0" cb="0"/><line nr="782" mi="0" ci="3" mb="0" cb="0"/><line nr="784" mi="0" ci="1" mb="0" cb="0"/><line nr="786" mi="0" ci="2" mb="0" cb="0"/><line nr="798" mi="0" ci="4" mb="0" cb="2"/><line nr="800" mi="0" ci="3" mb="0" cb="0"/><line nr="804" mi="0" ci="3" mb="0" cb="0"/><line nr="805" mi="0" ci="13" mb="0" cb="2"/><line nr="806" mi="0" ci="3" mb="0" cb="0"/><line nr="819" mi="0" ci="4" mb="0" cb="2"/><line nr="821" mi="0" ci="3" mb="0" cb="0"/><line nr="823" mi="0" ci="5" mb="0" cb="2"/><line nr="825" mi="0" ci="4" mb="0" cb="0"/><line nr="827" mi="0" ci="5" mb="0" cb="2"/><line nr="829" mi="0" ci="4" mb="0" cb="0"/><line nr="831" mi="0" ci="5" mb="0" cb="2"/><line nr="833" mi="0" ci="4" mb="0" cb="0"/><line nr="835" mi="0" ci="5" mb="0" cb="2"/><line nr="837" mi="0" ci="4" mb="0" cb="0"/><line nr="839" mi="0" ci="5" mb="0" cb="2"/><line nr="841" mi="0" ci="4" mb="0" cb="0"/><line nr="843" mi="0" ci="5" mb="0" cb="2"/><line nr="845" mi="0" ci="4" mb="0" cb="0"/><line nr="849" mi="0" ci="7" mb="0" cb="0"/><line nr="850" mi="0" ci="3" mb="0" cb="0"/><line nr="853" mi="0" ci="1" mb="0" cb="0"/><line nr="855" mi="0" ci="2" mb="0" cb="0"/><line nr="865" mi="0" ci="2" mb="0" cb="0"/><line nr="874" mi="0" ci="2" mb="0" cb="0"/><line nr="883" mi="0" ci="2" mb="0" cb="0"/><line nr="892" mi="0" ci="3" mb="0" cb="0"/><line nr="901" mi="0" ci="6" mb="0" cb="0"/><line nr="910" mi="0" ci="3" mb="0" cb="2"/><line nr="912" mi="0" ci="2" mb="0" cb="0"/><line nr="914" mi="0" ci="2" mb="0" cb="2"/><line nr="916" mi="0" ci="2" mb="0" cb="0"/><line nr="918" mi="0" ci="3" mb="0" cb="2"/><line nr="920" mi="0" ci="2" mb="0" cb="0"/><line nr="924" mi="0" ci="3" mb="0" cb="0"/><line nr="925" mi="0" ci="15" mb="1" cb="3"/><line nr="926" mi="0" ci="2" mb="0" cb="0"/><line nr="936" mi="0" ci="3" mb="0" cb="0"/><counter type="INSTRUCTION" missed="0" covered="957"/><counter type="BRANCH" missed="17" covered="131"/><counter type="LINE" missed="0" covered="213"/><counter type="COMPLEXITY" missed="17" covered="113"/><counter type="METHOD" missed="0" covered="51"/><counter type="CLASS" missed="0" covered="1"/></sourcefile><sourcefile name="TreeMutator.java"><line nr="53" mi="0" ci="5" mb="0" cb="0"/><line nr="54" mi="0" ci="1" mb="0" cb="0"/><line nr="59" mi="0" ci="2" mb="0" cb="0"/><line nr="60" mi="0" ci="3" mb="0" cb="0"/><line nr="61" mi="0" ci="5" mb="0" cb="0"/><line nr="62" mi="0" ci="3" mb="0" cb="0"/><line nr="63" mi="0" ci="1" mb="0" cb="0"/><line nr="75" mi="0" ci="4" mb="0" cb="2"/><line nr="77" mi="0" ci="7" mb="0" cb="0"/><line nr="78" mi="0" ci="4" mb="0" cb="0"/><line nr="79" mi="0" ci="3" mb="0" cb="0"/><line nr="80" mi="0" ci="4" mb="0" cb="0"/><line nr="84" mi="0" ci="5" mb="0" cb="0"/><line nr="98" mi="0" ci="4" mb="0" cb="2"/><line nr="100" mi="0" ci="7" mb="0" cb="0"/><line nr="101" mi="0" ci="4" mb="0" cb="0"/><line nr="102" mi="0" ci="3" mb="0" cb="0"/><line nr="103" mi="0" ci="4" mb="0" cb="0"/><line nr="107" mi="0" ci="5" mb="0" cb="0"/><line nr="120" mi="0" ci="3" mb="0" cb="2"/><line nr="122" mi="0" ci="5" mb="0" cb="0"/><line nr="126" mi="0" ci="9" mb="0" cb="0"/><line nr="139" mi="0" ci="4" mb="0" cb="0"/><line nr="151" mi="0" ci="4" mb="0" cb="2"/><line nr="153" mi="0" ci="9" mb="0" cb="0"/><line nr="157" mi="0" ci="5" mb="0" cb="0"/><line nr="171" mi="0" ci="4" mb="0" cb="2"/><line nr="173" mi="0" ci="6" mb="0" cb="0"/><line nr="174" mi="0" ci="7" mb="0" cb="0"/><line nr="175" mi="0" ci="2" mb="0" cb="0"/><line nr="179" mi="0" ci="5" mb="0" cb="0"/><line nr="190" mi="0" ci="3" mb="0" cb="0"/><line nr="199" mi="0" ci="4" mb="0" cb="0"/><line nr="216" mi="0" ci="7" mb="0" cb="0"/><line nr="217" mi="0" ci="5" mb="0" cb="0"/><line nr="218" mi="0" ci="3" mb="0" cb="0"/><line nr="223" mi="0" ci="12" mb="0" cb="2"/><line nr="228" mi="0" ci="2" mb="0" cb="0"/><counter type="INSTRUCTION" missed="0" covered="173"/><counter type="BRANCH" missed="0" covered="12"/><counter type="LINE" missed="0" covered="38"/><counter type="COMPLEXITY" missed="0" covered="17"/><counter type="METHOD" missed="0" covered="11"/><counter type="CLASS" missed="0" covered="1"/></sourcefile><sourcefile name="SourceLocation.java"><line nr="27" mi="0" ci="8" mb="0" cb="0"/><line nr="45" mi="0" ci="2" mb="0" cb="0"/><line nr="46" mi="0" ci="5" mb="0" cb="0"/><line nr="47" mi="0" ci="3" mb="0" cb="0"/><line nr="48" mi="0" ci="3" mb="0" cb="0"/><line nr="49" mi="0" ci="1" mb="0" cb="0"/><line nr="59" mi="0" ci="3" mb="0" cb="0"/><line nr="70" mi="3" ci="0" mb="0" cb="0"/><line nr="81" mi="3" ci="0" mb="0" cb="0"/><line nr="92" mi="22" ci="0" mb="0" cb="0"/><line nr="101" mi="3" ci="0" mb="0" cb="0"/><counter type="INSTRUCTION" missed="31" covered="25"/><counter type="LINE" missed="4" covered="7"/><counter type="COMPLEXITY" missed="4" covered="3"/><counter type="METHOD" missed="4" covered="3"/><counter type="CLASS" missed="0" covered="1"/></sourcefile><sourcefile name="Sexpr.java"><line nr="149" mi="0" ci="10" mb="0" cb="2"/><line nr="167" mi="0" ci="3" mb="0" cb="2"/><line nr="169" mi="0" ci="3" mb="0" cb="0"/><line nr="173" mi="0" ci="6" mb="0" cb="0"/><line nr="192" mi="0" ci="3" mb="0" cb="2"/><line nr="194" mi="0" ci="3" mb="0" cb="0"/><line nr="198" mi="0" ci="6" mb="0" cb="0"/><counter type="INSTRUCTION" missed="0" covered="34"/><counter type="BRANCH" missed="0" covered="6"/><counter type="LINE" missed="0" covered="7"/><counter type="COMPLEXITY" missed="0" covered="6"/><counter type="METHOD" missed="0" covered="3"/><counter type="CLASS" missed="0" covered="1"/></sourcefile><sourcefile name="SList.java"><line nr="84" mi="0" ci="2" mb="0" cb="0"/><line nr="85" mi="0" ci="5" mb="0" cb="0"/><line nr="86" mi="0" ci="5" mb="0" cb="0"/><line nr="87" mi="0" ci="12" mb="0" cb="0"/><line nr="88" mi="0" ci="3" mb="0" cb="0"/><line nr="89" mi="0" ci="13" mb="0" cb="0"/><line nr="90" mi="0" ci="15" mb="0" cb="0"/><line nr="91" mi="0" ci="11" mb="0" cb="0"/><line nr="92" mi="0" ci="13" mb="0" cb="0"/><line nr="93" mi="0" ci="1" mb="0" cb="0"/><line nr="103" mi="0" ci="8" mb="0" cb="0"/><line nr="116" mi="0" ci="8" mb="0" cb="0"/><line nr="127" mi="0" ci="7" mb="0" cb="0"/><line nr="140" mi="0" ci="7" mb="0" cb="0"/><line nr="151" mi="0" ci="7" mb="0" cb="0"/><line nr="164" mi="0" ci="7" mb="0" cb="0"/><line nr="175" mi="0" ci="6" mb="0" cb="0"/><line nr="188" mi="0" ci="6" mb="0" cb="0"/><line nr="209" mi="0" ci="6" mb="0" cb="0"/><line nr="233" mi="0" ci="7" mb="0" cb="0"/><line nr="239" mi="0" ci="4" mb="0" cb="0"/><line nr="240" mi="0" ci="21" mb="0" cb="0"/><line nr="241" mi="0" ci="2" mb="0" cb="0"/><line nr="248" mi="0" ci="4" mb="0" cb="0"/><line nr="249" mi="0" ci="26" mb="0" cb="0"/><line nr="250" mi="0" ci="2" mb="0" cb="0"/><line nr="259" mi="0" ci="6" mb="0" cb="0"/><line nr="268" mi="0" ci="2" mb="0" cb="0"/><line nr="277" mi="0" ci="2" mb="0" cb="0"/><line nr="287" mi="0" ci="9" mb="0" cb="2"/><line nr="297" mi="0" ci="12" mb="0" cb="2"/><line nr="306" mi="0" ci="3" mb="0" cb="0"/><line nr="317" mi="0" ci="5" mb="0" cb="0"/><line nr="326" mi="0" ci="4" mb="0" cb="0"/><line nr="338" mi="0" ci="14" mb="0" cb="2"/><line nr="347" mi="0" ci="4" mb="0" cb="0"/><line nr="349" mi="0" ci="4" mb="0" cb="0"/><line nr="351" mi="0" ci="3" mb="0" cb="2"/><line nr="353" mi="0" ci="4" mb="0" cb="0"/><line nr="355" mi="0" ci="4" mb="0" cb="2"/><line nr="357" mi="0" ci="2" mb="0" cb="0"/><line nr="359" mi="0" ci="3" mb="0" cb="2"/><line nr="361" mi="0" ci="5" mb="0" cb="0"/><line nr="363" mi="0" ci="1" mb="0" cb="0"/><line nr="365" mi="0" ci="2" mb="0" cb="0"/><line nr="374" mi="0" ci="4" mb="0" cb="0"/><line nr="383" mi="0" ci="18" mb="0" cb="4"/><line nr="392" mi="0" ci="18" mb="0" cb="4"/><line nr="402" mi="0" ci="3" mb="0" cb="0"/><line nr="403" mi="0" ci="11" mb="0" cb="0"/><line nr="404" mi="0" ci="3" mb="0" cb="0"/><line nr="405" mi="0" ci="1" mb="0" cb="0"/><line nr="422" mi="0" ci="4" mb="0" cb="0"/><line nr="424" mi="0" ci="10" mb="0" cb="2"/><line nr="426" mi="0" ci="3" mb="0" cb="2"/><line nr="428" mi="0" ci="2" mb="0" cb="0"/><line nr="430" mi="0" ci="5" mb="0" cb="2"/><line nr="432" mi="0" ci="2" mb="0" cb="0"/><line nr="436" mi="0" ci="3" mb="0" cb="0"/><line nr="437" mi="0" ci="7" mb="0" cb="0"/><line nr="439" mi="0" ci="1" mb="0" cb="0"/><line nr="441" mi="0" ci="4" mb="0" cb="0"/><line nr="450" mi="0" ci="3" mb="0" cb="0"/><line nr="459" mi="0" ci="3" mb="0" cb="0"/><line nr="468" mi="0" ci="3" mb="0" cb="0"/><line nr="477" mi="0" ci="3" mb="0" cb="2"/><line nr="479" mi="0" ci="2" mb="0" cb="0"/><line nr="481" mi="0" ci="2" mb="0" cb="2"/><line nr="483" mi="0" ci="2" mb="0" cb="0"/><line nr="485" mi="0" ci="5" mb="0" cb="2"/><line nr="487" mi="0" ci="2" mb="0" cb="0"/><line nr="489" mi="0" ci="3" mb="0" cb="2"/><line nr="491" mi="0" ci="2" mb="0" cb="0"/><line nr="495" mi="0" ci="3" mb="0" cb="0"/><line nr="496" mi="0" ci="6" mb="0" cb="0"/><line nr="497" mi="0" ci="2" mb="0" cb="0"/><line nr="507" mi="0" ci="3" mb="0" cb="0"/><line nr="516" mi="0" ci="4" mb="0" cb="0"/><line nr="517" mi="0" ci="4" mb="0" cb="0"/><line nr="518" mi="0" ci="19" mb="0" cb="0"/><line nr="519" mi="0" ci="10" mb="0" cb="2"/><line nr="520" mi="0" ci="4" mb="0" cb="0"/><line nr="521" mi="0" ci="3" mb="0" cb="0"/><line nr="540" mi="0" ci="4" mb="0" cb="0"/><line nr="541" mi="0" ci="2" mb="0" cb="0"/><line nr="559" mi="4" ci="0" mb="0" cb="0"/><line nr="561" mi="25" ci="0" mb="0" cb="0"/><line nr="562" mi="5" ci="0" mb="0" cb="0"/><line nr="563" mi="5" ci="0" mb="0" cb="0"/><line nr="565" mi="3" ci="0" mb="2" cb="0"/><line nr="567" mi="8" ci="0" mb="0" cb="0"/><line nr="569" mi="96" ci="0" mb="24" cb="0"/><line nr="570" mi="1" ci="0" mb="0" cb="0"/><line nr="572" mi="2" ci="0" mb="0" cb="0"/><line nr="573" mi="1" ci="0" mb="0" cb="0"/><line nr="575" mi="5" ci="0" mb="0" cb="0"/><line nr="593" mi="3" ci="0" mb="0" cb="0"/><line nr="594" mi="4" ci="0" mb="0" cb="0"/><line nr="595" mi="7" ci="0" mb="0" cb="0"/><line nr="596" mi="8" ci="0" mb="0" cb="0"/><line nr="597" mi="5" ci="0" mb="0" cb="0"/><counter type="INSTRUCTION" missed="182" covered="490"/><counter type="BRANCH" missed="26" covered="36"/><counter type="LINE" missed="16" covered="85"/><counter type="COMPLEXITY" missed="16" covered="64"/><counter type="METHOD" missed="3" covered="46"/><counter type="CLASS" missed="0" covered="1"/></sourcefile><sourcefile name="SexprSchema.java"><line nr="42" mi="0" ci="3" mb="0" cb="0"/><line nr="44" mi="3" ci="0" mb="2" cb="0"/><line nr="46" mi="15" ci="0" mb="0" cb="0"/><line nr="50" mi="3" ci="0" mb="0" cb="0"/><line nr="52" mi="1" ci="0" mb="0" cb="0"/><line nr="62" mi="0" ci="2" mb="0" cb="0"/><line nr="63" mi="0" ci="6" mb="0" cb="0"/><line nr="64" mi="0" ci="1" mb="0" cb="0"/><line nr="76" mi="0" ci="4" mb="0" cb="0"/><line nr="77" mi="0" ci="6" mb="0" cb="0"/><line nr="90" mi="3" ci="0" mb="0" cb="0"/><line nr="91" mi="4" ci="0" mb="0" cb="0"/><line nr="92" mi="7" ci="0" mb="0" cb="0"/><line nr="93" mi="8" ci="0" mb="0" cb="0"/><line nr="94" mi="5" ci="0" mb="0" cb="0"/><line nr="107" mi="4" ci="0" mb="0" cb="0"/><line nr="109" mi="25" ci="0" mb="0" cb="0"/><line nr="110" mi="5" ci="0" mb="0" cb="0"/><line nr="111" mi="5" ci="0" mb="0" cb="0"/><line nr="113" mi="3" ci="0" mb="2" cb="0"/><line nr="115" mi="8" ci="0" mb="0" cb="0"/><line nr="117" mi="96" ci="0" mb="24" cb="0"/><line nr="118" mi="1" ci="0" mb="0" cb="0"/><line nr="120" mi="2" ci="0" mb="0" cb="0"/><line nr="121" mi="1" ci="0" mb="0" cb="0"/><line nr="123" mi="5" ci="0" mb="0" cb="0"/><line nr="159" mi="0" ci="4" mb="0" cb="0"/><line nr="160" mi="0" ci="5" mb="0" cb="0"/><line nr="161" mi="0" ci="2" mb="0" cb="0"/><line nr="180" mi="0" ci="2" mb="0" cb="0"/><line nr="181" mi="0" ci="4" mb="0" cb="0"/><line nr="182" mi="0" ci="7" mb="0" cb="0"/><line nr="183" mi="0" ci="1" mb="0" cb="0"/><line nr="200" mi="4" ci="0" mb="0" cb="0"/><line nr="201" mi="4" ci="0" mb="0" cb="0"/><line nr="202" mi="5" ci="0" mb="0" cb="0"/><line nr="203" mi="6" ci="0" mb="0" cb="0"/><line nr="204" mi="2" ci="0" mb="0" cb="0"/><line nr="220" mi="0" ci="4" mb="0" cb="0"/><line nr="221" mi="0" ci="5" mb="0" cb="0"/><line nr="222" mi="0" ci="2" mb="0" cb="0"/><line nr="239" mi="4" ci="0" mb="0" cb="0"/><line nr="240" mi="4" ci="0" mb="0" cb="0"/><line nr="241" mi="4" ci="0" mb="0" cb="0"/><line nr="242" mi="5" ci="0" mb="0" cb="0"/><line nr="243" mi="7" ci="0" mb="0" cb="0"/><line nr="244" mi="2" ci="0" mb="0" cb="0"/><line nr="261" mi="4" ci="0" mb="0" cb="0"/><line nr="262" mi="4" ci="0" mb="0" cb="0"/><line nr="263" mi="4" ci="0" mb="0" cb="0"/><line nr="264" mi="5" ci="0" mb="0" cb="0"/><line nr="265" mi="7" ci="0" mb="0" cb="0"/><line nr="266" mi="2" ci="0" mb="0" cb="0"/><line nr="278" mi="0" ci="4" mb="0" cb="0"/><line nr="279" mi="0" ci="5" mb="0" cb="0"/><line nr="280" mi="0" ci="5" mb="0" cb="0"/><line nr="281" mi="0" ci="2" mb="0" cb="0"/><line nr="293" mi="5" ci="0" mb="0" cb="0"/><line nr="294" mi="2" ci="0" mb="0" cb="0"/><line nr="304" mi="0" ci="3" mb="0" cb="0"/><line nr="305" mi="0" ci="3" mb="0" cb="0"/><line nr="306" mi="0" ci="3" mb="0" cb="0"/><line nr="307" mi="0" ci="2" mb="0" cb="0"/><counter type="INSTRUCTION" missed="284" covered="85"/><counter type="BRANCH" missed="28" covered="0"/><counter type="LINE" missed="39" covered="24"/><counter type="COMPLEXITY" missed="22" covered="8"/><counter type="METHOD" missed="8" covered="8"/><counter type="CLASS" missed="0" covered="2"/></sourcefile><counter type="INSTRUCTION" missed="497" covered="1764"/><counter type="BRANCH" missed="71" covered="185"/><counter type="LINE" missed="59" covered="374"/><counter type="COMPLEXITY" missed="59" covered="211"/><counter type="METHOD" missed="15" covered="122"/><counter type="CLASS" missed="0" covered="7"/></package><counter type="INSTRUCTION" missed="1264" covered="6745"/><counter type="BRANCH" missed="169" covered="563"/><counter type="LINE" missed="228" covered="1284"/><counter type="COMPLEXITY" missed="178" covered="550"/><counter type="METHOD" missed="62" covered="286"/><counter type="CLASS" missed="3" covered="28"/></report>