<?xml version="1.0" encoding="UTF-8" standalone="yes"?><!DOCTYPE report PUBLIC "-//JACOCO//DTD Report 1.0//EN" "report.dtd"><report name="JaCoCoverage analysis (powered by JaCoCo from EclEmma)"><sessioninfo id="caprica-a69a3ed3" start="1536024896373" dump="1536024898564"/><sessioninfo id="caprica-8473ef8b" start="1536024898923" dump="1536024900077"/><sessioninfo id="caprica-47b92681" start="1536024900469" dump="1536024902284"/><sessioninfo id="caprica-54c62ea3" start="1536024902688" dump="1536024903548"/><sessioninfo id="caprica-598c59f5" start="1536024903888" dump="1536024905270"/><package name="com/mackenziehigh/sexpr/util"><class name="com/mackenziehigh/sexpr/util/StringPrinter"><method name="&lt;init&gt;" desc="(II)V" line="32"><counter type="INSTRUCTION" missed="29" covered="0"/><counter type="BRANCH" missed="4" covered="0"/><counter type="LINE" missed="9" covered="0"/><counter type="COMPLEXITY" missed="3" covered="0"/><counter type="METHOD" missed="1" covered="0"/></method><method name="increment" desc="()Lcom/mackenziehigh/sexpr/util/StringPrinter;" line="64"><counter type="INSTRUCTION" missed="8" covered="0"/><counter type="LINE" missed="2" covered="0"/><counter type="COMPLEXITY" missed="1" covered="0"/><counter type="METHOD" missed="1" covered="0"/></method><method name="decrement" desc="()Lcom/mackenziehigh/sexpr/util/StringPrinter;" line="75"><counter type="INSTRUCTION" missed="8" covered="0"/><counter type="LINE" missed="2" covered="0"/><counter type="COMPLEXITY" missed="1" covered="0"/><counter type="METHOD" missed="1" covered="0"/></method><method name="setIndent" desc="(I)Lcom/mackenziehigh/sexpr/util/StringPrinter;" line="87"><counter type="INSTRUCTION" missed="12" covered="0"/><counter type="BRANCH" missed="2" covered="0"/><counter type="LINE" missed="4" covered="0"/><counter type="COMPLEXITY" missed="2" covered="0"/><counter type="METHOD" missed="1" covered="0"/></method><method name="getIndent" desc="()I" line="103"><counter type="INSTRUCTION" missed="3" covered="0"/><counter type="LINE" missed="1" covered="0"/><counter type="COMPLEXITY" missed="1" covered="0"/><counter type="METHOD" missed="1" covered="0"/></method><method name="print" desc="(Ljava/lang/Object;)Lcom/mackenziehigh/sexpr/util/StringPrinter;" line="114"><counter type="INSTRUCTION" missed="16" covered="0"/><counter type="LINE" missed="2" covered="0"/><counter type="COMPLEXITY" missed="1" covered="0"/><counter type="METHOD" missed="1" covered="0"/></method><method name="println" desc="()Lcom/mackenziehigh/sexpr/util/StringPrinter;" line="125"><counter type="INSTRUCTION" missed="7" covered="0"/><counter type="LINE" missed="2" covered="0"/><counter type="COMPLEXITY" missed="1" covered="0"/><counter type="METHOD" missed="1" covered="0"/></method><method name="println" desc="(Ljava/lang/Object;)Lcom/mackenziehigh/sexpr/util/StringPrinter;" line="137"><counter type="INSTRUCTION" missed="18" covered="0"/><counter type="LINE" missed="2" covered="0"/><counter type="COMPLEXITY" missed="1" covered="0"/><counter type="METHOD" missed="1" covered="0"/></method><method name="printf" desc="(Ljava/lang/String;[Ljava/lang/Object;)Lcom/mackenziehigh/sexpr/util/StringPrinter;" line="151"><counter type="INSTRUCTION" missed="18" covered="0"/><counter type="LINE" missed="2" covered="0"/><counter type="COMPLEXITY" missed="1" covered="0"/><counter type="METHOD" missed="1" covered="0"/></method><method name="printlns" desc="(Ljava/lang/Iterable;)Lcom/mackenziehigh/sexpr/util/StringPrinter;" line="163"><counter type="INSTRUCTION" missed="16" covered="0"/><counter type="BRANCH" missed="2" covered="0"/><counter type="LINE" missed="4" covered="0"/><counter type="COMPLEXITY" missed="2" covered="0"/><counter type="METHOD" missed="1" covered="0"/></method><method name="printList" desc="(Ljava/lang/Iterable;Ljava/lang/String;Ljava/lang/String;Ljava/lang/String;)Lcom/mackenziehigh/sexpr/util/StringPrinter;" line="184"><counter type="INSTRUCTION" missed="68" covered="0"/><counter type="BRANCH" missed="4" covered="0"/><counter type="LINE" missed="18" covered="0"/><counter type="COMPLEXITY" missed="3" covered="0"/><counter type="METHOD" missed="1" covered="0"/></method><method name="output" desc="()Ljava/lang/String;" line="224"><counter type="INSTRUCTION" missed="4" covered="0"/><counter type="LINE" missed="1" covered="0"/><counter type="COMPLEXITY" missed="1" covered="0"/><counter type="METHOD" missed="1" covered="0"/></method><method name="toString" desc="()Ljava/lang/String;" line="233"><counter type="INSTRUCTION" missed="3" covered="0"/><counter type="LINE" missed="1" covered="0"/><counter type="COMPLEXITY" missed="1" covered="0"/><counter type="METHOD" missed="1" covered="0"/></method><method name="repeat" desc="(Ljava/lang/String;I)Ljava/lang/String;" line="239"><counter type="INSTRUCTION" missed="14" covered="0"/><counter type="LINE" missed="3" covered="0"/><counter type="COMPLEXITY" missed="1" covered="0"/><counter type="METHOD" missed="1" covered="0"/></method><method name="lambda$repeat$1" desc="(Ljava/lang/StringBuilder;Ljava/lang/String;I)V" line="240"><counter type="INSTRUCTION" missed="5" covered="0"/><counter type="LINE" missed="1" covered="0"/><counter type="COMPLEXITY" missed="1" covered="0"/><counter type="METHOD" missed="1" covered="0"/></method><method name="lambda$printList$0" desc="(Ljava/util/List;Ljava/lang/Object;)V" line="190"><counter type="INSTRUCTION" missed="5" covered="0"/><counter type="LINE" missed="1" covered="0"/><counter type="COMPLEXITY" missed="1" covered="0"/><counter type="METHOD" missed="1" covered="0"/></method><counter type="INSTRUCTION" missed="234" covered="0"/><counter type="BRANCH" missed="12" covered="0"/><counter type="LINE" missed="53" covered="0"/><counter type="COMPLEXITY" missed="22" covered="0"/><counter type="METHOD" missed="16" covered="0"/><counter type="CLASS" missed="1" covered="0"/></class><class name="com/mackenziehigh/sexpr/util/OutputFile"><method name="&lt;init&gt;" desc="(Ljava/io/File;II)V" line="45"><counter type="INSTRUCTION" missed="17" covered="0"/><counter type="LINE" missed="5" covered="0"/><counter type="COMPLEXITY" missed="1" covered="0"/><counter type="METHOD" missed="1" covered="0"/></method><method name="file" desc="()Ljava/io/File;" line="58"><counter type="INSTRUCTION" missed="3" covered="0"/><counter type="LINE" missed="1" covered="0"/><counter type="COMPLEXITY" missed="1" covered="0"/><counter type="METHOD" missed="1" covered="0"/></method><method name="content" desc="()Lcom/mackenziehigh/sexpr/util/StringPrinter;" line="68"><counter type="INSTRUCTION" missed="3" covered="0"/><counter type="LINE" missed="1" covered="0"/><counter type="COMPLEXITY" missed="1" covered="0"/><counter type="METHOD" missed="1" covered="0"/></method><method name="write" desc="()V" line="79"><counter type="INSTRUCTION" missed="16" covered="0"/><counter type="LINE" missed="3" covered="0"/><counter type="COMPLEXITY" missed="1" covered="0"/><counter type="METHOD" missed="1" covered="0"/></method><method name="toString" desc="()Ljava/lang/String;" line="89"><counter type="INSTRUCTION" missed="4" covered="0"/><counter type="LINE" missed="1" covered="0"/><counter type="COMPLEXITY" missed="1" covered="0"/><counter type="METHOD" missed="1" covered="0"/></method><counter type="INSTRUCTION" missed="43" covered="0"/><counter type="LINE" missed="11" covered="0"/><counter type="COMPLEXITY" missed="5" covered="0"/><counter type="METHOD" missed="5" covered="0"/><counter type="CLASS" missed="1" covered="0"/></class><sourcefile name="OutputFile.java"><line nr="45" mi="2" ci="0" mb="0" cb="0"/><line nr="46" mi="4" ci="0" mb="0" cb="0"/><line nr="47" mi="3" ci="0" mb="0" cb="0"/><line nr="48" mi="7" ci="0" mb="0" cb="0"/><line nr="49" mi="1" ci="0" mb="0" cb="0"/><line nr="58" mi="3" ci="0" mb="0" cb="0"/><line nr="68" mi="3" ci="0" mb="0" cb="0"/><line nr="79" mi="7" ci="0" mb="0" cb="0"/><line nr="80" mi="8" ci="0" mb="0" cb="0"/><line nr="81" mi="1" ci="0" mb="0" cb="0"/><line nr="89" mi="4" ci="0" mb="0" cb="0"/><counter type="INSTRUCTION" missed="43" covered="0"/><counter type="LINE" missed="11" covered="0"/><counter type="COMPLEXITY" missed="5" covered="0"/><counter type="METHOD" missed="5" covered="0"/><counter type="CLASS" missed="1" covered="0"/></sourcefile><sourcefile name="StringPrinter.java"><line nr="32" mi="3" ci="0" mb="0" cb="0"/><line nr="42" mi="2" ci="0" mb="0" cb="0"/><line nr="43" mi="2" ci="0" mb="2" cb="0"/><line nr="45" mi="5" ci="0" mb="0" cb="0"/><line nr="48" mi="2" ci="0" mb="2" cb="0"/><line nr="50" mi="5" ci="0" mb="0" cb="0"/><line nr="53" mi="6" ci="0" mb="0" cb="0"/><line nr="54" mi="3" ci="0" mb="0" cb="0"/><line nr="55" mi="1" ci="0" mb="0" cb="0"/><line nr="64" mi="6" ci="0" mb="0" cb="0"/><line nr="65" mi="2" ci="0" mb="0" cb="0"/><line nr="75" mi="6" ci="0" mb="0" cb="0"/><line nr="76" mi="2" ci="0" mb="0" cb="0"/><line nr="87" mi="2" ci="0" mb="2" cb="0"/><line nr="89" mi="5" ci="0" mb="0" cb="0"/><line nr="92" mi="3" ci="0" mb="0" cb="0"/><line nr="93" mi="2" ci="0" mb="0" cb="0"/><line nr="103" mi="3" ci="0" mb="0" cb="0"/><line nr="114" mi="14" ci="0" mb="0" cb="0"/><line nr="115" mi="2" ci="0" mb="0" cb="0"/><line nr="125" mi="5" ci="0" mb="0" cb="0"/><line nr="126" mi="2" ci="0" mb="0" cb="0"/><line nr="137" mi="16" ci="0" mb="0" cb="0"/><line nr="138" mi="2" ci="0" mb="0" cb="0"/><line nr="151" mi="16" ci="0" mb="0" cb="0"/><line nr="152" mi="2" ci="0" mb="0" cb="0"/><line nr="163" mi="9" ci="0" mb="2" cb="0"/><line nr="165" mi="4" ci="0" mb="0" cb="0"/><line nr="166" mi="1" ci="0" mb="0" cb="0"/><line nr="167" mi="2" ci="0" mb="0" cb="0"/><line nr="184" mi="4" ci="0" mb="0" cb="0"/><line nr="185" mi="4" ci="0" mb="0" cb="0"/><line nr="186" mi="4" ci="0" mb="0" cb="0"/><line nr="187" mi="4" ci="0" mb="0" cb="0"/><line nr="189" mi="4" ci="0" mb="0" cb="0"/><line nr="190" mi="9" ci="0" mb="0" cb="0"/><line nr="192" mi="4" ci="0" mb="0" cb="0"/><line nr="194" mi="4" ci="0" mb="0" cb="0"/><line nr="196" mi="2" ci="0" mb="0" cb="0"/><line nr="198" mi="9" ci="0" mb="2" cb="0"/><line nr="200" mi="1" ci="0" mb="0" cb="0"/><line nr="202" mi="4" ci="0" mb="0" cb="0"/><line nr="204" mi="4" ci="0" mb="2" cb="0"/><line nr="206" mi="4" ci="0" mb="0" cb="0"/><line nr="208" mi="1" ci="0" mb="0" cb="0"/><line nr="210" mi="4" ci="0" mb="0" cb="0"/><line nr="212" mi="5" ci="0" mb="0" cb="0"/><line nr="214" mi="2" ci="0" mb="0" cb="0"/><line nr="224" mi="4" ci="0" mb="0" cb="0"/><line nr="233" mi="3" ci="0" mb="0" cb="0"/><line nr="239" mi="4" ci="0" mb="0" cb="0"/><line nr="240" mi="12" ci="0" mb="0" cb="0"/><line nr="241" mi="3" ci="0" mb="0" cb="0"/><counter type="INSTRUCTION" missed="234" covered="0"/><counter type="BRANCH" missed="12" covered="0"/><counter type="LINE" missed="53" covered="0"/><counter type="COMPLEXITY" missed="22" covered="0"/><counter type="METHOD" missed="16" covered="0"/><counter type="CLASS" missed="1" covered="0"/></sourcefile><counter type="INSTRUCTION" missed="277" covered="0"/><counter type="BRANCH" missed="12" covered="0"/><counter type="LINE" missed="64" covered="0"/><counter type="COMPLEXITY" missed="27" covered="0"/><counter type="METHOD" missed="21" covered="0"/><counter type="CLASS" missed="2" covered="0"/></package><package name="com/mackenziehigh/sexpr/internal/schema"><class name="com/mackenziehigh/sexpr/internal/schema/Schema"><method name="&lt;init&gt;" desc="()V" line="235"><counter type="INSTRUCTION" missed="0" covered="135"/><counter type="LINE" missed="0" covered="22"/><counter type="COMPLEXITY" missed="0" covered="1"/><counter type="METHOD" missed="0" covered="1"/></method><method name="setFailureHandler" desc="(Ljava/util/function/Consumer;)V" line="311"><counter type="INSTRUCTION" missed="0" covered="8"/><counter type="LINE" missed="0" covered="3"/><counter type="COMPLEXITY" missed="0" covered="1"/><counter type="METHOD" missed="0" covered="1"/></method><method name="define" desc="(Lcom/mackenziehigh/sexpr/internal/schema/Schema$Rule;)Lcom/mackenziehigh/sexpr/internal/schema/Schema$Rule;" line="323"><counter type="INSTRUCTION" missed="0" covered="13"/><counter type="LINE" missed="0" covered="3"/><counter type="COMPLEXITY" missed="0" covered="1"/><counter type="METHOD" missed="0" covered="1"/></method><method name="defineRoot" desc="(Ljava/lang/String;)V" line="335"><counter type="INSTRUCTION" missed="0" covered="13"/><counter type="LINE" missed="0" covered="4"/><counter type="COMPLEXITY" missed="0" covered="1"/><counter type="METHOD" missed="0" covered="1"/></method><method name="defineCondition" desc="(Ljava/lang/String;Ljava/util/function/Predicate;)V" line="349"><counter type="INSTRUCTION" missed="0" covered="15"/><counter type="LINE" missed="0" covered="4"/><counter type="COMPLEXITY" missed="0" covered="1"/><counter type="METHOD" missed="0" covered="1"/></method><method name="defineNamedRule" desc="(Ljava/lang/String;Ljava/lang/String;)Lcom/mackenziehigh/sexpr/internal/schema/Schema$Rule;" line="364"><counter type="INSTRUCTION" missed="0" covered="46"/><counter type="BRANCH" missed="0" covered="2"/><counter type="LINE" missed="0" covered="8"/><counter type="COMPLEXITY" missed="0" covered="2"/><counter type="METHOD" missed="0" covered="1"/></method><method name="defineReference" desc="(Ljava/lang/String;)Lcom/mackenziehigh/sexpr/internal/schema/Schema$Rule;" line="404"><counter type="INSTRUCTION" missed="0" covered="19"/><counter type="LINE" missed="0" covered="4"/><counter type="COMPLEXITY" missed="0" covered="1"/><counter type="METHOD" missed="0" covered="1"/></method><method name="defineAndRule" desc="(Ljava/util/List;)Lcom/mackenziehigh/sexpr/internal/schema/Schema$Rule;" line="435"><counter type="INSTRUCTION" missed="0" covered="22"/><counter type="LINE" missed="0" covered="5"/><counter type="COMPLEXITY" missed="0" covered="1"/><counter type="METHOD" missed="0" covered="1"/></method><method name="defineOrRule" desc="(Ljava/util/List;)Lcom/mackenziehigh/sexpr/internal/schema/Schema$Rule;" line="464"><counter type="INSTRUCTION" missed="0" covered="22"/><counter type="LINE" missed="0" covered="5"/><counter type="COMPLEXITY" missed="0" covered="1"/><counter type="METHOD" missed="0" covered="1"/></method><method name="defineNotRule" desc="(Ljava/lang/String;)Lcom/mackenziehigh/sexpr/internal/schema/Schema$Rule;" line="493"><counter type="INSTRUCTION" missed="0" covered="19"/><counter type="LINE" missed="0" covered="4"/><counter type="COMPLEXITY" missed="0" covered="1"/><counter type="METHOD" missed="0" covered="1"/></method><method name="defineSequenceRule" desc="(Ljava/util/List;)Lcom/mackenziehigh/sexpr/internal/schema/Schema$Rule;" line="521"><counter type="INSTRUCTION" missed="0" covered="59"/><counter type="BRANCH" missed="0" covered="4"/><counter type="LINE" missed="0" covered="12"/><counter type="COMPLEXITY" missed="0" covered="3"/><counter type="METHOD" missed="0" covered="1"/></method><method name="sequenceMatch" desc="(Lcom/mackenziehigh/sexpr/internal/schema/Schema$Rule;Ljava/util/List;Lcom/mackenziehigh/sexpr/internal/schema/Schema$MatchState;Lcom/mackenziehigh/sexpr/Sexpr;)Lcom/mackenziehigh/sexpr/internal/schema/MatchNode;" line="555"><counter type="INSTRUCTION" missed="8" covered="122"/><counter type="BRANCH" missed="2" covered="16"/><counter type="LINE" missed="2" covered="28"/><counter type="COMPLEXITY" missed="2" covered="8"/><counter type="METHOD" missed="0" covered="1"/></method><method name="defineRegexRule" desc="(Ljava/lang/String;)Lcom/mackenziehigh/sexpr/internal/schema/Schema$Rule;" line="653"><counter type="INSTRUCTION" missed="0" covered="9"/><counter type="LINE" missed="0" covered="2"/><counter type="COMPLEXITY" missed="0" covered="1"/><counter type="METHOD" missed="0" covered="1"/></method><method name="defineConstantRule" desc="(Ljava/lang/String;)Lcom/mackenziehigh/sexpr/internal/schema/Schema$Rule;" line="667"><counter type="INSTRUCTION" missed="0" covered="9"/><counter type="LINE" missed="0" covered="2"/><counter type="COMPLEXITY" missed="0" covered="1"/><counter type="METHOD" missed="0" covered="1"/></method><method name="definePredicateRule" desc="(Ljava/lang/String;)Lcom/mackenziehigh/sexpr/internal/schema/Schema$Rule;" line="681"><counter type="INSTRUCTION" missed="0" covered="10"/><counter type="LINE" missed="0" covered="2"/><counter type="COMPLEXITY" missed="0" covered="1"/><counter type="METHOD" missed="0" covered="1"/></method><method name="defineRuleByPredicate" desc="(Ljava/util/function/Predicate;)Lcom/mackenziehigh/sexpr/internal/schema/Schema$Rule;" line="695"><counter type="INSTRUCTION" missed="0" covered="14"/><counter type="LINE" missed="0" covered="3"/><counter type="COMPLEXITY" missed="0" covered="1"/><counter type="METHOD" missed="0" covered="1"/></method><method name="definePass" desc="(Ljava/lang/String;)V" line="725"><counter type="INSTRUCTION" missed="0" covered="10"/><counter type="LINE" missed="0" covered="3"/><counter type="COMPLEXITY" missed="0" covered="1"/><counter type="METHOD" missed="0" covered="1"/></method><method name="defineBeforeAction" desc="(Ljava/lang/String;Ljava/lang/String;Ljava/util/function/Consumer;)V" line="733"><counter type="INSTRUCTION" missed="0" covered="56"/><counter type="BRANCH" missed="1" covered="3"/><counter type="LINE" missed="0" covered="9"/><counter type="COMPLEXITY" missed="1" covered="2"/><counter type="METHOD" missed="0" covered="1"/></method><method name="defineAfterAction" desc="(Ljava/lang/String;Ljava/lang/String;Ljava/util/function/Consumer;)V" line="754"><counter type="INSTRUCTION" missed="0" covered="56"/><counter type="BRANCH" missed="1" covered="3"/><counter type="LINE" missed="0" covered="9"/><counter type="COMPLEXITY" missed="1" covered="2"/><counter type="METHOD" missed="0" covered="1"/></method><method name="defineViaReflection" desc="(Ljava/lang/Object;)V" line="779"><counter type="INSTRUCTION" missed="0" covered="49"/><counter type="BRANCH" missed="0" covered="8"/><counter type="LINE" missed="0" covered="9"/><counter type="COMPLEXITY" missed="0" covered="5"/><counter type="METHOD" missed="0" covered="1"/></method><method name="getDefaultPass" desc="(Ljava/lang/Object;)Ljava/util/Optional;" line="802"><counter type="INSTRUCTION" missed="0" covered="17"/><counter type="BRANCH" missed="0" covered="2"/><counter type="LINE" missed="0" covered="4"/><counter type="COMPLEXITY" missed="0" covered="2"/><counter type="METHOD" missed="0" covered="1"/></method><method name="getPass" desc="(Ljava/util/Optional;Ljava/lang/reflect/Method;)Ljava/lang/String;" line="816"><counter type="INSTRUCTION" missed="5" covered="19"/><counter type="BRANCH" missed="1" covered="3"/><counter type="LINE" missed="1" covered="5"/><counter type="COMPLEXITY" missed="1" covered="2"/><counter type="METHOD" missed="0" covered="1"/></method><method name="defineConditionViaReflection" desc="(Ljava/lang/Object;Ljava/lang/reflect/Method;)V" line="837"><counter type="INSTRUCTION" missed="0" covered="161"/><counter type="BRANCH" missed="0" covered="12"/><counter type="LINE" missed="0" covered="34"/><counter type="COMPLEXITY" missed="0" covered="7"/><counter type="METHOD" missed="0" covered="1"/></method><method name="defineBeforeActionByReflection" desc="(Ljava/util/Optional;Ljava/lang/Object;Ljava/lang/reflect/Method;)V" line="904"><counter type="INSTRUCTION" missed="0" covered="169"/><counter type="BRANCH" missed="0" covered="12"/><counter type="LINE" missed="0" covered="35"/><counter type="COMPLEXITY" missed="0" covered="7"/><counter type="METHOD" missed="0" covered="1"/></method><method name="defineAfterActionByReflection" desc="(Ljava/util/Optional;Ljava/lang/Object;Ljava/lang/reflect/Method;)V" line="976"><counter type="INSTRUCTION" missed="0" covered="169"/><counter type="BRANCH" missed="0" covered="12"/><counter type="LINE" missed="0" covered="35"/><counter type="COMPLEXITY" missed="0" covered="7"/><counter type="METHOD" missed="0" covered="1"/></method><method name="createInvocation" desc="(Ljava/lang/Object;Ljava/lang/reflect/Method;)Ljava/util/function/Function;" line="1044"><counter type="INSTRUCTION" missed="0" covered="6"/><counter type="LINE" missed="0" covered="2"/><counter type="COMPLEXITY" missed="0" covered="1"/><counter type="METHOD" missed="0" covered="1"/></method><method name="match" desc="(Lcom/mackenziehigh/sexpr/Sexpr;)Z" line="1068"><counter type="INSTRUCTION" missed="0" covered="38"/><counter type="BRANCH" missed="0" covered="2"/><counter type="LINE" missed="0" covered="10"/><counter type="COMPLEXITY" missed="0" covered="2"/><counter type="METHOD" missed="0" covered="1"/></method><method name="validate" desc="()V" line="1100"><counter type="INSTRUCTION" missed="0" covered="7"/><counter type="LINE" missed="0" covered="4"/><counter type="COMPLEXITY" missed="0" covered="1"/><counter type="METHOD" missed="0" covered="1"/></method><method name="requireRoot" desc="()V" line="1107"><counter type="INSTRUCTION" missed="5" covered="7"/><counter type="BRANCH" missed="1" covered="1"/><counter type="LINE" missed="1" covered="2"/><counter type="COMPLEXITY" missed="1" covered="1"/><counter type="METHOD" missed="0" covered="1"/></method><method name="checkForUndefinedRules" desc="()V" line="1118"><counter type="INSTRUCTION" missed="21" covered="23"/><counter type="BRANCH" missed="1" covered="1"/><counter type="LINE" missed="3" covered="6"/><counter type="COMPLEXITY" missed="1" covered="1"/><counter type="METHOD" missed="0" covered="1"/></method><method name="checkForUndeclaredPasses" desc="()V" line="1136"><counter type="INSTRUCTION" missed="0" covered="61"/><counter type="BRANCH" missed="0" covered="8"/><counter type="LINE" missed="0" covered="9"/><counter type="COMPLEXITY" missed="0" covered="5"/><counter type="METHOD" missed="0" covered="1"/></method><method name="executeActions" desc="(Lcom/mackenziehigh/sexpr/internal/schema/MatchNode;)V" line="1164"><counter type="INSTRUCTION" missed="0" covered="7"/><counter type="LINE" missed="0" covered="2"/><counter type="COMPLEXITY" missed="0" covered="1"/><counter type="METHOD" missed="0" covered="1"/></method><method name="executeActions" desc="(Ljava/lang/String;Lcom/mackenziehigh/sexpr/internal/schema/MatchNode;)V" line="1170"><counter type="INSTRUCTION" missed="0" covered="67"/><counter type="BRANCH" missed="0" covered="8"/><counter type="LINE" missed="0" covered="8"/><counter type="COMPLEXITY" missed="0" covered="5"/><counter type="METHOD" missed="0" covered="1"/></method><method name="lambda$executeActions$35" desc="(Lcom/mackenziehigh/sexpr/internal/schema/MatchNode;Ljava/util/function/Consumer;)V" line="1181"><counter type="INSTRUCTION" missed="0" covered="5"/><counter type="LINE" missed="0" covered="1"/><counter type="COMPLEXITY" missed="0" covered="1"/><counter type="METHOD" missed="0" covered="1"/></method><method name="lambda$executeActions$34" desc="(Ljava/lang/String;Lcom/mackenziehigh/sexpr/internal/schema/MatchNode;)V" line="1176"><counter type="INSTRUCTION" missed="0" covered="5"/><counter type="LINE" missed="0" covered="1"/><counter type="COMPLEXITY" missed="0" covered="1"/><counter type="METHOD" missed="0" covered="1"/></method><method name="lambda$executeActions$33" desc="(Lcom/mackenziehigh/sexpr/internal/schema/MatchNode;Ljava/util/function/Consumer;)V" line="1173"><counter type="INSTRUCTION" missed="0" covered="5"/><counter type="LINE" missed="0" covered="1"/><counter type="COMPLEXITY" missed="0" covered="1"/><counter type="METHOD" missed="0" covered="1"/></method><method name="lambda$executeActions$32" desc="(Lcom/mackenziehigh/sexpr/internal/schema/MatchNode;Ljava/lang/String;)V" line="1164"><counter type="INSTRUCTION" missed="0" covered="5"/><counter type="LINE" missed="0" covered="1"/><counter type="COMPLEXITY" missed="0" covered="1"/><counter type="METHOD" missed="0" covered="1"/></method><method name="lambda$checkForUndefinedRules$31" desc="(Ljava/lang/String;)Lcom/mackenziehigh/sexpr/SAtom;" line="1125"><counter type="INSTRUCTION" missed="3" covered="0"/><counter type="LINE" missed="1" covered="0"/><counter type="COMPLEXITY" missed="1" covered="0"/><counter type="METHOD" missed="1" covered="0"/></method><method name="lambda$createInvocation$30" desc="(Ljava/lang/reflect/Method;Ljava/lang/Object;Ljava/lang/Object;)Ljava/lang/Object;" line="1048"><counter type="INSTRUCTION" missed="8" covered="13"/><counter type="LINE" missed="2" covered="2"/><counter type="COMPLEXITY" missed="0" covered="1"/><counter type="METHOD" missed="0" covered="1"/></method><method name="lambda$defineAfterActionByReflection$29" desc="(Ljava/util/function/Function;Lcom/mackenziehigh/sexpr/Sexpr;)V" line="1027"><counter type="INSTRUCTION" missed="0" covered="6"/><counter type="LINE" missed="0" covered="1"/><counter type="COMPLEXITY" missed="0" covered="1"/><counter type="METHOD" missed="0" covered="1"/></method><method name="lambda$defineAfterActionByReflection$28" desc="(Ljava/util/function/Function;Lcom/mackenziehigh/sexpr/Sexpr;)V" line="1021"><counter type="INSTRUCTION" missed="0" covered="6"/><counter type="LINE" missed="0" covered="1"/><counter type="COMPLEXITY" missed="0" covered="1"/><counter type="METHOD" missed="0" covered="1"/></method><method name="lambda$defineAfterActionByReflection$27" desc="(Ljava/util/function/Function;Lcom/mackenziehigh/sexpr/Sexpr;)V" line="1015"><counter type="INSTRUCTION" missed="0" covered="5"/><counter type="LINE" missed="0" covered="1"/><counter type="COMPLEXITY" missed="0" covered="1"/><counter type="METHOD" missed="0" covered="1"/></method><method name="lambda$defineBeforeActionByReflection$26" desc="(Ljava/util/function/Function;Lcom/mackenziehigh/sexpr/Sexpr;)V" line="955"><counter type="INSTRUCTION" missed="0" covered="6"/><counter type="LINE" missed="0" covered="1"/><counter type="COMPLEXITY" missed="0" covered="1"/><counter type="METHOD" missed="0" covered="1"/></method><method name="lambda$defineBeforeActionByReflection$25" desc="(Ljava/util/function/Function;Lcom/mackenziehigh/sexpr/Sexpr;)V" line="949"><counter type="INSTRUCTION" missed="0" covered="6"/><counter type="LINE" missed="0" covered="1"/><counter type="COMPLEXITY" missed="0" covered="1"/><counter type="METHOD" missed="0" covered="1"/></method><method name="lambda$defineBeforeActionByReflection$24" desc="(Ljava/util/function/Function;Lcom/mackenziehigh/sexpr/Sexpr;)V" line="943"><counter type="INSTRUCTION" missed="0" covered="5"/><counter type="LINE" missed="0" covered="1"/><counter type="COMPLEXITY" missed="0" covered="1"/><counter type="METHOD" missed="0" covered="1"/></method><method name="lambda$defineConditionViaReflection$23" desc="(Ljava/util/function/Function;Lcom/mackenziehigh/sexpr/Sexpr;)Z" line="883"><counter type="INSTRUCTION" missed="0" covered="12"/><counter type="BRANCH" missed="0" covered="2"/><counter type="LINE" missed="0" covered="1"/><counter type="COMPLEXITY" missed="0" covered="2"/><counter type="METHOD" missed="0" covered="1"/></method><method name="lambda$defineConditionViaReflection$22" desc="(Ljava/util/function/Function;Lcom/mackenziehigh/sexpr/Sexpr;)Z" line="877"><counter type="INSTRUCTION" missed="0" covered="12"/><counter type="BRANCH" missed="0" covered="2"/><counter type="LINE" missed="0" covered="1"/><counter type="COMPLEXITY" missed="0" covered="2"/><counter type="METHOD" missed="0" covered="1"/></method><method name="lambda$defineConditionViaReflection$21" desc="(Ljava/util/function/Function;Lcom/mackenziehigh/sexpr/Sexpr;)Z" line="871"><counter type="INSTRUCTION" missed="0" covered="6"/><counter type="LINE" missed="0" covered="1"/><counter type="COMPLEXITY" missed="0" covered="1"/><counter type="METHOD" missed="0" covered="1"/></method><method name="lambda$definePredicateRule$20" desc="(Ljava/lang/String;Lcom/mackenziehigh/sexpr/Sexpr;)Z" line="683"><counter type="INSTRUCTION" missed="0" covered="10"/><counter type="LINE" missed="0" covered="1"/><counter type="COMPLEXITY" missed="0" covered="1"/><counter type="METHOD" missed="0" covered="1"/></method><method name="lambda$defineConstantRule$19" desc="(Ljava/lang/String;Lcom/mackenziehigh/sexpr/Sexpr;)Z" line="669"><counter type="INSTRUCTION" missed="1" covered="12"/><counter type="BRANCH" missed="2" covered="2"/><counter type="LINE" missed="0" covered="1"/><counter type="COMPLEXITY" missed="2" covered="1"/><counter type="METHOD" missed="0" covered="1"/></method><method name="lambda$defineRegexRule$18" desc="(Ljava/lang/String;Lcom/mackenziehigh/sexpr/Sexpr;)Z" line="655"><counter type="INSTRUCTION" missed="0" covered="13"/><counter type="BRANCH" missed="1" covered="3"/><counter type="LINE" missed="0" covered="1"/><counter type="COMPLEXITY" missed="1" covered="2"/><counter type="METHOD" missed="0" covered="1"/></method><method name="lambda$sequenceMatch$17" desc="(Lcom/mackenziehigh/sexpr/internal/schema/Schema$SequenceElement;)V" line="557"><counter type="INSTRUCTION" missed="0" covered="6"/><counter type="LINE" missed="0" covered="1"/><counter type="COMPLEXITY" missed="0" covered="1"/><counter type="METHOD" missed="0" covered="1"/></method><method name="lambda$defineSequenceRule$16" desc="(Lcom/mackenziehigh/sexpr/internal/schema/Schema$SequenceElement;)V" line="535"><counter type="INSTRUCTION" missed="0" covered="7"/><counter type="LINE" missed="0" covered="1"/><counter type="COMPLEXITY" missed="0" covered="1"/><counter type="METHOD" missed="0" covered="1"/></method><method name="lambda$defineSequenceRule$15" desc="(Lcom/mackenziehigh/sexpr/internal/schema/Schema$SequenceElement;)V" line="522"><counter type="INSTRUCTION" missed="0" covered="6"/><counter type="LINE" missed="0" covered="1"/><counter type="COMPLEXITY" missed="0" covered="1"/><counter type="METHOD" missed="0" covered="1"/></method><method name="lambda$defineOrRule$14" desc="(Ljava/lang/String;)V" line="465"><counter type="INSTRUCTION" missed="0" covered="6"/><counter type="LINE" missed="0" covered="1"/><counter type="COMPLEXITY" missed="0" covered="1"/><counter type="METHOD" missed="0" covered="1"/></method><method name="lambda$defineAndRule$13" desc="(Ljava/lang/String;)V" line="436"><counter type="INSTRUCTION" missed="0" covered="6"/><counter type="LINE" missed="0" covered="1"/><counter type="COMPLEXITY" missed="0" covered="1"/><counter type="METHOD" missed="0" covered="1"/></method><method name="lambda$new$12" desc="(Lcom/mackenziehigh/sexpr/Sexpr;)Z" line="301"><counter type="INSTRUCTION" missed="3" covered="0"/><counter type="LINE" missed="1" covered="0"/><counter type="COMPLEXITY" missed="1" covered="0"/><counter type="METHOD" missed="1" covered="0"/></method><method name="lambda$new$11" desc="(Lcom/mackenziehigh/sexpr/Sexpr;)Z" line="300"><counter type="INSTRUCTION" missed="3" covered="0"/><counter type="LINE" missed="1" covered="0"/><counter type="COMPLEXITY" missed="1" covered="0"/><counter type="METHOD" missed="1" covered="0"/></method><method name="lambda$new$10" desc="(Lcom/mackenziehigh/sexpr/Sexpr;)Z" line="299"><counter type="INSTRUCTION" missed="12" covered="0"/><counter type="BRANCH" missed="4" covered="0"/><counter type="LINE" missed="1" covered="0"/><counter type="COMPLEXITY" missed="3" covered="0"/><counter type="METHOD" missed="1" covered="0"/></method><method name="lambda$new$9" desc="(Lcom/mackenziehigh/sexpr/Sexpr;)Z" line="298"><counter type="INSTRUCTION" missed="12" covered="0"/><counter type="BRANCH" missed="4" covered="0"/><counter type="LINE" missed="1" covered="0"/><counter type="COMPLEXITY" missed="3" covered="0"/><counter type="METHOD" missed="1" covered="0"/></method><method name="lambda$new$8" desc="(Lcom/mackenziehigh/sexpr/Sexpr;)Z" line="297"><counter type="INSTRUCTION" missed="12" covered="0"/><counter type="BRANCH" missed="4" covered="0"/><counter type="LINE" missed="1" covered="0"/><counter type="COMPLEXITY" missed="3" covered="0"/><counter type="METHOD" missed="1" covered="0"/></method><method name="lambda$new$7" desc="(Lcom/mackenziehigh/sexpr/Sexpr;)Z" line="296"><counter type="INSTRUCTION" missed="0" covered="12"/><counter type="BRANCH" missed="1" covered="3"/><counter type="LINE" missed="0" covered="1"/><counter type="COMPLEXITY" missed="1" covered="2"/><counter type="METHOD" missed="0" covered="1"/></method><method name="lambda$new$6" desc="(Lcom/mackenziehigh/sexpr/Sexpr;)Z" line="295"><counter type="INSTRUCTION" missed="0" covered="12"/><counter type="BRANCH" missed="1" covered="3"/><counter type="LINE" missed="0" covered="1"/><counter type="COMPLEXITY" missed="1" covered="2"/><counter type="METHOD" missed="0" covered="1"/></method><method name="lambda$new$5" desc="(Lcom/mackenziehigh/sexpr/Sexpr;)Z" line="294"><counter type="INSTRUCTION" missed="0" covered="12"/><counter type="BRANCH" missed="1" covered="3"/><counter type="LINE" missed="0" covered="1"/><counter type="COMPLEXITY" missed="1" covered="2"/><counter type="METHOD" missed="0" covered="1"/></method><method name="lambda$new$4" desc="(Lcom/mackenziehigh/sexpr/Sexpr;)Z" line="293"><counter type="INSTRUCTION" missed="0" covered="12"/><counter type="BRANCH" missed="1" covered="3"/><counter type="LINE" missed="0" covered="1"/><counter type="COMPLEXITY" missed="1" covered="2"/><counter type="METHOD" missed="0" covered="1"/></method><method name="lambda$new$3" desc="(Lcom/mackenziehigh/sexpr/Sexpr;)Z" line="292"><counter type="INSTRUCTION" missed="12" covered="0"/><counter type="BRANCH" missed="4" covered="0"/><counter type="LINE" missed="1" covered="0"/><counter type="COMPLEXITY" missed="3" covered="0"/><counter type="METHOD" missed="1" covered="0"/></method><method name="lambda$new$2" desc="(Lcom/mackenziehigh/sexpr/Sexpr;)Z" line="291"><counter type="INSTRUCTION" missed="0" covered="12"/><counter type="BRANCH" missed="1" covered="3"/><counter type="LINE" missed="0" covered="1"/><counter type="COMPLEXITY" missed="1" covered="2"/><counter type="METHOD" missed="0" covered="1"/></method><method name="lambda$new$1" desc="(Lcom/mackenziehigh/sexpr/Sexpr;)Z" line="290"><counter type="INSTRUCTION" missed="2" covered="0"/><counter type="LINE" missed="1" covered="0"/><counter type="COMPLEXITY" missed="1" covered="0"/><counter type="METHOD" missed="1" covered="0"/></method><method name="lambda$new$0" desc="(Ljava/util/Optional;)V" line="238"><counter type="INSTRUCTION" missed="0" covered="1"/><counter type="LINE" missed="0" covered="1"/><counter type="COMPLEXITY" missed="0" covered="1"/><counter type="METHOD" missed="0" covered="1"/></method><method name="&lt;clinit&gt;" desc="()V" line="53"><counter type="INSTRUCTION" missed="0" covered="3"/><counter type="LINE" missed="0" covered="1"/><counter type="COMPLEXITY" missed="0" covered="1"/><counter type="METHOD" missed="0" covered="1"/></method><counter type="INSTRUCTION" missed="107" covered="1684"/><counter type="BRANCH" missed="31" covered="121"/><counter type="LINE" missed="9" covered="301"/><counter type="COMPLEXITY" missed="31" covered="115"/><counter type="METHOD" missed="8" covered="62"/><counter type="CLASS" missed="0" covered="1"/></class><class name="com/mackenziehigh/sexpr/internal/schema/Schema$6"><method name="&lt;init&gt;" desc="(Lcom/mackenziehigh/sexpr/internal/schema/Schema;Ljava/util/List;)V" line="538"><counter type="INSTRUCTION" missed="0" covered="10"/><counter type="LINE" missed="0" covered="1"/><counter type="COMPLEXITY" missed="0" covered="1"/><counter type="METHOD" missed="0" covered="1"/></method><method name="match" desc="(Lcom/mackenziehigh/sexpr/internal/schema/Schema$MatchState;Lcom/mackenziehigh/sexpr/Sexpr;)Lcom/mackenziehigh/sexpr/internal/schema/MatchNode;" line="543"><counter type="INSTRUCTION" missed="0" covered="9"/><counter type="LINE" missed="0" covered="1"/><counter type="COMPLEXITY" missed="0" covered="1"/><counter type="METHOD" missed="0" covered="1"/></method><counter type="INSTRUCTION" missed="0" covered="19"/><counter type="LINE" missed="0" covered="2"/><counter type="COMPLEXITY" missed="0" covered="2"/><counter type="METHOD" missed="0" covered="2"/><counter type="CLASS" missed="0" covered="1"/></class><class name="com/mackenziehigh/sexpr/internal/schema/Schema$7"><method name="&lt;init&gt;" desc="(Lcom/mackenziehigh/sexpr/internal/schema/Schema;Ljava/util/function/Predicate;)V" line="698"><counter type="INSTRUCTION" missed="0" covered="10"/><counter type="LINE" missed="0" covered="1"/><counter type="COMPLEXITY" missed="0" covered="1"/><counter type="METHOD" missed="0" covered="1"/></method><method name="match" desc="(Lcom/mackenziehigh/sexpr/internal/schema/Schema$MatchState;Lcom/mackenziehigh/sexpr/Sexpr;)Lcom/mackenziehigh/sexpr/internal/schema/MatchNode;" line="703"><counter type="INSTRUCTION" missed="0" covered="19"/><counter type="BRANCH" missed="0" covered="2"/><counter type="LINE" missed="0" covered="3"/><counter type="COMPLEXITY" missed="0" covered="2"/><counter type="METHOD" missed="0" covered="1"/></method><counter type="INSTRUCTION" missed="0" covered="29"/><counter type="BRANCH" missed="0" covered="2"/><counter type="LINE" missed="0" covered="4"/><counter type="COMPLEXITY" missed="0" covered="3"/><counter type="METHOD" missed="0" covered="2"/><counter type="CLASS" missed="0" covered="1"/></class><class name="com/mackenziehigh/sexpr/internal/schema/SchemaParser$3"><method name="&lt;init&gt;" desc="(Lcom/mackenziehigh/sexpr/internal/schema/SchemaParser;Lcom/mackenziehigh/sexpr/internal/schema/Schema$Rule;II)V" line="309"><counter type="INSTRUCTION" missed="0" covered="15"/><counter type="LINE" missed="0" covered="1"/><counter type="COMPLEXITY" missed="0" covered="1"/><counter type="METHOD" missed="0" covered="1"/></method><method name="element" desc="()Ljava/lang/String;" line="313"><counter type="INSTRUCTION" missed="0" covered="4"/><counter type="LINE" missed="0" covered="1"/><counter type="COMPLEXITY" missed="0" covered="1"/><counter type="METHOD" missed="0" covered="1"/></method><method name="minimum" desc="()I" line="319"><counter type="INSTRUCTION" missed="0" covered="3"/><counter type="LINE" missed="0" covered="1"/><counter type="COMPLEXITY" missed="0" covered="1"/><counter type="METHOD" missed="0" covered="1"/></method><method name="maximum" desc="()I" line="325"><counter type="INSTRUCTION" missed="0" covered="3"/><counter type="LINE" missed="0" covered="1"/><counter type="COMPLEXITY" missed="0" covered="1"/><counter type="METHOD" missed="0" covered="1"/></method><counter type="INSTRUCTION" missed="0" covered="25"/><counter type="LINE" missed="0" covered="4"/><counter type="COMPLEXITY" missed="0" covered="4"/><counter type="METHOD" missed="0" covered="4"/><counter type="CLASS" missed="0" covered="1"/></class><class name="com/mackenziehigh/sexpr/internal/schema/SchemaParser$2"><method name="&lt;init&gt;" desc="(Lcom/mackenziehigh/sexpr/internal/schema/SchemaParser;Lcom/mackenziehigh/sexpr/internal/schema/Schema$Rule;)V" line="257"><counter type="INSTRUCTION" missed="0" covered="9"/><counter type="LINE" missed="0" covered="1"/><counter type="COMPLEXITY" missed="0" covered="1"/><counter type="METHOD" missed="0" covered="1"/></method><method name="element" desc="()Ljava/lang/String;" line="261"><counter type="INSTRUCTION" missed="0" covered="4"/><counter type="LINE" missed="0" covered="1"/><counter type="COMPLEXITY" missed="0" covered="1"/><counter type="METHOD" missed="0" covered="1"/></method><method name="minimum" desc="()I" line="267"><counter type="INSTRUCTION" missed="0" covered="2"/><counter type="LINE" missed="0" covered="1"/><counter type="COMPLEXITY" missed="0" covered="1"/><counter type="METHOD" missed="0" covered="1"/></method><method name="maximum" desc="()I" line="273"><counter type="INSTRUCTION" missed="0" covered="2"/><counter type="LINE" missed="0" covered="1"/><counter type="COMPLEXITY" missed="0" covered="1"/><counter type="METHOD" missed="0" covered="1"/></method><counter type="INSTRUCTION" missed="0" covered="17"/><counter type="LINE" missed="0" covered="4"/><counter type="COMPLEXITY" missed="0" covered="4"/><counter type="METHOD" missed="0" covered="4"/><counter type="CLASS" missed="0" covered="1"/></class><class name="com/mackenziehigh/sexpr/internal/schema/SchemaParser$1"><method name="&lt;init&gt;" desc="(Lcom/mackenziehigh/sexpr/internal/schema/SchemaParser;Ljava/lang/String;II)V" line="170"><counter type="INSTRUCTION" missed="0" covered="15"/><counter type="LINE" missed="0" covered="1"/><counter type="COMPLEXITY" missed="0" covered="1"/><counter type="METHOD" missed="0" covered="1"/></method><method name="element" desc="()Ljava/lang/String;" line="174"><counter type="INSTRUCTION" missed="0" covered="3"/><counter type="LINE" missed="0" covered="1"/><counter type="COMPLEXITY" missed="0" covered="1"/><counter type="METHOD" missed="0" covered="1"/></method><method name="minimum" desc="()I" line="180"><counter type="INSTRUCTION" missed="0" covered="3"/><counter type="LINE" missed="0" covered="1"/><counter type="COMPLEXITY" missed="0" covered="1"/><counter type="METHOD" missed="0" covered="1"/></method><method name="maximum" desc="()I" line="186"><counter type="INSTRUCTION" missed="0" covered="3"/><counter type="LINE" missed="0" covered="1"/><counter type="COMPLEXITY" missed="0" covered="1"/><counter type="METHOD" missed="0" covered="1"/></method><counter type="INSTRUCTION" missed="0" covered="24"/><counter type="LINE" missed="0" covered="4"/><counter type="COMPLEXITY" missed="0" covered="4"/><counter type="METHOD" missed="0" covered="4"/><counter type="CLASS" missed="0" covered="1"/></class><class name="com/mackenziehigh/sexpr/internal/schema/Schema$Rule"><method name="&lt;init&gt;" desc="(Lcom/mackenziehigh/sexpr/internal/schema/Schema;)V" line="167"><counter type="INSTRUCTION" missed="0" covered="16"/><counter type="LINE" missed="0" covered="2"/><counter type="COMPLEXITY" missed="0" covered="1"/><counter type="METHOD" missed="0" covered="1"/></method><method name="name" desc="()Ljava/lang/String;" line="201"><counter type="INSTRUCTION" missed="0" covered="3"/><counter type="LINE" missed="0" covered="1"/><counter type="COMPLEXITY" missed="0" covered="1"/><counter type="METHOD" missed="0" covered="1"/></method><counter type="INSTRUCTION" missed="0" covered="19"/><counter type="LINE" missed="0" covered="3"/><counter type="COMPLEXITY" missed="0" covered="2"/><counter type="METHOD" missed="0" covered="2"/><counter type="CLASS" missed="0" covered="1"/></class><class name="com/mackenziehigh/sexpr/internal/schema/Schema$MatchState"><method name="&lt;init&gt;" desc="(Lcom/mackenziehigh/sexpr/internal/schema/Schema;)V" line="58"><counter type="INSTRUCTION" missed="0" covered="14"/><counter type="LINE" missed="0" covered="3"/><counter type="COMPLEXITY" missed="0" covered="1"/><counter type="METHOD" missed="0" covered="1"/></method><method name="lastSuccess" desc="()Ljava/util/Optional;" line="86"><counter type="INSTRUCTION" missed="0" covered="4"/><counter type="LINE" missed="0" covered="1"/><counter type="COMPLEXITY" missed="0" covered="1"/><counter type="METHOD" missed="0" covered="1"/></method><method name="enter" desc="(Lcom/mackenziehigh/sexpr/Sexpr;)V" line="96"><counter type="INSTRUCTION" missed="0" covered="10"/><counter type="LINE" missed="0" covered="3"/><counter type="COMPLEXITY" missed="0" covered="1"/><counter type="METHOD" missed="0" covered="1"/></method><method name="exitOnSuccess" desc="(Lcom/mackenziehigh/sexpr/internal/schema/Schema$Rule;Lcom/mackenziehigh/sexpr/Sexpr;)Lcom/mackenziehigh/sexpr/internal/schema/MatchNode;" line="111"><counter type="INSTRUCTION" missed="0" covered="37"/><counter type="BRANCH" missed="0" covered="2"/><counter type="LINE" missed="0" covered="8"/><counter type="COMPLEXITY" missed="0" covered="2"/><counter type="METHOD" missed="0" covered="1"/></method><method name="exitOnFailure" desc="(Lcom/mackenziehigh/sexpr/Sexpr;)Lcom/mackenziehigh/sexpr/internal/schema/MatchNode;" line="150"><counter type="INSTRUCTION" missed="0" covered="16"/><counter type="BRANCH" missed="0" covered="2"/><counter type="LINE" missed="0" covered="4"/><counter type="COMPLEXITY" missed="0" covered="2"/><counter type="METHOD" missed="0" covered="1"/></method><counter type="INSTRUCTION" missed="0" covered="81"/><counter type="BRANCH" missed="0" covered="4"/><counter type="LINE" missed="0" covered="19"/><counter type="COMPLEXITY" missed="0" covered="7"/><counter type="METHOD" missed="0" covered="5"/><counter type="CLASS" missed="0" covered="1"/></class><class name="com/mackenziehigh/sexpr/internal/schema/Schema$1"><method name="&lt;init&gt;" desc="(Lcom/mackenziehigh/sexpr/internal/schema/Schema;Ljava/lang/String;Ljava/lang/String;)V" line="376"><counter type="INSTRUCTION" missed="0" covered="13"/><counter type="LINE" missed="0" covered="1"/><counter type="COMPLEXITY" missed="0" covered="1"/><counter type="METHOD" missed="0" covered="1"/></method><method name="name" desc="()Ljava/lang/String;" line="380"><counter type="INSTRUCTION" missed="0" covered="3"/><counter type="LINE" missed="0" covered="1"/><counter type="COMPLEXITY" missed="0" covered="1"/><counter type="METHOD" missed="0" covered="1"/></method><method name="match" desc="(Lcom/mackenziehigh/sexpr/internal/schema/Schema$MatchState;Lcom/mackenziehigh/sexpr/Sexpr;)Lcom/mackenziehigh/sexpr/internal/schema/MatchNode;" line="387"><counter type="INSTRUCTION" missed="0" covered="29"/><counter type="BRANCH" missed="0" covered="4"/><counter type="LINE" missed="0" covered="3"/><counter type="COMPLEXITY" missed="0" covered="3"/><counter type="METHOD" missed="0" covered="1"/></method><counter type="INSTRUCTION" missed="0" covered="45"/><counter type="BRANCH" missed="0" covered="4"/><counter type="LINE" missed="0" covered="5"/><counter type="COMPLEXITY" missed="0" covered="5"/><counter type="METHOD" missed="0" covered="3"/><counter type="CLASS" missed="0" covered="1"/></class><class name="com/mackenziehigh/sexpr/internal/schema/MatchNode"><method name="&lt;init&gt;" desc="(Lcom/mackenziehigh/sexpr/internal/schema/Schema$Rule;Lcom/mackenziehigh/sexpr/Sexpr;Ljava/util/List;)V" line="49"><counter type="INSTRUCTION" missed="0" covered="34"/><counter type="LINE" missed="0" covered="6"/><counter type="COMPLEXITY" missed="0" covered="1"/><counter type="METHOD" missed="0" covered="1"/></method><method name="rule" desc="()Lcom/mackenziehigh/sexpr/internal/schema/Schema$Rule;" line="63"><counter type="INSTRUCTION" missed="0" covered="3"/><counter type="LINE" missed="0" covered="1"/><counter type="COMPLEXITY" missed="0" covered="1"/><counter type="METHOD" missed="0" covered="1"/></method><method name="node" desc="()Lcom/mackenziehigh/sexpr/Sexpr;" line="78"><counter type="INSTRUCTION" missed="0" covered="3"/><counter type="LINE" missed="0" covered="1"/><counter type="COMPLEXITY" missed="0" covered="1"/><counter type="METHOD" missed="0" covered="1"/></method><method name="children" desc="()Ljava/util/List;" line="89"><counter type="INSTRUCTION" missed="0" covered="3"/><counter type="LINE" missed="0" covered="1"/><counter type="COMPLEXITY" missed="0" covered="1"/><counter type="METHOD" missed="0" covered="1"/></method><method name="treeSize" desc="()I" line="100"><counter type="INSTRUCTION" missed="0" covered="3"/><counter type="LINE" missed="0" covered="1"/><counter type="COMPLEXITY" missed="0" covered="1"/><counter type="METHOD" missed="0" covered="1"/></method><method name="lambda$new$0" desc="(Lcom/mackenziehigh/sexpr/internal/schema/MatchNode;)I" line="53"><counter type="INSTRUCTION" missed="0" covered="3"/><counter type="LINE" missed="0" covered="1"/><counter type="COMPLEXITY" missed="0" covered="1"/><counter type="METHOD" missed="0" covered="1"/></method><counter type="INSTRUCTION" missed="0" covered="49"/><counter type="LINE" missed="0" covered="10"/><counter type="COMPLEXITY" missed="0" covered="6"/><counter type="METHOD" missed="0" covered="6"/><counter type="CLASS" missed="0" covered="1"/></class><class name="com/mackenziehigh/sexpr/internal/schema/SchemaParser"><method name="&lt;init&gt;" desc="()V" line="17"><counter type="INSTRUCTION" missed="0" covered="615"/><counter type="LINE" missed="0" covered="59"/><counter type="COMPLEXITY" missed="0" covered="1"/><counter type="METHOD" missed="0" covered="1"/></method><method name="seq" desc="(Ljava/lang/String;[Lcom/mackenziehigh/sexpr/internal/schema/Schema$SequenceElement;)Lcom/mackenziehigh/sexpr/internal/schema/Schema$Rule;" line="139"><counter type="INSTRUCTION" missed="0" covered="15"/><counter type="LINE" missed="0" covered="3"/><counter type="COMPLEXITY" missed="0" covered="1"/><counter type="METHOD" missed="0" covered="1"/></method><method name="seq" desc="([Lcom/mackenziehigh/sexpr/internal/schema/Schema$SequenceElement;)Lcom/mackenziehigh/sexpr/internal/schema/Schema$Rule;" line="146"><counter type="INSTRUCTION" missed="0" covered="6"/><counter type="LINE" missed="0" covered="1"/><counter type="COMPLEXITY" missed="0" covered="1"/><counter type="METHOD" missed="0" covered="1"/></method><method name="assign" desc="(Ljava/lang/String;Lcom/mackenziehigh/sexpr/internal/schema/Schema$Rule;)Lcom/mackenziehigh/sexpr/internal/schema/Schema$Rule;" line="152"><counter type="INSTRUCTION" missed="0" covered="10"/><counter type="LINE" missed="0" covered="1"/><counter type="COMPLEXITY" missed="0" covered="1"/><counter type="METHOD" missed="0" covered="1"/></method><method name="either" desc="(Ljava/lang/String;[Lcom/mackenziehigh/sexpr/internal/schema/Schema$Rule;)Lcom/mackenziehigh/sexpr/internal/schema/Schema$Rule;" line="158"><counter type="INSTRUCTION" missed="0" covered="21"/><counter type="LINE" missed="0" covered="3"/><counter type="COMPLEXITY" missed="0" covered="1"/><counter type="METHOD" missed="0" covered="1"/></method><method name="repeat" desc="(Lcom/mackenziehigh/sexpr/internal/schema/Schema$Rule;II)Lcom/mackenziehigh/sexpr/internal/schema/Schema$SequenceElement;" line="167"><counter type="INSTRUCTION" missed="0" covered="11"/><counter type="LINE" missed="0" covered="2"/><counter type="COMPLEXITY" missed="0" covered="1"/><counter type="METHOD" missed="0" covered="1"/></method><method name="once" desc="(Lcom/mackenziehigh/sexpr/internal/schema/Schema$Rule;)Lcom/mackenziehigh/sexpr/internal/schema/Schema$SequenceElement;" line="193"><counter type="INSTRUCTION" missed="0" covered="6"/><counter type="LINE" missed="0" covered="1"/><counter type="COMPLEXITY" missed="0" covered="1"/><counter type="METHOD" missed="0" covered="1"/></method><method name="option" desc="(Lcom/mackenziehigh/sexpr/internal/schema/Schema$Rule;)Lcom/mackenziehigh/sexpr/internal/schema/Schema$SequenceElement;" line="198"><counter type="INSTRUCTION" missed="0" covered="6"/><counter type="LINE" missed="0" covered="1"/><counter type="COMPLEXITY" missed="0" covered="1"/><counter type="METHOD" missed="0" covered="1"/></method><method name="star" desc="(Lcom/mackenziehigh/sexpr/internal/schema/Schema$Rule;)Lcom/mackenziehigh/sexpr/internal/schema/Schema$SequenceElement;" line="203"><counter type="INSTRUCTION" missed="0" covered="6"/><counter type="LINE" missed="0" covered="1"/><counter type="COMPLEXITY" missed="0" covered="1"/><counter type="METHOD" missed="0" covered="1"/></method><method name="atom" desc="(Ljava/lang/String;)Lcom/mackenziehigh/sexpr/internal/schema/Schema$Rule;" line="208"><counter type="INSTRUCTION" missed="0" covered="5"/><counter type="LINE" missed="0" covered="1"/><counter type="COMPLEXITY" missed="0" covered="1"/><counter type="METHOD" missed="0" covered="1"/></method><method name="ref" desc="(Ljava/lang/String;)Lcom/mackenziehigh/sexpr/internal/schema/Schema$Rule;" line="213"><counter type="INSTRUCTION" missed="0" covered="24"/><counter type="LINE" missed="0" covered="3"/><counter type="COMPLEXITY" missed="0" covered="1"/><counter type="METHOD" missed="0" covered="1"/></method><method name="translateRoot" desc="(Lcom/mackenziehigh/sexpr/Sexpr;)V" line="220"><counter type="INSTRUCTION" missed="0" covered="11"/><counter type="LINE" missed="0" covered="3"/><counter type="COMPLEXITY" missed="0" covered="1"/><counter type="METHOD" missed="0" covered="1"/></method><method name="translateAssign" desc="(Lcom/mackenziehigh/sexpr/Sexpr;)V" line="226"><counter type="INSTRUCTION" missed="0" covered="19"/><counter type="LINE" missed="0" covered="4"/><counter type="COMPLEXITY" missed="0" covered="1"/><counter type="METHOD" missed="0" covered="1"/></method><method name="translateSeq" desc="(Lcom/mackenziehigh/sexpr/Sexpr;)V" line="233"><counter type="INSTRUCTION" missed="0" covered="37"/><counter type="BRANCH" missed="0" covered="2"/><counter type="LINE" missed="0" covered="8"/><counter type="COMPLEXITY" missed="0" covered="2"/><counter type="METHOD" missed="0" covered="1"/></method><method name="convertToSequenceElement" desc="(Ljava/lang/Object;)Lcom/mackenziehigh/sexpr/internal/schema/Schema$SequenceElement;" line="249"><counter type="INSTRUCTION" missed="0" covered="15"/><counter type="BRANCH" missed="0" covered="2"/><counter type="LINE" missed="0" covered="4"/><counter type="COMPLEXITY" missed="0" covered="2"/><counter type="METHOD" missed="0" covered="1"/></method><method name="translateOption" desc="(Lcom/mackenziehigh/sexpr/Sexpr;)V" line="280"><counter type="INSTRUCTION" missed="0" covered="11"/><counter type="LINE" missed="0" covered="3"/><counter type="COMPLEXITY" missed="0" covered="1"/><counter type="METHOD" missed="0" covered="1"/></method><method name="translateStar" desc="(Lcom/mackenziehigh/sexpr/Sexpr;)V" line="286"><counter type="INSTRUCTION" missed="0" covered="11"/><counter type="LINE" missed="0" covered="3"/><counter type="COMPLEXITY" missed="0" covered="1"/><counter type="METHOD" missed="0" covered="1"/></method><method name="translatePlus" desc="(Lcom/mackenziehigh/sexpr/Sexpr;)V" line="292"><counter type="INSTRUCTION" missed="0" covered="11"/><counter type="LINE" missed="0" covered="3"/><counter type="COMPLEXITY" missed="0" covered="1"/><counter type="METHOD" missed="0" covered="1"/></method><method name="translateRepeat" desc="(Lcom/mackenziehigh/sexpr/Sexpr;)V" line="298"><counter type="INSTRUCTION" missed="0" covered="25"/><counter type="LINE" missed="0" covered="5"/><counter type="COMPLEXITY" missed="0" covered="1"/><counter type="METHOD" missed="0" covered="1"/></method><method name="translateRepeat" desc="(Lcom/mackenziehigh/sexpr/internal/schema/Schema$Rule;II)V" line="308"><counter type="INSTRUCTION" missed="0" covered="14"/><counter type="LINE" missed="0" covered="3"/><counter type="COMPLEXITY" missed="0" covered="1"/><counter type="METHOD" missed="0" covered="1"/></method><method name="translateEither" desc="(Lcom/mackenziehigh/sexpr/Sexpr;)V" line="334"><counter type="INSTRUCTION" missed="0" covered="37"/><counter type="BRANCH" missed="0" covered="2"/><counter type="LINE" missed="0" covered="8"/><counter type="COMPLEXITY" missed="0" covered="2"/><counter type="METHOD" missed="0" covered="1"/></method><method name="translateAnd" desc="(Lcom/mackenziehigh/sexpr/Sexpr;)V" line="350"><counter type="INSTRUCTION" missed="0" covered="37"/><counter type="BRANCH" missed="0" covered="2"/><counter type="LINE" missed="0" covered="8"/><counter type="COMPLEXITY" missed="0" covered="2"/><counter type="METHOD" missed="0" covered="1"/></method><method name="translateNot" desc="(Lcom/mackenziehigh/sexpr/Sexpr;)V" line="366"><counter type="INSTRUCTION" missed="0" covered="17"/><counter type="LINE" missed="0" covered="4"/><counter type="COMPLEXITY" missed="0" covered="1"/><counter type="METHOD" missed="0" covered="1"/></method><method name="translateAtom" desc="(Lcom/mackenziehigh/sexpr/Sexpr;)V" line="373"><counter type="INSTRUCTION" missed="2" covered="22"/><counter type="BRANCH" missed="1" covered="1"/><counter type="LINE" missed="0" covered="4"/><counter type="COMPLEXITY" missed="1" covered="1"/><counter type="METHOD" missed="0" covered="1"/></method><method name="translateKeyword" desc="(Lcom/mackenziehigh/sexpr/Sexpr;)V" line="380"><counter type="INSTRUCTION" missed="0" covered="17"/><counter type="LINE" missed="0" covered="4"/><counter type="COMPLEXITY" missed="0" covered="1"/><counter type="METHOD" missed="0" covered="1"/></method><method name="translatePredicate" desc="(Lcom/mackenziehigh/sexpr/Sexpr;)V" line="387"><counter type="INSTRUCTION" missed="0" covered="17"/><counter type="LINE" missed="0" covered="4"/><counter type="COMPLEXITY" missed="0" covered="1"/><counter type="METHOD" missed="0" covered="1"/></method><method name="translateRef" desc="(Lcom/mackenziehigh/sexpr/Sexpr;)V" line="394"><counter type="INSTRUCTION" missed="0" covered="17"/><counter type="LINE" missed="0" covered="4"/><counter type="COMPLEXITY" missed="0" covered="1"/><counter type="METHOD" missed="0" covered="1"/></method><method name="parse" desc="(Ljava/lang/String;Ljava/lang/String;)Lcom/mackenziehigh/sexpr/internal/schema/Schema;" line="402"><counter type="INSTRUCTION" missed="0" covered="24"/><counter type="LINE" missed="0" covered="7"/><counter type="COMPLEXITY" missed="0" covered="1"/><counter type="METHOD" missed="0" covered="1"/></method><method name="lambda$parse$1" desc="(Ljava/util/Optional;)V" line="404"><counter type="INSTRUCTION" missed="14" covered="0"/><counter type="LINE" missed="2" covered="0"/><counter type="COMPLEXITY" missed="1" covered="0"/><counter type="METHOD" missed="1" covered="0"/></method><method name="lambda$either$0" desc="(Lcom/mackenziehigh/sexpr/internal/schema/Schema$Rule;)Ljava/lang/String;" line="158"><counter type="INSTRUCTION" missed="0" covered="3"/><counter type="LINE" missed="0" covered="1"/><counter type="COMPLEXITY" missed="0" covered="1"/><counter type="METHOD" missed="0" covered="1"/></method><counter type="INSTRUCTION" missed="16" covered="1070"/><counter type="BRANCH" missed="1" covered="9"/><counter type="LINE" missed="2" covered="155"/><counter type="COMPLEXITY" missed="2" covered="33"/><counter type="METHOD" missed="1" covered="29"/><counter type="CLASS" missed="0" covered="1"/></class><class name="com/mackenziehigh/sexpr/internal/schema/Schema$4"><method name="&lt;init&gt;" desc="(Lcom/mackenziehigh/sexpr/internal/schema/Schema;Ljava/util/List;)V" line="470"><counter type="INSTRUCTION" missed="0" covered="10"/><counter type="LINE" missed="0" covered="1"/><counter type="COMPLEXITY" missed="0" covered="1"/><counter type="METHOD" missed="0" covered="1"/></method><method name="match" desc="(Lcom/mackenziehigh/sexpr/internal/schema/Schema$MatchState;Lcom/mackenziehigh/sexpr/Sexpr;)Lcom/mackenziehigh/sexpr/internal/schema/MatchNode;" line="475"><counter type="INSTRUCTION" missed="0" covered="25"/><counter type="BRANCH" missed="0" covered="2"/><counter type="LINE" missed="0" covered="3"/><counter type="COMPLEXITY" missed="0" covered="2"/><counter type="METHOD" missed="0" covered="1"/></method><method name="lambda$match$1" desc="(Lcom/mackenziehigh/sexpr/internal/schema/Schema$MatchState;Lcom/mackenziehigh/sexpr/Sexpr;Lcom/mackenziehigh/sexpr/internal/schema/Schema$Rule;)Z" line="476"><counter type="INSTRUCTION" missed="0" covered="9"/><counter type="BRANCH" missed="0" covered="2"/><counter type="LINE" missed="0" covered="1"/><counter type="COMPLEXITY" missed="0" covered="2"/><counter type="METHOD" missed="0" covered="1"/></method><method name="lambda$match$0" desc="(Ljava/lang/String;)Lcom/mackenziehigh/sexpr/internal/schema/Schema$Rule;" line="476"><counter type="INSTRUCTION" missed="0" covered="7"/><counter type="LINE" missed="0" covered="1"/><counter type="COMPLEXITY" missed="0" covered="1"/><counter type="METHOD" missed="0" covered="1"/></method><counter type="INSTRUCTION" missed="0" covered="51"/><counter type="BRANCH" missed="0" covered="4"/><counter type="LINE" missed="0" covered="4"/><counter type="COMPLEXITY" missed="0" covered="6"/><counter type="METHOD" missed="0" covered="4"/><counter type="CLASS" missed="0" covered="1"/></class><class name="com/mackenziehigh/sexpr/internal/schema/Schema$5"><method name="&lt;init&gt;" desc="(Lcom/mackenziehigh/sexpr/internal/schema/Schema;Ljava/lang/String;)V" line="498"><counter type="INSTRUCTION" missed="0" covered="10"/><counter type="LINE" missed="0" covered="1"/><counter type="COMPLEXITY" missed="0" covered="1"/><counter type="METHOD" missed="0" covered="1"/></method><method name="match" desc="(Lcom/mackenziehigh/sexpr/internal/schema/Schema$MatchState;Lcom/mackenziehigh/sexpr/Sexpr;)Lcom/mackenziehigh/sexpr/internal/schema/MatchNode;" line="503"><counter type="INSTRUCTION" missed="0" covered="29"/><counter type="BRANCH" missed="0" covered="4"/><counter type="LINE" missed="0" covered="3"/><counter type="COMPLEXITY" missed="0" covered="3"/><counter type="METHOD" missed="0" covered="1"/></method><counter type="INSTRUCTION" missed="0" covered="39"/><counter type="BRANCH" missed="0" covered="4"/><counter type="LINE" missed="0" covered="4"/><counter type="COMPLEXITY" missed="0" covered="4"/><counter type="METHOD" missed="0" covered="2"/><counter type="CLASS" missed="0" covered="1"/></class><class name="com/mackenziehigh/sexpr/internal/schema/Schema$2"><method name="&lt;init&gt;" desc="(Lcom/mackenziehigh/sexpr/internal/schema/Schema;Ljava/lang/String;)V" line="414"><counter type="INSTRUCTION" missed="0" covered="10"/><counter type="LINE" missed="0" covered="1"/><counter type="COMPLEXITY" missed="0" covered="1"/><counter type="METHOD" missed="0" covered="1"/></method><method name="match" desc="(Lcom/mackenziehigh/sexpr/internal/schema/Schema$MatchState;Lcom/mackenziehigh/sexpr/Sexpr;)Lcom/mackenziehigh/sexpr/internal/schema/MatchNode;" line="419"><counter type="INSTRUCTION" missed="0" covered="11"/><counter type="LINE" missed="0" covered="1"/><counter type="COMPLEXITY" missed="0" covered="1"/><counter type="METHOD" missed="0" covered="1"/></method><counter type="INSTRUCTION" missed="0" covered="21"/><counter type="LINE" missed="0" covered="2"/><counter type="COMPLEXITY" missed="0" covered="2"/><counter type="METHOD" missed="0" covered="2"/><counter type="CLASS" missed="0" covered="1"/></class><class name="com/mackenziehigh/sexpr/internal/schema/Schema$3"><method name="&lt;init&gt;" desc="(Lcom/mackenziehigh/sexpr/internal/schema/Schema;Ljava/util/List;)V" line="441"><counter type="INSTRUCTION" missed="0" covered="10"/><counter type="LINE" missed="0" covered="1"/><counter type="COMPLEXITY" missed="0" covered="1"/><counter type="METHOD" missed="0" covered="1"/></method><method name="match" desc="(Lcom/mackenziehigh/sexpr/internal/schema/Schema$MatchState;Lcom/mackenziehigh/sexpr/Sexpr;)Lcom/mackenziehigh/sexpr/internal/schema/MatchNode;" line="446"><counter type="INSTRUCTION" missed="0" covered="25"/><counter type="BRANCH" missed="0" covered="2"/><counter type="LINE" missed="0" covered="3"/><counter type="COMPLEXITY" missed="0" covered="2"/><counter type="METHOD" missed="0" covered="1"/></method><method name="lambda$match$1" desc="(Lcom/mackenziehigh/sexpr/internal/schema/Schema$MatchState;Lcom/mackenziehigh/sexpr/Sexpr;Lcom/mackenziehigh/sexpr/internal/schema/Schema$Rule;)Z" line="447"><counter type="INSTRUCTION" missed="0" covered="9"/><counter type="BRANCH" missed="0" covered="2"/><counter type="LINE" missed="0" covered="1"/><counter type="COMPLEXITY" missed="0" covered="2"/><counter type="METHOD" missed="0" covered="1"/></method><method name="lambda$match$0" desc="(Ljava/lang/String;)Lcom/mackenziehigh/sexpr/internal/schema/Schema$Rule;" line="447"><counter type="INSTRUCTION" missed="0" covered="7"/><counter type="LINE" missed="0" covered="1"/><counter type="COMPLEXITY" missed="0" covered="1"/><counter type="METHOD" missed="0" covered="1"/></method><counter type="INSTRUCTION" missed="0" covered="51"/><counter type="BRANCH" missed="0" covered="4"/><counter type="LINE" missed="0" covered="4"/><counter type="COMPLEXITY" missed="0" covered="6"/><counter type="METHOD" missed="0" covered="4"/><counter type="CLASS" missed="0" covered="1"/></class><sourcefile name="Schema.java"><line nr="53" mi="0" ci="3" mb="0" cb="0"/><line nr="58" mi="0" ci="5" mb="0" cb="0"/><line nr="65" mi="0" ci="5" mb="0" cb="0"/><line nr="71" mi="0" ci="4" mb="0" cb="0"/><line nr="86" mi="0" ci="4" mb="0" cb="0"/><line nr="96" mi="0" ci="4" mb="0" cb="0"/><line nr="97" mi="0" ci="5" mb="0" cb="0"/><line nr="98" mi="0" ci="1" mb="0" cb="0"/><line nr="111" mi="0" ci="3" mb="0" cb="0"/><line nr="116" mi="0" ci="4" mb="0" cb="0"/><line nr="118" mi="0" ci="5" mb="0" cb="2"/><line nr="120" mi="0" ci="7" mb="0" cb="0"/><line nr="126" mi="0" ci="4" mb="0" cb="0"/><line nr="131" mi="0" ci="7" mb="0" cb="0"/><line nr="132" mi="0" ci="5" mb="0" cb="0"/><line nr="134" mi="0" ci="2" mb="0" cb="0"/><line nr="150" mi="0" ci="5" mb="0" cb="2"/><line nr="152" mi="0" ci="5" mb="0" cb="0"/><line nr="158" mi="0" ci="4" mb="0" cb="0"/><line nr="160" mi="0" ci="2" mb="0" cb="0"/><line nr="167" mi="0" ci="5" mb="0" cb="0"/><line nr="175" mi="0" ci="11" mb="0" cb="0"/><line nr="201" mi="0" ci="3" mb="0" cb="0"/><line nr="235" mi="0" ci="3" mb="0" cb="0"/><line nr="238" mi="0" ci="1" mb="0" cb="0"/><line nr="243" mi="0" ci="5" mb="0" cb="0"/><line nr="248" mi="0" ci="3" mb="0" cb="0"/><line nr="254" mi="0" ci="5" mb="0" cb="0"/><line nr="259" mi="0" ci="5" mb="0" cb="0"/><line nr="266" mi="0" ci="5" mb="0" cb="0"/><line nr="273" mi="0" ci="5" mb="0" cb="0"/><line nr="280" mi="0" ci="5" mb="0" cb="0"/><line nr="286" mi="0" ci="2" mb="0" cb="0"/><line nr="290" mi="2" ci="8" mb="0" cb="0"/><line nr="291" mi="0" ci="20" mb="1" cb="3"/><line nr="292" mi="12" ci="8" mb="4" cb="0"/><line nr="293" mi="0" ci="20" mb="1" cb="3"/><line nr="294" mi="0" ci="20" mb="1" cb="3"/><line nr="295" mi="0" ci="20" mb="1" cb="3"/><line nr="296" mi="0" ci="20" mb="1" cb="3"/><line nr="297" mi="12" ci="8" mb="4" cb="0"/><line nr="298" mi="12" ci="8" mb="4" cb="0"/><line nr="299" mi="12" ci="8" mb="4" cb="0"/><line nr="300" mi="3" ci="8" mb="0" cb="0"/><line nr="301" mi="3" ci="8" mb="0" cb="0"/><line nr="302" mi="0" ci="1" mb="0" cb="0"/><line nr="311" mi="0" ci="4" mb="0" cb="0"/><line nr="312" mi="0" ci="3" mb="0" cb="0"/><line nr="313" mi="0" ci="1" mb="0" cb="0"/><line nr="323" mi="0" ci="4" mb="0" cb="0"/><line nr="324" mi="0" ci="7" mb="0" cb="0"/><line nr="325" mi="0" ci="2" mb="0" cb="0"/><line nr="335" mi="0" ci="4" mb="0" cb="0"/><line nr="336" mi="0" ci="5" mb="0" cb="0"/><line nr="337" mi="0" ci="3" mb="0" cb="0"/><line nr="338" mi="0" ci="1" mb="0" cb="0"/><line nr="349" mi="0" ci="4" mb="0" cb="0"/><line nr="350" mi="0" ci="4" mb="0" cb="0"/><line nr="351" mi="0" ci="6" mb="0" cb="0"/><line nr="352" mi="0" ci="1" mb="0" cb="0"/><line nr="364" mi="0" ci="4" mb="0" cb="0"/><line nr="365" mi="0" ci="4" mb="0" cb="0"/><line nr="367" mi="0" ci="5" mb="0" cb="2"/><line nr="369" mi="0" ci="12" mb="0" cb="0"/><line nr="372" mi="0" ci="5" mb="0" cb="0"/><line nr="373" mi="0" ci="5" mb="0" cb="0"/><line nr="375" mi="0" ci="7" mb="0" cb="0"/><line nr="376" mi="0" ci="13" mb="0" cb="0"/><line nr="380" mi="0" ci="3" mb="0" cb="0"/><line nr="387" mi="0" ci="3" mb="0" cb="0"/><line nr="388" mi="0" ci="15" mb="0" cb="2"/><line nr="389" mi="0" ci="11" mb="0" cb="2"/><line nr="393" mi="0" ci="4" mb="0" cb="0"/><line nr="404" mi="0" ci="4" mb="0" cb="0"/><line nr="406" mi="0" ci="5" mb="0" cb="0"/><line nr="413" mi="0" ci="6" mb="0" cb="0"/><line nr="414" mi="0" ci="10" mb="0" cb="0"/><line nr="419" mi="0" ci="11" mb="0" cb="0"/><line nr="423" mi="0" ci="4" mb="0" cb="0"/><line nr="435" mi="0" ci="4" mb="0" cb="0"/><line nr="436" mi="0" ci="9" mb="0" cb="0"/><line nr="438" mi="0" ci="5" mb="0" cb="0"/><line nr="440" mi="0" ci="6" mb="0" cb="0"/><line nr="441" mi="0" ci="10" mb="0" cb="0"/><line nr="446" mi="0" ci="3" mb="0" cb="0"/><line nr="447" mi="0" ci="27" mb="0" cb="2"/><line nr="448" mi="0" ci="11" mb="0" cb="2"/><line nr="452" mi="0" ci="4" mb="0" cb="0"/><line nr="464" mi="0" ci="4" mb="0" cb="0"/><line nr="465" mi="0" ci="9" mb="0" cb="0"/><line nr="467" mi="0" ci="5" mb="0" cb="0"/><line nr="469" mi="0" ci="6" mb="0" cb="0"/><line nr="470" mi="0" ci="10" mb="0" cb="0"/><line nr="475" mi="0" ci="3" mb="0" cb="0"/><line nr="476" mi="0" ci="27" mb="0" cb="2"/><line nr="477" mi="0" ci="11" mb="0" cb="2"/><line nr="481" mi="0" ci="4" mb="0" cb="0"/><line nr="493" mi="0" ci="4" mb="0" cb="0"/><line nr="495" mi="0" ci="5" mb="0" cb="0"/><line nr="497" mi="0" ci="6" mb="0" cb="0"/><line nr="498" mi="0" ci="10" mb="0" cb="0"/><line nr="503" mi="0" ci="3" mb="0" cb="0"/><line nr="504" mi="0" ci="15" mb="0" cb="2"/><line nr="505" mi="0" ci="11" mb="0" cb="2"/><line nr="509" mi="0" ci="4" mb="0" cb="0"/><line nr="521" mi="0" ci="4" mb="0" cb="0"/><line nr="522" mi="0" ci="9" mb="0" cb="0"/><line nr="524" mi="0" ci="10" mb="0" cb="2"/><line nr="526" mi="0" ci="5" mb="0" cb="2"/><line nr="528" mi="0" ci="8" mb="0" cb="0"/><line nr="529" mi="0" ci="6" mb="0" cb="0"/><line nr="530" mi="0" ci="3" mb="0" cb="0"/><line nr="531" mi="0" ci="5" mb="0" cb="0"/><line nr="533" mi="0" ci="1" mb="0" cb="0"/><line nr="535" mi="0" ci="11" mb="0" cb="0"/><line nr="537" mi="0" ci="6" mb="0" cb="0"/><line nr="538" mi="0" ci="10" mb="0" cb="0"/><line nr="543" mi="0" ci="9" mb="0" cb="0"/><line nr="547" mi="0" ci="4" mb="0" cb="0"/><line nr="555" mi="0" ci="4" mb="0" cb="0"/><line nr="556" mi="0" ci="4" mb="0" cb="0"/><line nr="557" mi="0" ci="9" mb="0" cb="0"/><line nr="558" mi="0" ci="4" mb="0" cb="0"/><line nr="559" mi="0" ci="4" mb="0" cb="0"/><line nr="561" mi="0" ci="3" mb="0" cb="0"/><line nr="563" mi="0" ci="3" mb="1" cb="1"/><line nr="565" mi="4" ci="0" mb="0" cb="0"/><line nr="568" mi="0" ci="6" mb="0" cb="0"/><line nr="570" mi="0" ci="10" mb="0" cb="2"/><line nr="577" mi="0" ci="8" mb="0" cb="2"/><line nr="583" mi="0" ci="3" mb="1" cb="1"/><line nr="585" mi="4" ci="0" mb="0" cb="0"/><line nr="588" mi="0" ci="4" mb="0" cb="0"/><line nr="589" mi="0" ci="10" mb="0" cb="0"/><line nr="591" mi="0" ci="2" mb="0" cb="2"/><line nr="593" mi="0" ci="4" mb="0" cb="0"/><line nr="597" mi="0" ci="3" mb="0" cb="0"/><line nr="604" mi="0" ci="10" mb="0" cb="2"/><line nr="612" mi="0" ci="3" mb="0" cb="2"/><line nr="614" mi="0" ci="1" mb="0" cb="0"/><line nr="617" mi="0" ci="4" mb="0" cb="0"/><line nr="618" mi="0" ci="10" mb="0" cb="0"/><line nr="620" mi="0" ci="2" mb="0" cb="2"/><line nr="622" mi="0" ci="1" mb="0" cb="0"/><line nr="626" mi="0" ci="3" mb="0" cb="0"/><line nr="629" mi="0" ci="1" mb="0" cb="0"/><line nr="636" mi="0" ci="3" mb="0" cb="2"/><line nr="638" mi="0" ci="4" mb="0" cb="0"/><line nr="641" mi="0" ci="5" mb="0" cb="0"/><line nr="653" mi="0" ci="4" mb="0" cb="0"/><line nr="655" mi="0" ci="18" mb="1" cb="3"/><line nr="667" mi="0" ci="4" mb="0" cb="0"/><line nr="669" mi="1" ci="17" mb="2" cb="2"/><line nr="681" mi="0" ci="4" mb="0" cb="0"/><line nr="683" mi="0" ci="16" mb="0" cb="0"/><line nr="695" mi="0" ci="4" mb="0" cb="0"/><line nr="697" mi="0" ci="6" mb="0" cb="0"/><line nr="698" mi="0" ci="10" mb="0" cb="0"/><line nr="703" mi="0" ci="3" mb="0" cb="0"/><line nr="704" mi="0" ci="5" mb="0" cb="0"/><line nr="705" mi="0" ci="11" mb="0" cb="2"/><line nr="709" mi="0" ci="4" mb="0" cb="0"/><line nr="725" mi="0" ci="4" mb="0" cb="0"/><line nr="726" mi="0" ci="5" mb="0" cb="0"/><line nr="727" mi="0" ci="1" mb="0" cb="0"/><line nr="733" mi="0" ci="4" mb="0" cb="0"/><line nr="734" mi="0" ci="4" mb="0" cb="0"/><line nr="735" mi="0" ci="4" mb="0" cb="0"/><line nr="737" mi="0" ci="5" mb="0" cb="2"/><line nr="739" mi="0" ci="8" mb="0" cb="0"/><line nr="742" mi="0" ci="8" mb="1" cb="1"/><line nr="744" mi="0" ci="11" mb="0" cb="0"/><line nr="747" mi="0" ci="11" mb="0" cb="0"/><line nr="748" mi="0" ci="1" mb="0" cb="0"/><line nr="754" mi="0" ci="4" mb="0" cb="0"/><line nr="755" mi="0" ci="4" mb="0" cb="0"/><line nr="756" mi="0" ci="4" mb="0" cb="0"/><line nr="758" mi="0" ci="5" mb="0" cb="2"/><line nr="760" mi="0" ci="8" mb="0" cb="0"/><line nr="763" mi="0" ci="8" mb="1" cb="1"/><line nr="765" mi="0" ci="11" mb="0" cb="0"/><line nr="768" mi="0" ci="11" mb="0" cb="0"/><line nr="769" mi="0" ci="1" mb="0" cb="0"/><line nr="779" mi="0" ci="4" mb="0" cb="0"/><line nr="781" mi="0" ci="18" mb="0" cb="2"/><line nr="783" mi="0" ci="4" mb="0" cb="2"/><line nr="785" mi="0" ci="4" mb="0" cb="0"/><line nr="788" mi="0" ci="4" mb="0" cb="2"/><line nr="790" mi="0" ci="5" mb="0" cb="0"/><line nr="793" mi="0" ci="4" mb="0" cb="2"/><line nr="795" mi="0" ci="5" mb="0" cb="0"/><line nr="798" mi="0" ci="1" mb="0" cb="0"/><line nr="802" mi="0" ci="5" mb="0" cb="2"/><line nr="804" mi="0" ci="7" mb="0" cb="0"/><line nr="805" mi="0" ci="3" mb="0" cb="0"/><line nr="809" mi="0" ci="2" mb="0" cb="0"/><line nr="816" mi="0" ci="4" mb="0" cb="2"/><line nr="818" mi="0" ci="6" mb="0" cb="0"/><line nr="819" mi="0" ci="2" mb="0" cb="0"/><line nr="821" mi="0" ci="3" mb="1" cb="1"/><line nr="823" mi="0" ci="4" mb="0" cb="0"/><line nr="827" mi="5" ci="0" mb="0" cb="0"/><line nr="837" mi="0" ci="6" mb="0" cb="0"/><line nr="842" mi="0" ci="4" mb="0" cb="2"/><line nr="844" mi="0" ci="10" mb="0" cb="0"/><line nr="845" mi="0" ci="5" mb="0" cb="0"/><line nr="851" mi="0" ci="5" mb="0" cb="2"/><line nr="853" mi="0" ci="8" mb="0" cb="0"/><line nr="854" mi="0" ci="5" mb="0" cb="0"/><line nr="855" mi="0" ci="3" mb="0" cb="0"/><line nr="856" mi="0" ci="5" mb="0" cb="0"/><line nr="863" mi="0" ci="4" mb="0" cb="2"/><line nr="865" mi="0" ci="10" mb="0" cb="0"/><line nr="866" mi="0" ci="5" mb="0" cb="0"/><line nr="868" mi="0" ci="7" mb="0" cb="2"/><line nr="870" mi="0" ci="5" mb="0" cb="0"/><line nr="871" mi="0" ci="9" mb="0" cb="0"/><line nr="872" mi="0" ci="4" mb="0" cb="0"/><line nr="873" mi="0" ci="1" mb="0" cb="0"/><line nr="874" mi="0" ci="7" mb="0" cb="2"/><line nr="876" mi="0" ci="5" mb="0" cb="0"/><line nr="877" mi="0" ci="15" mb="0" cb="2"/><line nr="878" mi="0" ci="4" mb="0" cb="0"/><line nr="879" mi="0" ci="1" mb="0" cb="0"/><line nr="880" mi="0" ci="7" mb="0" cb="2"/><line nr="882" mi="0" ci="5" mb="0" cb="0"/><line nr="883" mi="0" ci="15" mb="0" cb="2"/><line nr="884" mi="0" ci="4" mb="0" cb="0"/><line nr="885" mi="0" ci="1" mb="0" cb="0"/><line nr="888" mi="0" ci="8" mb="0" cb="0"/><line nr="889" mi="0" ci="5" mb="0" cb="0"/><line nr="890" mi="0" ci="5" mb="0" cb="0"/><line nr="891" mi="0" ci="5" mb="0" cb="0"/><line nr="892" mi="0" ci="2" mb="0" cb="0"/><line nr="893" mi="0" ci="5" mb="0" cb="0"/><line nr="895" mi="0" ci="1" mb="0" cb="0"/><line nr="904" mi="0" ci="5" mb="0" cb="0"/><line nr="909" mi="0" ci="6" mb="0" cb="0"/><line nr="914" mi="0" ci="4" mb="0" cb="2"/><line nr="916" mi="0" ci="10" mb="0" cb="0"/><line nr="917" mi="0" ci="5" mb="0" cb="0"/><line nr="923" mi="0" ci="5" mb="0" cb="2"/><line nr="925" mi="0" ci="8" mb="0" cb="0"/><line nr="926" mi="0" ci="5" mb="0" cb="0"/><line nr="927" mi="0" ci="3" mb="0" cb="0"/><line nr="928" mi="0" ci="5" mb="0" cb="0"/><line nr="935" mi="0" ci="4" mb="0" cb="2"/><line nr="937" mi="0" ci="10" mb="0" cb="0"/><line nr="938" mi="0" ci="5" mb="0" cb="0"/><line nr="940" mi="0" ci="7" mb="0" cb="2"/><line nr="942" mi="0" ci="5" mb="0" cb="0"/><line nr="943" mi="0" ci="8" mb="0" cb="0"/><line nr="944" mi="0" ci="5" mb="0" cb="0"/><line nr="945" mi="0" ci="1" mb="0" cb="0"/><line nr="946" mi="0" ci="7" mb="0" cb="2"/><line nr="948" mi="0" ci="5" mb="0" cb="0"/><line nr="949" mi="0" ci="9" mb="0" cb="0"/><line nr="950" mi="0" ci="5" mb="0" cb="0"/><line nr="951" mi="0" ci="1" mb="0" cb="0"/><line nr="952" mi="0" ci="7" mb="0" cb="2"/><line nr="954" mi="0" ci="5" mb="0" cb="0"/><line nr="955" mi="0" ci="9" mb="0" cb="0"/><line nr="956" mi="0" ci="5" mb="0" cb="0"/><line nr="957" mi="0" ci="1" mb="0" cb="0"/><line nr="960" mi="0" ci="8" mb="0" cb="0"/><line nr="961" mi="0" ci="5" mb="0" cb="0"/><line nr="962" mi="0" ci="5" mb="0" cb="0"/><line nr="963" mi="0" ci="5" mb="0" cb="0"/><line nr="964" mi="0" ci="2" mb="0" cb="0"/><line nr="965" mi="0" ci="5" mb="0" cb="0"/><line nr="967" mi="0" ci="1" mb="0" cb="0"/><line nr="976" mi="0" ci="5" mb="0" cb="0"/><line nr="981" mi="0" ci="6" mb="0" cb="0"/><line nr="986" mi="0" ci="4" mb="0" cb="2"/><line nr="988" mi="0" ci="10" mb="0" cb="0"/><line nr="989" mi="0" ci="5" mb="0" cb="0"/><line nr="995" mi="0" ci="5" mb="0" cb="2"/><line nr="997" mi="0" ci="8" mb="0" cb="0"/><line nr="998" mi="0" ci="5" mb="0" cb="0"/><line nr="999" mi="0" ci="3" mb="0" cb="0"/><line nr="1000" mi="0" ci="5" mb="0" cb="0"/><line nr="1007" mi="0" ci="4" mb="0" cb="2"/><line nr="1009" mi="0" ci="10" mb="0" cb="0"/><line nr="1010" mi="0" ci="5" mb="0" cb="0"/><line nr="1012" mi="0" ci="7" mb="0" cb="2"/><line nr="1014" mi="0" ci="5" mb="0" cb="0"/><line nr="1015" mi="0" ci="8" mb="0" cb="0"/><line nr="1016" mi="0" ci="5" mb="0" cb="0"/><line nr="1017" mi="0" ci="1" mb="0" cb="0"/><line nr="1018" mi="0" ci="7" mb="0" cb="2"/><line nr="1020" mi="0" ci="5" mb="0" cb="0"/><line nr="1021" mi="0" ci="9" mb="0" cb="0"/><line nr="1022" mi="0" ci="5" mb="0" cb="0"/><line nr="1023" mi="0" ci="1" mb="0" cb="0"/><line nr="1024" mi="0" ci="7" mb="0" cb="2"/><line nr="1026" mi="0" ci="5" mb="0" cb="0"/><line nr="1027" mi="0" ci="9" mb="0" cb="0"/><line nr="1028" mi="0" ci="5" mb="0" cb="0"/><line nr="1029" mi="0" ci="1" mb="0" cb="0"/><line nr="1032" mi="0" ci="8" mb="0" cb="0"/><line nr="1033" mi="0" ci="5" mb="0" cb="0"/><line nr="1034" mi="0" ci="5" mb="0" cb="0"/><line nr="1035" mi="0" ci="5" mb="0" cb="0"/><line nr="1036" mi="0" ci="2" mb="0" cb="0"/><line nr="1037" mi="0" ci="5" mb="0" cb="0"/><line nr="1039" mi="0" ci="1" mb="0" cb="0"/><line nr="1044" mi="0" ci="4" mb="0" cb="0"/><line nr="1048" mi="0" ci="3" mb="0" cb="0"/><line nr="1049" mi="0" ci="10" mb="0" cb="0"/><line nr="1051" mi="1" ci="0" mb="0" cb="0"/><line nr="1053" mi="7" ci="0" mb="0" cb="0"/><line nr="1057" mi="0" ci="2" mb="0" cb="0"/><line nr="1068" mi="0" ci="4" mb="0" cb="0"/><line nr="1073" mi="0" ci="2" mb="0" cb="0"/><line nr="1078" mi="0" ci="6" mb="0" cb="0"/><line nr="1079" mi="0" ci="7" mb="0" cb="0"/><line nr="1080" mi="0" ci="5" mb="0" cb="0"/><line nr="1086" mi="0" ci="2" mb="0" cb="2"/><line nr="1088" mi="0" ci="5" mb="0" cb="0"/><line nr="1089" mi="0" ci="2" mb="0" cb="0"/><line nr="1093" mi="0" ci="3" mb="0" cb="0"/><line nr="1094" mi="0" ci="2" mb="0" cb="0"/><line nr="1100" mi="0" ci="2" mb="0" cb="0"/><line nr="1101" mi="0" ci="2" mb="0" cb="0"/><line nr="1102" mi="0" ci="2" mb="0" cb="0"/><line nr="1103" mi="0" ci="1" mb="0" cb="0"/><line nr="1107" mi="0" ci="6" mb="1" cb="1"/><line nr="1109" mi="5" ci="0" mb="0" cb="0"/><line nr="1111" mi="0" ci="1" mb="0" cb="0"/><line nr="1118" mi="0" ci="4" mb="0" cb="0"/><line nr="1119" mi="0" ci="6" mb="0" cb="0"/><line nr="1120" mi="0" ci="4" mb="0" cb="0"/><line nr="1121" mi="0" ci="5" mb="0" cb="0"/><line nr="1123" mi="0" ci="3" mb="1" cb="1"/><line nr="1125" mi="10" ci="0" mb="0" cb="0"/><line nr="1126" mi="9" ci="0" mb="0" cb="0"/><line nr="1127" mi="5" ci="0" mb="0" cb="0"/><line nr="1129" mi="0" ci="1" mb="0" cb="0"/><line nr="1136" mi="0" ci="12" mb="0" cb="2"/><line nr="1138" mi="0" ci="5" mb="0" cb="2"/><line nr="1140" mi="0" ci="12" mb="0" cb="0"/><line nr="1142" mi="0" ci="1" mb="0" cb="0"/><line nr="1147" mi="0" ci="12" mb="0" cb="2"/><line nr="1149" mi="0" ci="5" mb="0" cb="2"/><line nr="1151" mi="0" ci="12" mb="0" cb="0"/><line nr="1153" mi="0" ci="1" mb="0" cb="0"/><line nr="1154" mi="0" ci="1" mb="0" cb="0"/><line nr="1164" mi="0" ci="11" mb="0" cb="0"/><line nr="1165" mi="0" ci="1" mb="0" cb="0"/><line nr="1170" mi="0" ci="15" mb="0" cb="4"/><line nr="1172" mi="0" ci="11" mb="0" cb="0"/><line nr="1173" mi="0" ci="9" mb="0" cb="0"/><line nr="1176" mi="0" ci="11" mb="0" cb="0"/><line nr="1178" mi="0" ci="15" mb="0" cb="4"/><line nr="1180" mi="0" ci="11" mb="0" cb="0"/><line nr="1181" mi="0" ci="9" mb="0" cb="0"/><line nr="1183" mi="0" ci="1" mb="0" cb="0"/><counter type="INSTRUCTION" missed="107" covered="2039"/><counter type="BRANCH" missed="31" covered="143"/><counter type="LINE" missed="9" covered="348"/><counter type="COMPLEXITY" missed="31" covered="152"/><counter type="METHOD" missed="8" covered="88"/><counter type="CLASS" missed="0" covered="10"/></sourcefile><sou
[...]
="0" ci="4" mb="0" cb="0"/><line nr="178" mi="0" ci="4" mb="0" cb="0"/><line nr="189" mi="0" ci="4" mb="0" cb="0"/><line nr="200" mi="0" ci="4" mb="0" cb="0"/><line nr="211" mi="0" ci="4" mb="0" cb="0"/><line nr="222" mi="0" ci="4" mb="0" cb="0"/><line nr="233" mi="0" ci="4" mb="0" cb="0"/><line nr="246" mi="0" ci="7" mb="0" cb="0"/><line nr="259" mi="0" ci="4" mb="0" cb="0"/><line nr="272" mi="0" ci="7" mb="0" cb="0"/><line nr="285" mi="0" ci="7" mb="0" cb="0"/><line nr="298" mi="0" ci="7" mb="0" cb="0"/><line nr="311" mi="0" ci="7" mb="0" cb="0"/><line nr="324" mi="0" ci="7" mb="0" cb="0"/><line nr="337" mi="0" ci="7" mb="0" cb="0"/><line nr="350" mi="0" ci="7" mb="0" cb="0"/><line nr="363" mi="0" ci="7" mb="0" cb="0"/><line nr="376" mi="0" ci="6" mb="0" cb="0"/><line nr="381" mi="0" ci="8" mb="0" cb="0"/><line nr="383" mi="0" ci="2" mb="0" cb="0"/><line nr="385" mi="0" ci="8" mb="0" cb="2"/><line nr="387" mi="0" ci="9" mb="0" cb="0"/><line nr="388" mi="0" ci="9" mb="0" cb="0"/><line nr="389" mi="0" ci="6" mb="0" cb="0"/><line nr="392" mi="0" ci="3" mb="0" cb="0"/><line nr="403" mi="0" ci="5" mb="0" cb="2"/><line nr="405" mi="0" ci="3" mb="0" cb="0"/><line nr="409" mi="0" ci="12" mb="0" cb="0"/><line nr="421" mi="0" ci="3" mb="0" cb="0"/><line nr="432" mi="0" ci="6" mb="0" cb="0"/><line nr="441" mi="0" ci="2" mb="0" cb="0"/><line nr="450" mi="0" ci="2" mb="0" cb="0"/><line nr="459" mi="0" ci="4" mb="0" cb="0"/><line nr="468" mi="0" ci="4" mb="0" cb="0"/><line nr="477" mi="0" ci="4" mb="0" cb="0"/><line nr="486" mi="0" ci="4" mb="0" cb="0"/><line nr="496" mi="0" ci="3" mb="0" cb="0"/><line nr="497" mi="0" ci="3" mb="0" cb="0"/><line nr="498" mi="0" ci="1" mb="0" cb="0"/><line nr="512" mi="0" ci="5" mb="0" cb="0"/><line nr="523" mi="0" ci="4" mb="0" cb="2"/><line nr="525" mi="0" ci="3" mb="0" cb="0"/><line nr="530" mi="0" ci="8" mb="0" cb="0"/><line nr="531" mi="0" ci="3" mb="0" cb="0"/><line nr="533" mi="0" ci="1" mb="0" cb="0"/><line nr="535" mi="0" ci="2" mb="0" cb="0"/><line nr="553" mi="0" ci="6" mb="0" cb="2"/><line nr="555" mi="0" ci="2" mb="0" cb="0"/><line nr="557" mi="0" ci="5" mb="0" cb="2"/><line nr="559" mi="0" ci="2" mb="0" cb="0"/><line nr="562" mi="0" ci="7" mb="0" cb="0"/><line nr="564" mi="0" ci="12" mb="0" cb="2"/><line nr="566" mi="0" ci="8" mb="0" cb="0"/><line nr="567" mi="0" ci="12" mb="1" cb="3"/><line nr="568" mi="0" ci="12" mb="1" cb="3"/><line nr="570" mi="0" ci="8" mb="0" cb="0"/><line nr="571" mi="0" ci="12" mb="1" cb="3"/><line nr="572" mi="0" ci="12" mb="1" cb="3"/><line nr="574" mi="0" ci="11" mb="0" cb="0"/><line nr="577" mi="0" ci="3" mb="0" cb="0"/><line nr="597" mi="0" ci="4" mb="0" cb="2"/><line nr="599" mi="0" ci="3" mb="0" cb="0"/><line nr="602" mi="0" ci="80" mb="10" cb="24"/><line nr="609" mi="0" ci="6" mb="0" cb="0"/><line nr="615" mi="0" ci="6" mb="0" cb="0"/><line nr="617" mi="0" ci="2" mb="0" cb="0"/><line nr="628" mi="0" ci="4" mb="0" cb="2"/><line nr="630" mi="0" ci="3" mb="0" cb="0"/><line nr="632" mi="0" ci="5" mb="0" cb="2"/><line nr="634" mi="0" ci="4" mb="0" cb="0"/><line nr="636" mi="0" ci="5" mb="0" cb="2"/><line nr="638" mi="0" ci="4" mb="0" cb="0"/><line nr="640" mi="0" ci="5" mb="0" cb="2"/><line nr="642" mi="0" ci="4" mb="0" cb="0"/><line nr="644" mi="0" ci="5" mb="0" cb="2"/><line nr="646" mi="0" ci="4" mb="0" cb="0"/><line nr="648" mi="0" ci="17" mb="2" cb="4"/><line nr="650" mi="0" ci="10" mb="0" cb="0"/><line nr="651" mi="0" ci="3" mb="0" cb="0"/><line nr="655" mi="0" ci="2" mb="0" cb="0"/><line nr="666" mi="0" ci="4" mb="0" cb="2"/><line nr="668" mi="0" ci="3" mb="0" cb="0"/><line nr="670" mi="0" ci="5" mb="0" cb="2"/><line nr="672" mi="0" ci="4" mb="0" cb="0"/><line nr="674" mi="0" ci="5" mb="0" cb="2"/><line nr="676" mi="0" ci="4" mb="0" cb="0"/><line nr="678" mi="0" ci="5" mb="0" cb="2"/><line nr="680" mi="0" ci="4" mb="0" cb="0"/><line nr="682" mi="0" ci="5" mb="0" cb="2"/><line nr="684" mi="0" ci="4" mb="0" cb="0"/><line nr="690" mi="0" ci="7" mb="0" cb="0"/><line nr="691" mi="0" ci="3" mb="0" cb="0"/><line nr="693" mi="0" ci="1" mb="0" cb="0"/><line nr="695" mi="0" ci="2" mb="0" cb="0"/><line nr="707" mi="0" ci="4" mb="0" cb="2"/><line nr="709" mi="0" ci="3" mb="0" cb="0"/><line nr="711" mi="0" ci="5" mb="0" cb="2"/><line nr="713" mi="0" ci="4" mb="0" cb="0"/><line nr="715" mi="0" ci="5" mb="0" cb="2"/><line nr="717" mi="0" ci="4" mb="0" cb="0"/><line nr="719" mi="0" ci="5" mb="0" cb="2"/><line nr="721" mi="0" ci="4" mb="0" cb="0"/><line nr="723" mi="0" ci="5" mb="0" cb="2"/><line nr="725" mi="0" ci="4" mb="0" cb="0"/><line nr="731" mi="0" ci="7" mb="0" cb="0"/><line nr="732" mi="0" ci="3" mb="0" cb="0"/><line nr="734" mi="0" ci="1" mb="0" cb="0"/><line nr="736" mi="0" ci="2" mb="0" cb="0"/><line nr="748" mi="0" ci="4" mb="0" cb="2"/><line nr="750" mi="0" ci="3" mb="0" cb="0"/><line nr="752" mi="0" ci="5" mb="0" cb="2"/><line nr="754" mi="0" ci="4" mb="0" cb="0"/><line nr="756" mi="0" ci="5" mb="0" cb="2"/><line nr="758" mi="0" ci="4" mb="0" cb="0"/><line nr="760" mi="0" ci="5" mb="0" cb="2"/><line nr="762" mi="0" ci="4" mb="0" cb="0"/><line nr="764" mi="0" ci="5" mb="0" cb="2"/><line nr="766" mi="0" ci="4" mb="0" cb="0"/><line nr="772" mi="0" ci="7" mb="0" cb="0"/><line nr="773" mi="0" ci="3" mb="0" cb="0"/><line nr="775" mi="0" ci="1" mb="0" cb="0"/><line nr="777" mi="0" ci="2" mb="0" cb="0"/><line nr="790" mi="0" ci="4" mb="0" cb="2"/><line nr="792" mi="0" ci="3" mb="0" cb="0"/><line nr="794" mi="0" ci="5" mb="0" cb="2"/><line nr="796" mi="0" ci="4" mb="0" cb="0"/><line nr="798" mi="0" ci="5" mb="0" cb="2"/><line nr="800" mi="0" ci="4" mb="0" cb="0"/><line nr="802" mi="0" ci="5" mb="0" cb="2"/><line nr="804" mi="0" ci="4" mb="0" cb="0"/><line nr="806" mi="0" ci="5" mb="0" cb="2"/><line nr="808" mi="0" ci="4" mb="0" cb="0"/><line nr="814" mi="0" ci="7" mb="0" cb="0"/><line nr="815" mi="0" ci="3" mb="0" cb="0"/><line nr="817" mi="0" ci="1" mb="0" cb="0"/><line nr="819" mi="0" ci="2" mb="0" cb="0"/><line nr="831" mi="0" ci="4" mb="0" cb="2"/><line nr="833" mi="0" ci="3" mb="0" cb="0"/><line nr="837" mi="0" ci="3" mb="0" cb="0"/><line nr="838" mi="0" ci="13" mb="0" cb="2"/><line nr="839" mi="0" ci="3" mb="0" cb="0"/><line nr="852" mi="0" ci="4" mb="0" cb="2"/><line nr="854" mi="0" ci="3" mb="0" cb="0"/><line nr="856" mi="0" ci="5" mb="0" cb="2"/><line nr="858" mi="0" ci="4" mb="0" cb="0"/><line nr="860" mi="0" ci="5" mb="0" cb="2"/><line nr="862" mi="0" ci="4" mb="0" cb="0"/><line nr="864" mi="0" ci="5" mb="0" cb="2"/><line nr="866" mi="0" ci="4" mb="0" cb="0"/><line nr="868" mi="0" ci="5" mb="0" cb="2"/><line nr="870" mi="0" ci="4" mb="0" cb="0"/><line nr="872" mi="0" ci="5" mb="0" cb="2"/><line nr="874" mi="0" ci="4" mb="0" cb="0"/><line nr="876" mi="0" ci="5" mb="0" cb="2"/><line nr="878" mi="0" ci="4" mb="0" cb="0"/><line nr="882" mi="0" ci="7" mb="0" cb="0"/><line nr="883" mi="0" ci="3" mb="0" cb="0"/><line nr="886" mi="0" ci="1" mb="0" cb="0"/><line nr="888" mi="0" ci="2" mb="0" cb="0"/><line nr="898" mi="0" ci="2" mb="0" cb="0"/><line nr="907" mi="0" ci="2" mb="0" cb="0"/><line nr="916" mi="0" ci="2" mb="0" cb="0"/><line nr="925" mi="0" ci="3" mb="0" cb="0"/><line nr="934" mi="0" ci="6" mb="0" cb="0"/><line nr="943" mi="0" ci="3" mb="0" cb="2"/><line nr="945" mi="0" ci="2" mb="0" cb="0"/><line nr="947" mi="0" ci="2" mb="0" cb="2"/><line nr="949" mi="0" ci="2" mb="0" cb="0"/><line nr="951" mi="0" ci="3" mb="0" cb="2"/><line nr="953" mi="0" ci="2" mb="0" cb="0"/><line nr="957" mi="0" ci="3" mb="0" cb="0"/><line nr="958" mi="0" ci="15" mb="1" cb="3"/><line nr="959" mi="0" ci="2" mb="0" cb="0"/><line nr="969" mi="0" ci="3" mb="0" cb="0"/><counter type="INSTRUCTION" missed="0" covered="956"/><counter type="BRANCH" missed="17" covered="131"/><counter type="LINE" missed="0" covered="193"/><counter type="COMPLEXITY" missed="17" covered="114"/><counter type="METHOD" missed="0" covered="52"/><counter type="CLASS" missed="0" covered="1"/></sourcefile><sourcefile name="TreeMutator.java"><line nr="53" mi="0" ci="5" mb="0" cb="0"/><line nr="54" mi="0" ci="1" mb="0" cb="0"/><line nr="59" mi="0" ci="2" mb="0" cb="0"/><line nr="60" mi="0" ci="3" mb="0" cb="0"/><line nr="61" mi="0" ci="5" mb="0" cb="0"/><line nr="62" mi="0" ci="3" mb="0" cb="0"/><line nr="63" mi="0" ci="1" mb="0" cb="0"/><line nr="75" mi="0" ci="4" mb="0" cb="2"/><line nr="77" mi="0" ci="7" mb="0" cb="0"/><line nr="78" mi="0" ci="4" mb="0" cb="0"/><line nr="79" mi="0" ci="3" mb="0" cb="0"/><line nr="80" mi="0" ci="4" mb="0" cb="0"/><line nr="84" mi="0" ci="5" mb="0" cb="0"/><line nr="98" mi="0" ci="4" mb="0" cb="2"/><line nr="100" mi="0" ci="7" mb="0" cb="0"/><line nr="101" mi="0" ci="4" mb="0" cb="0"/><line nr="102" mi="0" ci="3" mb="0" cb="0"/><line nr="103" mi="0" ci="4" mb="0" cb="0"/><line nr="107" mi="0" ci="5" mb="0" cb="0"/><line nr="120" mi="0" ci="3" mb="0" cb="2"/><line nr="122" mi="0" ci="5" mb="0" cb="0"/><line nr="126" mi="0" ci="9" mb="0" cb="0"/><line nr="139" mi="0" ci="4" mb="0" cb="0"/><line nr="151" mi="0" ci="4" mb="0" cb="2"/><line nr="153" mi="0" ci="9" mb="0" cb="0"/><line nr="157" mi="0" ci="5" mb="0" cb="0"/><line nr="171" mi="0" ci="4" mb="0" cb="2"/><line nr="173" mi="0" ci="6" mb="0" cb="0"/><line nr="174" mi="0" ci="7" mb="0" cb="0"/><line nr="175" mi="0" ci="2" mb="0" cb="0"/><line nr="179" mi="0" ci="5" mb="0" cb="0"/><line nr="190" mi="0" ci="3" mb="0" cb="0"/><line nr="199" mi="0" ci="4" mb="0" cb="0"/><line nr="216" mi="0" ci="7" mb="0" cb="0"/><line nr="217" mi="0" ci="5" mb="0" cb="0"/><line nr="218" mi="0" ci="3" mb="0" cb="0"/><line nr="223" mi="0" ci="12" mb="0" cb="2"/><line nr="228" mi="0" ci="2" mb="0" cb="0"/><counter type="INSTRUCTION" missed="0" covered="173"/><counter type="BRANCH" missed="0" covered="12"/><counter type="LINE" missed="0" covered="38"/><counter type="COMPLEXITY" missed="0" covered="17"/><counter type="METHOD" missed="0" covered="11"/><counter type="CLASS" missed="0" covered="1"/></sourcefile><sourcefile name="SourceLocation.java"><line nr="27" mi="0" ci="8" mb="0" cb="0"/><line nr="45" mi="0" ci="2" mb="0" cb="0"/><line nr="46" mi="0" ci="5" mb="0" cb="0"/><line nr="47" mi="0" ci="3" mb="0" cb="0"/><line nr="48" mi="0" ci="3" mb="0" cb="0"/><line nr="49" mi="0" ci="1" mb="0" cb="0"/><line nr="59" mi="0" ci="3" mb="0" cb="0"/><line nr="70" mi="0" ci="3" mb="0" cb="0"/><line nr="81" mi="0" ci="3" mb="0" cb="0"/><line nr="92" mi="22" ci="0" mb="0" cb="0"/><line nr="101" mi="3" ci="0" mb="0" cb="0"/><counter type="INSTRUCTION" missed="25" covered="31"/><counter type="LINE" missed="2" covered="9"/><counter type="COMPLEXITY" missed="2" covered="5"/><counter type="METHOD" missed="2" covered="5"/><counter type="CLASS" missed="0" covered="1"/></sourcefile><sourcefile name="Sexpr.java"><line nr="149" mi="0" ci="10" mb="0" cb="2"/><line nr="167" mi="0" ci="3" mb="0" cb="2"/><line nr="169" mi="0" ci="3" mb="0" cb="0"/><line nr="173" mi="0" ci="6" mb="0" cb="0"/><line nr="192" mi="0" ci="3" mb="0" cb="2"/><line nr="194" mi="0" ci="3" mb="0" cb="0"/><line nr="198" mi="0" ci="6" mb="0" cb="0"/><counter type="INSTRUCTION" missed="0" covered="34"/><counter type="BRANCH" missed="0" covered="6"/><counter type="LINE" missed="0" covered="7"/><counter type="COMPLEXITY" missed="0" covered="6"/><counter type="METHOD" missed="0" covered="3"/><counter type="CLASS" missed="0" covered="1"/></sourcefile><sourcefile name="SList.java"><line nr="84" mi="0" ci="2" mb="0" cb="0"/><line nr="85" mi="0" ci="5" mb="0" cb="0"/><line nr="86" mi="0" ci="5" mb="0" cb="0"/><line nr="87" mi="0" ci="12" mb="0" cb="0"/><line nr="88" mi="0" ci="3" mb="0" cb="0"/><line nr="89" mi="0" ci="13" mb="0" cb="0"/><line nr="90" mi="0" ci="15" mb="0" cb="0"/><line nr="91" mi="0" ci="11" mb="0" cb="0"/><line nr="92" mi="0" ci="13" mb="0" cb="0"/><line nr="93" mi="0" ci="1" mb="0" cb="0"/><line nr="103" mi="0" ci="8" mb="0" cb="0"/><line nr="116" mi="0" ci="8" mb="0" cb="0"/><line nr="127" mi="0" ci="7" mb="0" cb="0"/><line nr="140" mi="0" ci="7" mb="0" cb="0"/><line nr="151" mi="0" ci="7" mb="0" cb="0"/><line nr="164" mi="0" ci="7" mb="0" cb="0"/><line nr="175" mi="0" ci="6" mb="0" cb="0"/><line nr="188" mi="0" ci="6" mb="0" cb="0"/><line nr="209" mi="0" ci="6" mb="0" cb="0"/><line nr="233" mi="0" ci="7" mb="0" cb="0"/><line nr="239" mi="0" ci="4" mb="0" cb="0"/><line nr="240" mi="0" ci="21" mb="0" cb="0"/><line nr="241" mi="0" ci="2" mb="0" cb="0"/><line nr="248" mi="0" ci="4" mb="0" cb="0"/><line nr="249" mi="0" ci="26" mb="0" cb="0"/><line nr="250" mi="0" ci="2" mb="0" cb="0"/><line nr="259" mi="0" ci="6" mb="0" cb="0"/><line nr="268" mi="0" ci="2" mb="0" cb="0"/><line nr="277" mi="0" ci="2" mb="0" cb="0"/><line nr="287" mi="0" ci="9" mb="0" cb="2"/><line nr="297" mi="0" ci="12" mb="0" cb="2"/><line nr="306" mi="0" ci="3" mb="0" cb="0"/><line nr="317" mi="0" ci="5" mb="0" cb="0"/><line nr="326" mi="0" ci="4" mb="0" cb="0"/><line nr="338" mi="0" ci="14" mb="0" cb="2"/><line nr="347" mi="0" ci="4" mb="0" cb="0"/><line nr="349" mi="0" ci="4" mb="0" cb="0"/><line nr="351" mi="0" ci="3" mb="0" cb="2"/><line nr="353" mi="0" ci="4" mb="0" cb="0"/><line nr="355" mi="0" ci="4" mb="0" cb="2"/><line nr="357" mi="0" ci="2" mb="0" cb="0"/><line nr="359" mi="0" ci="3" mb="0" cb="2"/><line nr="361" mi="0" ci="5" mb="0" cb="0"/><line nr="363" mi="0" ci="1" mb="0" cb="0"/><line nr="365" mi="0" ci="2" mb="0" cb="0"/><line nr="374" mi="0" ci="4" mb="0" cb="0"/><line nr="383" mi="0" ci="18" mb="1" cb="3"/><line nr="392" mi="0" ci="18" mb="0" cb="4"/><line nr="402" mi="0" ci="3" mb="0" cb="0"/><line nr="403" mi="0" ci="11" mb="0" cb="0"/><line nr="404" mi="0" ci="3" mb="0" cb="0"/><line nr="405" mi="0" ci="1" mb="0" cb="0"/><line nr="422" mi="0" ci="4" mb="0" cb="0"/><line nr="424" mi="0" ci="10" mb="0" cb="2"/><line nr="426" mi="0" ci="3" mb="0" cb="2"/><line nr="428" mi="0" ci="2" mb="0" cb="0"/><line nr="430" mi="0" ci="5" mb="0" cb="2"/><line nr="432" mi="0" ci="2" mb="0" cb="0"/><line nr="436" mi="0" ci="3" mb="0" cb="0"/><line nr="437" mi="0" ci="7" mb="0" cb="0"/><line nr="439" mi="0" ci="1" mb="0" cb="0"/><line nr="441" mi="0" ci="4" mb="0" cb="0"/><line nr="450" mi="0" ci="3" mb="0" cb="0"/><line nr="459" mi="0" ci="3" mb="0" cb="0"/><line nr="468" mi="0" ci="3" mb="0" cb="0"/><line nr="477" mi="0" ci="3" mb="0" cb="2"/><line nr="479" mi="0" ci="2" mb="0" cb="0"/><line nr="481" mi="0" ci="2" mb="0" cb="2"/><line nr="483" mi="0" ci="2" mb="0" cb="0"/><line nr="485" mi="0" ci="5" mb="0" cb="2"/><line nr="487" mi="0" ci="2" mb="0" cb="0"/><line nr="489" mi="0" ci="3" mb="0" cb="2"/><line nr="491" mi="0" ci="2" mb="0" cb="0"/><line nr="495" mi="0" ci="3" mb="0" cb="0"/><line nr="496" mi="0" ci="6" mb="0" cb="0"/><line nr="497" mi="0" ci="2" mb="0" cb="0"/><line nr="507" mi="0" ci="3" mb="0" cb="0"/><line nr="516" mi="0" ci="4" mb="0" cb="0"/><line nr="517" mi="0" ci="4" mb="0" cb="0"/><line nr="518" mi="0" ci="19" mb="0" cb="0"/><line nr="519" mi="0" ci="10" mb="0" cb="2"/><line nr="520" mi="0" ci="4" mb="0" cb="0"/><line nr="521" mi="0" ci="3" mb="0" cb="0"/><line nr="540" mi="0" ci="4" mb="0" cb="0"/><line nr="541" mi="0" ci="2" mb="0" cb="0"/><line nr="558" mi="4" ci="0" mb="0" cb="0"/><line nr="559" mi="2" ci="0" mb="0" cb="0"/><line nr="577" mi="4" ci="0" mb="0" cb="0"/><line nr="579" mi="25" ci="0" mb="0" cb="0"/><line nr="580" mi="5" ci="0" mb="0" cb="0"/><line nr="581" mi="5" ci="0" mb="0" cb="0"/><line nr="583" mi="3" ci="0" mb="2" cb="0"/><line nr="585" mi="8" ci="0" mb="0" cb="0"/><line nr="587" mi="96" ci="0" mb="24" cb="0"/><line nr="588" mi="1" ci="0" mb="0" cb="0"/><line nr="590" mi="2" ci="0" mb="0" cb="0"/><line nr="591" mi="1" ci="0" mb="0" cb="0"/><line nr="593" mi="5" ci="0" mb="0" cb="0"/><line nr="611" mi="3" ci="0" mb="0" cb="0"/><line nr="612" mi="4" ci="0" mb="0" cb="0"/><line nr="613" mi="7" ci="0" mb="0" cb="0"/><line nr="614" mi="8" ci="0" mb="0" cb="0"/><line nr="615" mi="5" ci="0" mb="0" cb="0"/><counter type="INSTRUCTION" missed="188" covered="490"/><counter type="BRANCH" missed="27" covered="35"/><counter type="LINE" missed="18" covered="85"/><counter type="COMPLEXITY" missed="18" covered="63"/><counter type="METHOD" missed="4" covered="46"/><counter type="CLASS" missed="0" covered="1"/></sourcefile><sourcefile name="SexprSchema.java"><line nr="42" mi="0" ci="3" mb="0" cb="0"/><line nr="44" mi="3" ci="0" mb="2" cb="0"/><line nr="46" mi="15" ci="0" mb="0" cb="0"/><line nr="50" mi="3" ci="0" mb="0" cb="0"/><line nr="52" mi="1" ci="0" mb="0" cb="0"/><line nr="62" mi="0" ci="2" mb="0" cb="0"/><line nr="63" mi="0" ci="6" mb="0" cb="0"/><line nr="64" mi="0" ci="1" mb="0" cb="0"/><line nr="76" mi="0" ci="4" mb="0" cb="0"/><line nr="77" mi="0" ci="6" mb="0" cb="0"/><line nr="90" mi="3" ci="0" mb="0" cb="0"/><line nr="91" mi="4" ci="0" mb="0" cb="0"/><line nr="92" mi="7" ci="0" mb="0" cb="0"/><line nr="93" mi="8" ci="0" mb="0" cb="0"/><line nr="94" mi="5" ci="0" mb="0" cb="0"/><line nr="107" mi="4" ci="0" mb="0" cb="0"/><line nr="109" mi="25" ci="0" mb="0" cb="0"/><line nr="110" mi="5" ci="0" mb="0" cb="0"/><line nr="111" mi="5" ci="0" mb="0" cb="0"/><line nr="113" mi="3" ci="0" mb="2" cb="0"/><line nr="115" mi="8" ci="0" mb="0" cb="0"/><line nr="117" mi="96" ci="0" mb="24" cb="0"/><line nr="118" mi="1" ci="0" mb="0" cb="0"/><line nr="120" mi="2" ci="0" mb="0" cb="0"/><line nr="121" mi="1" ci="0" mb="0" cb="0"/><line nr="123" mi="5" ci="0" mb="0" cb="0"/><line nr="159" mi="0" ci="4" mb="0" cb="0"/><line nr="160" mi="0" ci="5" mb="0" cb="0"/><line nr="161" mi="0" ci="2" mb="0" cb="0"/><line nr="180" mi="0" ci="2" mb="0" cb="0"/><line nr="181" mi="0" ci="4" mb="0" cb="0"/><line nr="182" mi="0" ci="7" mb="0" cb="0"/><line nr="183" mi="0" ci="1" mb="0" cb="0"/><line nr="200" mi="4" ci="0" mb="0" cb="0"/><line nr="201" mi="4" ci="0" mb="0" cb="0"/><line nr="202" mi="5" ci="0" mb="0" cb="0"/><line nr="203" mi="6" ci="0" mb="0" cb="0"/><line nr="204" mi="2" ci="0" mb="0" cb="0"/><line nr="220" mi="0" ci="4" mb="0" cb="0"/><line nr="221" mi="0" ci="5" mb="0" cb="0"/><line nr="222" mi="0" ci="2" mb="0" cb="0"/><line nr="239" mi="4" ci="0" mb="0" cb="0"/><line nr="240" mi="4" ci="0" mb="0" cb="0"/><line nr="241" mi="4" ci="0" mb="0" cb="0"/><line nr="242" mi="5" ci="0" mb="0" cb="0"/><line nr="243" mi="7" ci="0" mb="0" cb="0"/><line nr="244" mi="2" ci="0" mb="0" cb="0"/><line nr="261" mi="4" ci="0" mb="0" cb="0"/><line nr="262" mi="4" ci="0" mb="0" cb="0"/><line nr="263" mi="4" ci="0" mb="0" cb="0"/><line nr="264" mi="5" ci="0" mb="0" cb="0"/><line nr="265" mi="7" ci="0" mb="0" cb="0"/><line nr="266" mi="2" ci="0" mb="0" cb="0"/><line nr="278" mi="0" ci="4" mb="0" cb="0"/><line nr="279" mi="0" ci="5" mb="0" cb="0"/><line nr="280" mi="0" ci="5" mb="0" cb="0"/><line nr="281" mi="0" ci="2" mb="0" cb="0"/><line nr="293" mi="5" ci="0" mb="0" cb="0"/><line nr="294" mi="2" ci="0" mb="0" cb="0"/><line nr="304" mi="0" ci="3" mb="0" cb="0"/><line nr="305" mi="0" ci="3" mb="0" cb="0"/><line nr="306" mi="0" ci="3" mb="0" cb="0"/><line nr="307" mi="0" ci="2" mb="0" cb="0"/><counter type="INSTRUCTION" missed="284" covered="85"/><counter type="BRANCH" missed="28" covered="0"/><counter type="LINE" missed="39" covered="24"/><counter type="COMPLEXITY" missed="22" covered="8"/><counter type="METHOD" missed="8" covered="8"/><counter type="CLASS" missed="0" covered="2"/></sourcefile><counter type="INSTRUCTION" missed="497" covered="1769"/><counter type="BRANCH" missed="72" covered="184"/><counter type="LINE" missed="59" covered="356"/><counter type="COMPLEXITY" missed="59" covered="213"/><counter type="METHOD" missed="14" covered="125"/><counter type="CLASS" missed="0" covered="7"/></package><counter type="INSTRUCTION" missed="1260" covered="6852"/><counter type="BRANCH" missed="171" covered="563"/><counter type="LINE" missed="227" covered="1277"/><counter type="COMPLEXITY" missed="177" covered="555"/><counter type="METHOD" missed="59" covered="292"/><counter type="CLASS" missed="3" covered="27"/></report>